Reading pref.tcl

# 2021.1

# vsim -c work_regression.lsu_slice_tb_v2 -sv_seed 5 "+SEED=5" "+NUM_OPS=500" -do "run -all; quit -f" 
# Start time: 04:10:32 on Jun 22,2026
# ** Note: (vsim-8009) Loading existing optimized design _opt
# //  Questa Sim-64
# //  Version 2021.1 win64 Jan 19 2021
# //
# //  Copyright 1991-2021 Mentor Graphics Corporation
# //  All Rights Reserved.
# //
# //  QuestaSim and its associated documentation contain trade
# //  secrets and commercial or financial information that are the property of
# //  Mentor Graphics Corporation and are privileged, confidential,
# //  and exempt from disclosure under the Freedom of Information Act,
# //  5 U.S.C. Section 552. Furthermore, this information
# //  is prohibited from disclosure under the Trade Secrets Act,
# //  18 U.S.C. Section 1905.
# //
# Loading sv_std.std
# Loading work.VX_gpu_pkg(fast)
# Loading work.lsu_sequence_item_pkg(fast)
# Loading work.lsu_scoreboard_pkg(fast)
# Loading work.lsu_monitor_pkg(fast)
# Loading work.vx_lsu_slice_tb_v2_sv_unit(fast)
# Loading work.lsu_slice_tb_v2(fast)
# Loading work.VX_lsu_slice(fast)
# Loading work.VX_elastic_buffer(fast__3)
# Loading work.VX_elastic_buffer(fast__4)
# Loading work.VX_stream_arb(fast)
# Loading work.lsu_mem_model_rand_sv_unit(fast)
# Loading work.lsu_mem_model_rand(fast)
# run -all
# [75] [PASS] STORE lane=0 addr=0x100 data=0xdeadbeef op=0xa R:1 W:0
# [165] [PASS] LOAD lane=0 addr=0x100 data=0xdeadbeef exp=0xdeadbeef op=0x2 R:2 W:0
# [175] [PASS] STORE lane=1 addr=0x108 data=0x8001 op=0x9 R:3 W:0
# [295] [PASS] LOAD lane=1 addr=0x108 data=0xffff8001 exp=0xffff8001 op=0x1 R:4 W:0
# [355] [PASS] LOAD lane=1 addr=0x108 data=0x8001 exp=0x8001 op=0x5 R:5 W:0
# [365] [PASS] STORE lane=2 addr=0x10c data=0x80 op=0x8 R:6 W:0
# [425] [PASS] LOAD lane=2 addr=0x10c data=0xffffff80 exp=0xffffff80 op=0x0 R:7 W:0
# [485] [PASS] LOAD lane=2 addr=0x10c data=0x80 exp=0x80 op=0x4 R:8 W:0
# [495] [PASS] STORE lane=3 addr=0x3f8 data=0xa5a5a5a5 op=0xa R:9 W:0
# [615] [PASS] LOAD lane=3 addr=0x3f8 data=0xa5a5a5a5 exp=0xa5a5a5a5 op=0x2 R:10 W:0
# [625] [PASS] STORE lane=0 addr=0x3fc data=0xf00f op=0x9 R:11 W:0
# [705] [PASS] LOAD lane=0 addr=0x3fc data=0xfffff00f exp=0xfffff00f op=0x1 R:12 W:0
# [715] [PASS] STORE lane=1 addr=0x3ff data=0xff op=0x8 R:13 W:0
# [805] [PASS] LOAD lane=1 addr=0x3ff data=0xff exp=0xff op=0x4 R:14 W:0
# [815] [PASS] STORE lane=0 addr=0x500 data=0x11110000 op=0xa R:15 W:0
# [935] [PASS] LOAD lane=0 addr=0x500 data=0x11110000 exp=0x11110000 op=0x2 R:16 W:0
# [945] [PASS] STORE lane=0 addr=0x502 data=0x8080 op=0x9 R:17 W:0
# [1045] [PASS] LOAD lane=0 addr=0x502 data=0xffff8080 exp=0xffff8080 op=0x1 R:18 W:0
# [1175] [PASS] LOAD lane=0 addr=0x502 data=0x8080 exp=0x8080 op=0x5 R:19 W:0
# [1185] [PASS] STORE lane=0 addr=0x501 data=0x80 op=0x8 R:20 W:0
# [1295] [PASS] LOAD lane=0 addr=0x501 data=0xffffff80 exp=0xffffff80 op=0x0 R:21 W:0
# [1445] [PASS] LOAD lane=0 addr=0x501 data=0x80 exp=0x80 op=0x4 R:22 W:0
# [1455] [PASS] STORE lane=1 addr=0x510 data=0x10100101 op=0xa R:23 W:0
# [1535] [PASS] LOAD lane=1 addr=0x510 data=0x10100101 exp=0x10100101 op=0x2 R:24 W:0
# [1545] [PASS] STORE lane=1 addr=0x512 data=0x8081 op=0x9 R:25 W:0
# [1625] [PASS] LOAD lane=1 addr=0x512 data=0xffff8081 exp=0xffff8081 op=0x1 R:26 W:0
# [1755] [PASS] LOAD lane=1 addr=0x512 data=0x8081 exp=0x8081 op=0x5 R:27 W:0
# [1765] [PASS] STORE lane=1 addr=0x511 data=0x81 op=0x8 R:28 W:0
# [1845] [PASS] LOAD lane=1 addr=0x511 data=0xffffff81 exp=0xffffff81 op=0x0 R:29 W:0
# [1945] [PASS] LOAD lane=1 addr=0x511 data=0x81 exp=0x81 op=0x4 R:30 W:0
# [1955] [PASS] STORE lane=2 addr=0x520 data=0x13130202 op=0xa R:31 W:0
# [2065] [PASS] LOAD lane=2 addr=0x520 data=0x13130202 exp=0x13130202 op=0x2 R:32 W:0
# [2075] [PASS] STORE lane=2 addr=0x522 data=0x8082 op=0x9 R:33 W:0
# [2165] [PASS] LOAD lane=2 addr=0x522 data=0xffff8082 exp=0xffff8082 op=0x1 R:34 W:0
# [2245] [PASS] LOAD lane=2 addr=0x522 data=0x8082 exp=0x8082 op=0x5 R:35 W:0
# [2255] [PASS] STORE lane=2 addr=0x521 data=0x82 op=0x8 R:36 W:0
# [2355] [PASS] LOAD lane=2 addr=0x521 data=0xffffff82 exp=0xffffff82 op=0x0 R:37 W:0
# [2455] [PASS] LOAD lane=2 addr=0x521 data=0x82 exp=0x82 op=0x4 R:38 W:0
# [2465] [PASS] STORE lane=3 addr=0x530 data=0x12120303 op=0xa R:39 W:0
# [2585] [PASS] LOAD lane=3 addr=0x530 data=0x12120303 exp=0x12120303 op=0x2 R:40 W:0
# [2595] [PASS] STORE lane=3 addr=0x532 data=0x8083 op=0x9 R:41 W:0
# [2725] [PASS] LOAD lane=3 addr=0x532 data=0xffff8083 exp=0xffff8083 op=0x1 R:42 W:0
# [2825] [PASS] LOAD lane=3 addr=0x532 data=0x8083 exp=0x8083 op=0x5 R:43 W:0
# [2835] [PASS] STORE lane=3 addr=0x531 data=0x83 op=0x8 R:44 W:0
# [2925] [PASS] LOAD lane=3 addr=0x531 data=0xffffff83 exp=0xffffff83 op=0x0 R:45 W:0
# [3055] [PASS] LOAD lane=3 addr=0x531 data=0x83 exp=0x83 op=0x4 R:46 W:0
# [3065] [PASS] STORE lane=0 addr=0x700 data=0xa5000000 op=0xa R:47 W:0
# [3225] [PASS] LOAD lane=0 addr=0x700 data=0xa5000000 exp=0xa5000000 op=0x2 R:48 W:0
# [3235] [PASS] STORE lane=0 addr=0x700 data=0x5a000000 op=0xa R:49 W:0
# [3405] [PASS] LOAD lane=0 addr=0x700 data=0x5a000000 exp=0x5a000000 op=0x2 R:50 W:0
# [3415] [PASS] STORE lane=1 addr=0x708 data=0xa5000001 op=0xa R:51 W:0
# [3585] [PASS] LOAD lane=1 addr=0x708 data=0xa5000001 exp=0xa5000001 op=0x2 R:52 W:0
# [3595] [PASS] STORE lane=1 addr=0x708 data=0x5a000001 op=0xa R:53 W:0
# [3775] [PASS] LOAD lane=1 addr=0x708 data=0x5a000001 exp=0x5a000001 op=0x2 R:54 W:0
# [3785] [PASS] STORE lane=2 addr=0x710 data=0xa5000002 op=0xa R:55 W:0
# [3945] [PASS] LOAD lane=2 addr=0x710 data=0xa5000002 exp=0xa5000002 op=0x2 R:56 W:0
# [3955] [PASS] STORE lane=2 addr=0x710 data=0x5a000002 op=0xa R:57 W:0
# [4125] [PASS] LOAD lane=2 addr=0x710 data=0x5a000002 exp=0x5a000002 op=0x2 R:58 W:0
# [4135] [PASS] STORE lane=3 addr=0x718 data=0xa5000003 op=0xa R:59 W:0
# [4275] [PASS] LOAD lane=3 addr=0x718 data=0xa5000003 exp=0xa5000003 op=0x2 R:60 W:0
# [4285] [PASS] STORE lane=3 addr=0x718 data=0x5a000003 op=0xa R:61 W:0
# [4405] [PASS] LOAD lane=3 addr=0x718 data=0x5a000003 exp=0x5a000003 op=0x2 R:62 W:0
# [4525] [PASS] LOAD lane=3 addr=0xaa8 data=0x0 exp=0x0 op=0x2 R:63 W:0
# [4685] [PASS] LOAD lane=3 addr=0xb18 data=0x0 exp=0x0 op=0x2 R:64 W:0
# [4765] [PASS] LOAD lane=0 addr=0x1f4 data=0x0 exp=0x0 op=0x2 R:65 W:0
# [4835] [PASS] LOAD lane=2 addr=0x548 data=0x0 exp=0x0 op=0x5 R:66 W:0
# [4955] [PASS] LOAD lane=3 addr=0x210 data=0x0 exp=0x0 op=0x5 R:67 W:0
# [5075] [PASS] LOAD lane=0 addr=0x80c data=0x0 exp=0x0 op=0x2 R:68 W:0
# [5085] [PASS] STORE lane=0 addr=0x1c5 data=0xeb9a8113 op=0x8 R:69 W:0
# [5095] [PASS] STORE lane=0 addr=0x15b data=0x43f8059d op=0x8 R:70 W:0
# [5115] [PASS] STORE lane=3 addr=0x10 data=0x482504f4 op=0x8 R:71 W:0
# [5265] [PASS] LOAD lane=3 addr=0x470 data=0x0 exp=0x0 op=0x2 R:72 W:0
# [5445] [PASS] LOAD lane=0 addr=0x2c9 data=0x0 exp=0x0 op=0x4 R:73 W:0
# [5455] [PASS] STORE lane=3 addr=0x7fc data=0xe07bd5eb op=0x9 R:74 W:0
# [5575] [PASS] LOAD lane=3 addr=0x327 data=0x0 exp=0x0 op=0x4 R:75 W:0
# [5685] [PASS] LOAD lane=0 addr=0x6 data=0x0 exp=0x0 op=0x5 R:76 W:0
# [5775] [PASS] LOAD lane=3 addr=0x2aa data=0x0 exp=0x0 op=0x0 R:77 W:0
# [5785] [PASS] STORE lane=1 addr=0x614 data=0xa1bd4647 op=0xa R:78 W:0
# [5875] [PASS] LOAD lane=3 addr=0x434 data=0x0 exp=0x0 op=0x5 R:79 W:0
# [5935] [PASS] LOAD lane=0 addr=0x424 data=0x0 exp=0x0 op=0x2 R:80 W:0
# [6015] [PASS] LOAD lane=2 addr=0xa24 data=0x0 exp=0x0 op=0x2 R:81 W:0
# [6095] [PASS] LOAD lane=1 addr=0x3c0 data=0x0 exp=0x0 op=0x0 R:82 W:0
# [6105] [PASS] STORE lane=2 addr=0x196 data=0x48b99783 op=0x8 R:83 W:0
# [6195] [PASS] LOAD lane=2 addr=0x39b data=0x0 exp=0x0 op=0x4 R:84 W:0
# [6335] [PASS] LOAD lane=3 addr=0xcc data=0x0 exp=0x0 op=0x1 R:85 W:0
# [6455] [PASS] LOAD lane=3 addr=0x46c data=0x0 exp=0x0 op=0x2 R:86 W:0
# [6465] [PASS] STORE lane=1 addr=0x309 data=0x43d64f5 op=0x8 R:87 W:0
# [6615] [PASS] LOAD lane=0 addr=0x4d4 data=0x0 exp=0x0 op=0x2 R:88 W:0
# [6695] [PASS] LOAD lane=1 addr=0x7fa data=0x0 exp=0x0 op=0x1 R:89 W:0
# [6705] [PASS] STORE lane=1 addr=0x220 data=0x579a8db5 op=0x9 R:90 W:0
# [6845] [PASS] STORE lane=2 addr=0x988 data=0xf168b2fb op=0xa R:91 W:0
# [6945] [PASS] LOAD lane=3 addr=0x488 data=0x0 exp=0x0 op=0x2 R:92 W:0
# [6955] [PASS] STORE lane=3 addr=0x58c data=0xf877a9da op=0xa R:93 W:0
# [7035] [PASS] LOAD lane=1 addr=0x7cc data=0x0 exp=0x0 op=0x2 R:94 W:0
# [7175] [PASS] LOAD lane=3 addr=0x230 data=0x0 exp=0x0 op=0x0 R:95 W:0
# [7255] [PASS] LOAD lane=0 addr=0x878 data=0x0 exp=0x0 op=0x2 R:96 W:0
# [7265] [PASS] STORE lane=3 addr=0x38e data=0x56ecada6 op=0x8 R:97 W:0
# [7485] [PASS] LOAD lane=0 addr=0x3bb data=0x0 exp=0x0 op=0x4 R:98 W:0
# [7495] [PASS] STORE lane=1 addr=0x70 data=0x3af3db38 op=0xa R:99 W:0
# [7505] [PASS] STORE lane=1 addr=0xc data=0xb0f225a9 op=0xa R:100 W:0
# [7595] [PASS] LOAD lane=3 addr=0x294 data=0x0 exp=0x0 op=0x1 R:101 W:0
# [7685] [PASS] LOAD lane=3 addr=0x3b5 data=0x0 exp=0x0 op=0x0 R:102 W:0
# [7695] [PASS] STORE lane=1 addr=0x175 data=0x162340a2 op=0x8 R:103 W:0
# [7705] [PASS] STORE lane=3 addr=0x988 data=0x2e184c3c op=0xa R:104 W:0
# [7715] [PASS] STORE lane=1 addr=0x7d4 data=0xbfc20c09 op=0x9 R:105 W:0
# [7865] [PASS] LOAD lane=1 addr=0x79c data=0x0 exp=0x0 op=0x1 R:106 W:0
# [7995] [PASS] LOAD lane=1 addr=0x95 data=0x0 exp=0x0 op=0x0 R:107 W:0
# [8005] [PASS] STORE lane=0 addr=0x9d data=0x3e7c0ee3 op=0x8 R:108 W:0
# [8015] [PASS] STORE lane=3 addr=0x164 data=0x500f6025 op=0x8 R:109 W:0
# [8135] [PASS] LOAD lane=1 addr=0x231 data=0x0 exp=0x0 op=0x0 R:110 W:0
# [8215] [PASS] LOAD lane=0 addr=0x1b5 data=0x0 exp=0x0 op=0x0 R:111 W:0
# [8325] [PASS] LOAD lane=3 addr=0x26e data=0x0 exp=0x0 op=0x5 R:112 W:0
# [8475] [PASS] LOAD lane=0 addr=0x34c data=0x0 exp=0x0 op=0x5 R:113 W:0
# [8545] [PASS] LOAD lane=0 addr=0x66a data=0x0 exp=0x0 op=0x1 R:114 W:0
# [8555] [PASS] STORE lane=1 addr=0x6e4 data=0xc71cafb3 op=0xa R:115 W:0
# [8565] [PASS] STORE lane=2 addr=0x297 data=0x6fc83d53 op=0x8 R:116 W:0
# [8685] [PASS] LOAD lane=2 addr=0xbd0 data=0x0 exp=0x0 op=0x2 R:117 W:0
# [8745] [PASS] LOAD lane=2 addr=0xb0c data=0x0 exp=0x0 op=0x2 R:118 W:0
# [8755] [PASS] STORE lane=0 addr=0x94 data=0x4bdc62c5 op=0x9 R:119 W:0
# [8815] [PASS] LOAD lane=2 addr=0x2aa data=0x0 exp=0x0 op=0x5 R:120 W:0
# [8955] [PASS] LOAD lane=2 addr=0xc28 data=0x0 exp=0x0 op=0x2 R:121 W:0
# [9035] [PASS] LOAD lane=3 addr=0x16c data=0x0 exp=0x0 op=0x0 R:122 W:0
# [9165] [PASS] LOAD lane=0 addr=0x266 data=0x0 exp=0x0 op=0x5 R:123 W:0
# [9245] [PASS] LOAD lane=0 addr=0xf64 data=0x0 exp=0x0 op=0x2 R:124 W:0
# [9435] [PASS] LOAD lane=0 addr=0x606 data=0x0 exp=0x0 op=0x1 R:125 W:0
# [9585] [PASS] LOAD lane=0 addr=0x20c data=0x0 exp=0x0 op=0x0 R:126 W:0
# [9595] [PASS] STORE lane=3 addr=0x2ae data=0x5d163bef op=0x9 R:127 W:0
# [9705] [PASS] LOAD lane=2 addr=0x330 data=0x0 exp=0x0 op=0x1 R:128 W:0
# [9805] [PASS] LOAD lane=0 addr=0x5d6 data=0x0 exp=0x0 op=0x1 R:129 W:0
# [9815] [PASS] STORE lane=2 addr=0x21b data=0xdda44f6b op=0x8 R:130 W:0
# [9875] [PASS] LOAD lane=2 addr=0x31d data=0x0 exp=0x0 op=0x4 R:131 W:0
# [9965] [PASS] LOAD lane=3 addr=0x442 data=0x0 exp=0x0 op=0x5 R:132 W:0
# [10095] [PASS] LOAD lane=0 addr=0x93 data=0x0 exp=0x0 op=0x4 R:133 W:0
# [10225] [PASS] LOAD lane=3 addr=0x3bf data=0x0 exp=0x0 op=0x0 R:134 W:0
# [10235] [PASS] STORE lane=1 addr=0x68 data=0x3debce43 op=0x9 R:135 W:0
# [10245] [PASS] STORE lane=2 addr=0x4d2 data=0x1593b94b op=0x9 R:136 W:0
# [10255] [PASS] STORE lane=1 addr=0x620 data=0x69708a30 op=0xa R:137 W:0
# [10265] [PASS] STORE lane=3 addr=0x5e data=0x5f3459a7 op=0x8 R:138 W:0
# [10395] [PASS] LOAD lane=1 addr=0x540 data=0x0 exp=0x0 op=0x2 R:139 W:0
# [10555] [PASS] LOAD lane=3 addr=0x5a6 data=0x0 exp=0x0 op=0x5 R:140 W:0
# [10645] [PASS] LOAD lane=2 addr=0x1d9 data=0x0 exp=0x0 op=0x4 R:141 W:0
# [10705] [PASS] LOAD lane=2 addr=0x2c data=0x0 exp=0x0 op=0x5 R:142 W:0
# [10715] [PASS] STORE lane=2 addr=0x5f6 data=0xbce5d598 op=0x9 R:143 W:0
# [10805] [PASS] STORE lane=3 addr=0x686 data=0xd8bed6bd op=0x9 R:144 W:0
# [10885] [PASS] LOAD lane=3 addr=0x214 data=0x0 exp=0x0 op=0x4 R:145 W:0
# [10965] [PASS] LOAD lane=3 addr=0x239 data=0x0 exp=0x0 op=0x4 R:146 W:0
# [11115] [PASS] LOAD lane=0 addr=0x2ed data=0x0 exp=0x0 op=0x4 R:147 W:0
# [11125] [PASS] STORE lane=3 addr=0xcc0 data=0x2abe26b2 op=0xa R:148 W:0
# [11205] [PASS] LOAD lane=2 addr=0x6ea data=0x0 exp=0x0 op=0x5 R:149 W:0
# [11215] [PASS] STORE lane=1 addr=0x3a2 data=0xa0932db3 op=0x8 R:150 W:0
# [11305] [PASS] LOAD lane=1 addr=0x3fc data=0xff00f00f exp=0xff00f00f op=0x2 R:151 W:0
# [11385] [PASS] LOAD lane=0 addr=0x8fc data=0x0 exp=0x0 op=0x2 R:152 W:0
# [11515] [PASS] LOAD lane=0 addr=0x1d5 data=0x0 exp=0x0 op=0x4 R:153 W:0
# [11665] [PASS] LOAD lane=3 addr=0xa28 data=0x0 exp=0x0 op=0x2 R:154 W:0
# [11675] [PASS] STORE lane=0 addr=0x39a data=0xc14d1fdf op=0x9 R:155 W:0
# [11685] [PASS] STORE lane=2 addr=0x70 data=0x5642dbd3 op=0x9 R:156 W:0
# [11775] [PASS] LOAD lane=1 addr=0xc58 data=0x0 exp=0x0 op=0x2 R:157 W:0
# [11785] [PASS] STORE lane=2 addr=0x268 data=0xb4448bd5 op=0x8 R:158 W:0
# [11795] [PASS] STORE lane=1 addr=0x1ac data=0x21034236 op=0x9 R:159 W:0
# [11805] [PASS] STORE lane=2 addr=0xe98 data=0xd154cfc5 op=0xa R:160 W:0
# [11815] [PASS] STORE lane=0 addr=0x10c data=0xc9246df0 op=0x9 R:161 W:0
# [11955] [PASS] LOAD lane=2 addr=0x54a data=0x0 exp=0x0 op=0x1 R:162 W:0
# [11965] [PASS] STORE lane=3 addr=0x360 data=0x19be2e38 op=0x8 R:163 W:0
# [11975] [PASS] STORE lane=0 addr=0x3ca data=0xc8cf71c6 op=0x9 R:164 W:0
# [11985] [PASS] STORE lane=1 addr=0x5bc data=0x9c022ddc op=0xa R:165 W:0
# [12065] [PASS] LOAD lane=1 addr=0x292 data=0x0 exp=0x0 op=0x0 R:166 W:0
# [12205] [PASS] LOAD lane=2 addr=0x3aa data=0x0 exp=0x0 op=0x5 R:167 W:0
# [12295] [PASS] LOAD lane=2 addr=0xcf data=0x0 exp=0x0 op=0x0 R:168 W:0
# [12405] [PASS] LOAD lane=2 addr=0x390 data=0x0 exp=0x0 op=0x1 R:169 W:0
# [12505] [PASS] LOAD lane=1 addr=0x6a4 data=0x0 exp=0x0 op=0x5 R:170 W:0
# [12615] [PASS] LOAD lane=1 addr=0xf5c data=0x0 exp=0x0 op=0x2 R:171 W:0
# [12625] [PASS] STORE lane=2 addr=0x312 data=0x740f0b3 op=0x8 R:172 W:0
# [12635] [PASS] STORE lane=2 addr=0x792 data=0xc7857b93 op=0x9 R:173 W:0
# [12645] [PASS] STORE lane=0 addr=0x520 data=0x381ecc48 op=0xa R:174 W:0
# [12745] [PASS] LOAD lane=1 addr=0x908 data=0x0 exp=0x0 op=0x2 R:175 W:0
# [12755] [PASS] STORE lane=1 addr=0x2f1 data=0x41bf735 op=0x8 R:176 W:0
# [12765] [PASS] STORE lane=1 addr=0x2f0 data=0xe6349730 op=0x9 R:177 W:0
# [12925] [PASS] LOAD lane=3 addr=0x56 data=0x0 exp=0x0 op=0x5 R:178 W:0
# [12935] [PASS] STORE lane=2 addr=0x216 data=0xf6b42067 op=0x9 R:179 W:0
# [13105] [PASS] LOAD lane=1 addr=0x53e data=0x0 exp=0x0 op=0x5 R:180 W:0
# [13195] [PASS] LOAD lane=3 addr=0x250 data=0x0 exp=0x0 op=0x0 R:181 W:0
# [13275] [PASS] LOAD lane=0 addr=0x31e data=0x0 exp=0x0 op=0x1 R:182 W:0
# [13385] [PASS] LOAD lane=0 addr=0x366 data=0x0 exp=0x0 op=0x4 R:183 W:0
# [13525] [PASS] LOAD lane=2 addr=0x8dc data=0x0 exp=0x0 op=0x2 R:184 W:0
# [13535] [PASS] STORE lane=1 addr=0x614 data=0x4b1d4e78 op=0x9 R:185 W:0
# [13625] [PASS] LOAD lane=1 addr=0x2d6 data=0x0 exp=0x0 op=0x1 R:186 W:0
# [13635] [PASS] STORE lane=1 addr=0x2fb data=0x58221736 op=0x8 R:187 W:0
# [13775] [PASS] STORE lane=3 addr=0x2c0 data=0xa89bb0f7 op=0x9 R:188 W:0
# [13875] [PASS] LOAD lane=1 addr=0x2fc data=0x0 exp=0x0 op=0x4 R:189 W:0
# [13885] [PASS] STORE lane=2 addr=0x2f9 data=0xa22960d op=0x8 R:190 W:0
# [13895] [PASS] STORE lane=0 addr=0x1e8 data=0x345f71cb op=0x8 R:191 W:0
# [14025] [PASS] LOAD lane=0 addr=0x494 data=0x0 exp=0x0 op=0x1 R:192 W:0
# [14135] [PASS] LOAD lane=1 addr=0x3e0 data=0x0 exp=0x0 op=0x0 R:193 W:0
# [14275] [PASS] LOAD lane=1 addr=0x28c data=0x0 exp=0x0 op=0x0 R:194 W:0
# [14355] [PASS] LOAD lane=0 addr=0x22c data=0x0 exp=0x0 op=0x2 R:195 W:0
# [14475] [PASS] LOAD lane=3 addr=0x3cd data=0x0 exp=0x0 op=0x0 R:196 W:0
# [14595] [PASS] LOAD lane=0 addr=0x1d3 data=0x0 exp=0x0 op=0x0 R:197 W:0
# [14695] [PASS] LOAD lane=3 addr=0x31c data=0x0 exp=0x0 op=0x5 R:198 W:0
# [14705] [PASS] STORE lane=0 addr=0x5ea data=0x61f45a53 op=0x9 R:199 W:0
# [14835] [PASS] LOAD lane=1 addr=0x97c data=0x0 exp=0x0 op=0x2 R:200 W:0
# [14845] [PASS] STORE lane=0 addr=0xce8 data=0xbc65d09 op=0xa R:201 W:0
# [14985] [PASS] LOAD lane=0 addr=0x28d data=0x0 exp=0x0 op=0x0 R:202 W:0
# [15115] [PASS] LOAD lane=0 addr=0x336 data=0x0 exp=0x0 op=0x4 R:203 W:0
# [15265] [PASS] LOAD lane=2 addr=0x646 data=0x0 exp=0x0 op=0x1 R:204 W:0
# [15365] [PASS] LOAD lane=0 addr=0x35e data=0x0 exp=0x0 op=0x0 R:205 W:0
# [15435] [PASS] LOAD lane=3 addr=0x153 data=0x0 exp=0x0 op=0x4 R:206 W:0
# [15575] [PASS] LOAD lane=2 addr=0x2cf data=0x0 exp=0x0 op=0x0 R:207 W:0
# [15585] [PASS] STORE lane=1 addr=0x284 data=0x2698c653 op=0xa R:208 W:0
# [15725] [PASS] LOAD lane=3 addr=0x3fb data=0xa5 exp=0xa5 op=0x4 R:209 W:0
# [15735] [PASS] STORE lane=1 addr=0x7a2 data=0xab4779 op=0x9 R:210 W:0
# [15885] [PASS] LOAD lane=0 addr=0x3f6 data=0x0 exp=0x0 op=0x4 R:211 W:0
# [15975] [PASS] LOAD lane=2 addr=0xf3 data=0x0 exp=0x0 op=0x4 R:212 W:0
# [16085] [PASS] LOAD lane=2 addr=0x108 data=0x8001 exp=0x8001 op=0x2 R:213 W:0
# [16165] [PASS] LOAD lane=1 addr=0x1f9 data=0x0 exp=0x0 op=0x4 R:214 W:0
# [16235] [PASS] LOAD lane=3 addr=0x2e2 data=0x0 exp=0x0 op=0x5 R:215 W:0
# [16245] [PASS] STORE lane=1 addr=0x3b8 data=0x7814854e op=0x8 R:216 W:0
# [16255] [PASS] STORE lane=2 addr=0x652 data=0x54a7b497 op=0x9 R:217 W:0
# [16275] [PASS] STORE lane=0 addr=0x79c data=0xe2f2da53 op=0x9 R:218 W:0
# [16435] [PASS] LOAD lane=0 addr=0x2fe data=0x0 exp=0x0 op=0x5 R:219 W:0
# [16445] [PASS] STORE lane=0 addr=0x278 data=0x3e5b834e op=0xa R:220 W:0
# [16605] [PASS] LOAD lane=3 addr=0x1cd data=0x0 exp=0x0 op=0x4 R:221 W:0
# [16725] [PASS] LOAD lane=0 addr=0xb08 data=0x0 exp=0x0 op=0x2 R:222 W:0
# [16735] [PASS] STORE lane=1 addr=0xac4 data=0x467a6222 op=0xa R:223 W:0
# [16745] [PASS] STORE lane=3 addr=0xb9c data=0xde716dbb op=0xa R:224 W:0
# [16755] [PASS] STORE lane=1 addr=0x214 data=0xf45bd19a op=0xa R:225 W:0
# [16825] [PASS] LOAD lane=1 addr=0x20d data=0x0 exp=0x0 op=0x0 R:226 W:0
# [16965] [PASS] LOAD lane=1 addr=0x361 data=0x0 exp=0x0 op=0x4 R:227 W:0
# [16975] [PASS] STORE lane=3 addr=0x752 data=0x17892188 op=0x9 R:228 W:0
# [17105] [PASS] LOAD lane=0 addr=0xf0 data=0x0 exp=0x0 op=0x5 R:229 W:0
# [17115] [PASS] STORE lane=1 addr=0x1ca data=0x4695dbdf op=0x8 R:230 W:0
# [17205] [PASS] LOAD lane=3 addr=0x9e4 data=0x0 exp=0x0 op=0x2 R:231 W:0
# [17215] [PASS] STORE lane=2 addr=0xa3c data=0x9ef94a47 op=0xa R:232 W:0
# [17305] [PASS] STORE lane=3 addr=0xb30 data=0x415f8cbc op=0xa R:233 W:0
# [17445] [PASS] LOAD lane=1 addr=0x1f9 data=0x0 exp=0x0 op=0x4 R:234 W:0
# [17535] [PASS] LOAD lane=0 addr=0x2a data=0x0 exp=0x0 op=0x0 R:235 W:0
# [17675] [PASS] LOAD lane=2 addr=0x140 data=0x0 exp=0x0 op=0x5 R:236 W:0
# [17775] [PASS] LOAD lane=0 addr=0x218 data=0x6b000000 exp=0x6b000000 op=0x2 R:237 W:0
# [17925] [PASS] LOAD lane=1 addr=0xb9 data=0x0 exp=0x0 op=0x0 R:238 W:0
# [18075] [PASS] LOAD lane=0 addr=0x2c1 data=0xb0 exp=0xb0 op=0x4 R:239 W:0
# [18205] [PASS] LOAD lane=1 addr=0x6a6 data=0x0 exp=0x0 op=0x1 R:240 W:0
# [18275] [PASS] LOAD lane=3 addr=0x266 data=0x0 exp=0x0 op=0x0 R:241 W:0
# [18285] [PASS] STORE lane=3 addr=0x224 data=0x5e51beee op=0x8 R:242 W:0
# [18435] [PASS] LOAD lane=0 addr=0x2b0 data=0x0 exp=0x0 op=0x1 R:243 W:0
# [18445] [PASS] STORE lane=0 addr=0x319 data=0x3220bf54 op=0x8 R:244 W:0
# [18565] [PASS] LOAD lane=3 addr=0xc6c data=0x0 exp=0x0 op=0x2 R:245 W:0
# [18695] [PASS] LOAD lane=1 addr=0x2d2 data=0x0 exp=0x0 op=0x4 R:246 W:0
# [18705] [PASS] STORE lane=1 addr=0x273 data=0xf85410ba op=0x8 R:247 W:0
# [18715] [PASS] STORE lane=0 addr=0x44e data=0xacba0f94 op=0x9 R:248 W:0
# [18865] [PASS] LOAD lane=3 addr=0x110 data=0x0 exp=0x0 op=0x1 R:249 W:0
# [18875] [PASS] STORE lane=0 addr=0x680 data=0x2d5213c8 op=0xa R:250 W:0
# [18945] [PASS] LOAD lane=0 addr=0x360 data=0x38 exp=0x38 op=0x2 R:251 W:0
# [18955] [PASS] STORE lane=0 addr=0x52c data=0x8fbd93f9 op=0xa R:252 W:0
# [18965] [PASS] STORE lane=0 addr=0xfa0 data=0x21824c4f op=0xa R:253 W:0
# [18975] [PASS] STORE lane=1 addr=0x722 data=0xeef680b8 op=0x9 R:254 W:0
# [18985] [PASS] STORE lane=1 addr=0x17c data=0x3dbc88f1 op=0x9 R:255 W:0
# [19115] [PASS] LOAD lane=1 addr=0x30f data=0x0 exp=0x0 op=0x4 R:256 W:0
# [19225] [PASS] LOAD lane=0 addr=0x366 data=0x0 exp=0x0 op=0x5 R:257 W:0
# [19235] [PASS] STORE lane=1 addr=0x30 data=0x4cb6250b op=0xa R:258 W:0
# [19245] [PASS] STORE lane=1 addr=0x38c data=0xc82b418e op=0x9 R:259 W:0
# [19375] [PASS] LOAD lane=1 addr=0x131 data=0x0 exp=0x0 op=0x0 R:260 W:0
# [19585] [PASS] LOAD lane=1 addr=0x698 data=0x0 exp=0x0 op=0x1 R:261 W:0
# [19695] [PASS] LOAD lane=1 addr=0x22f data=0x0 exp=0x0 op=0x4 R:262 W:0
# [19825] [PASS] LOAD lane=2 addr=0x57c data=0x0 exp=0x0 op=0x1 R:263 W:0
# [19835] [PASS] STORE lane=1 addr=0x257 data=0xf863b7d7 op=0x8 R:264 W:0
# [19975] [PASS] LOAD lane=2 addr=0x584 data=0x0 exp=0x0 op=0x1 R:265 W:0
# [20075] [PASS] LOAD lane=1 addr=0x778 data=0x0 exp=0x0 op=0x1 R:266 W:0
# [20185] [PASS] LOAD lane=0 addr=0x5c2 data=0x0 exp=0x0 op=0x5 R:267 W:0
# [20265] [PASS] STORE lane=0 addr=0xd6c data=0x967be2c8 op=0xa R:268 W:0
# [20275] [PASS] STORE lane=1 addr=0x20e data=0x1dc99133 op=0x9 R:269 W:0
# [20285] [PASS] STORE lane=1 addr=0xb24 data=0x1f7d61e8 op=0xa R:270 W:0
# [20425] [PASS] LOAD lane=2 addr=0x59e data=0x0 exp=0x0 op=0x5 R:271 W:0
# [20435] [PASS] STORE lane=0 addr=0xf94 data=0xea57c282 op=0xa R:272 W:0
# [20445] [PASS] STORE lane=1 addr=0x264 data=0x19cb3790 op=0x9 R:273 W:0
# [20455] [PASS] STORE lane=0 addr=0x784 data=0x6aa01a40 op=0x9 R:274 W:0
# [20585] [PASS] LOAD lane=2 addr=0x109 data=0xffffff80 exp=0xffffff80 op=0x0 R:275 W:0
# [20655] [PASS] LOAD lane=0 addr=0x2b8 data=0x0 exp=0x0 op=0x2 R:276 W:0
# [20735] [PASS] LOAD lane=3 addr=0x638 data=0x0 exp=0x0 op=0x1 R:277 W:0
# [20745] [PASS] STORE lane=2 addr=0xb80 data=0xfaf36c70 op=0xa R:278 W:0
# [20835] [PASS] LOAD lane=1 addr=0x314 data=0x0 exp=0x0 op=0x0 R:279 W:0
# [20905] [PASS] LOAD lane=3 addr=0x39e data=0x0 exp=0x0 op=0x5 R:280 W:0
# [20915] [PASS] STORE lane=1 addr=0x5c0 data=0x27df096b op=0x9 R:281 W:0
# [20925] [PASS] STORE lane=1 addr=0xd94 data=0xad2690aa op=0xa R:282 W:0
# [20935] [PASS] STORE lane=0 addr=0x240 data=0x427f73bc op=0x8 R:283 W:0
# [20945] [PASS] STORE lane=1 addr=0x2f8 data=0x415780bb op=0xa R:284 W:0
# [21025] [PASS] LOAD lane=1 addr=0x364 data=0x0 exp=0x0 op=0x4 R:285 W:0
# [21035] [PASS] STORE lane=3 addr=0x79a data=0xb249709d op=0x9 R:286 W:0
# [21115] [PASS] LOAD lane=2 addr=0x14e data=0x0 exp=0x0 op=0x4 R:287 W:0
# [21215] [PASS] STORE lane=0 addr=0x6a8 data=0x161f1519 op=0x9 R:288 W:0
# [21365] [PASS] LOAD lane=3 addr=0x83c data=0x0 exp=0x0 op=0x2 R:289 W:0
# [21445] [PASS] LOAD lane=0 addr=0x51e data=0x0 exp=0x0 op=0x1 R:290 W:0
# [21455] [PASS] STORE lane=1 addr=0xe64 data=0xe94c2727 op=0xa R:291 W:0
# [21465] [PASS] STORE lane=0 addr=0xe20 data=0xa48ef32 op=0xa R:292 W:0
# [21595] [PASS] LOAD lane=1 addr=0x376 data=0x0 exp=0x0 op=0x5 R:293 W:0
# [21675] [PASS] LOAD lane=1 addr=0x372 data=0x0 exp=0x0 op=0x1 R:294 W:0
# [21685] [PASS] STORE lane=1 addr=0x78a data=0x5cfaac57 op=0x9 R:295 W:0
# [21785] [PASS] LOAD lane=2 addr=0x1e9 data=0x0 exp=0x0 op=0x0 R:296 W:0
# [21795] [PASS] STORE lane=1 addr=0x101 data=0xb8bbbede op=0x8 R:297 W:0
# [21935] [PASS] LOAD lane=3 addr=0xf data=0xffffffb0 exp=0xffffffb0 op=0x0 R:298 W:0
# [22025] [PASS] LOAD lane=0 addr=0x18e data=0x0 exp=0x0 op=0x1 R:299 W:0
# [22155] [PASS] LOAD lane=2 addr=0x3a2 data=0xb3 exp=0xb3 op=0x1 R:300 W:0
# [22275] [PASS] LOAD lane=2 addr=0x2b7 data=0x0 exp=0x0 op=0x4 R:301 W:0
# [22345] [PASS] LOAD lane=0 addr=0x7c0 data=0x0 exp=0x0 op=0x5 R:302 W:0
# [22485] [PASS] LOAD lane=1 addr=0x56 data=0x0 exp=0x0 op=0x5 R:303 W:0
# [22495] [PASS] STORE lane=0 addr=0x3c4 data=0xf3cfad6d op=0x9 R:304 W:0
# [22605] [PASS] LOAD lane=3 addr=0xf2 data=0x0 exp=0x0 op=0x4 R:305 W:0
# [22715] [PASS] LOAD lane=0 addr=0x308 data=0x0 exp=0x0 op=0x0 R:306 W:0
# [22875] [PASS] LOAD lane=3 addr=0x6e8 data=0x0 exp=0x0 op=0x5 R:307 W:0
# [22885] [PASS] STORE lane=0 addr=0xf6c data=0x1d8f552e op=0xa R:308 W:0
# [23005] [PASS] LOAD lane=1 addr=0x576 data=0x0 exp=0x0 op=0x1 R:309 W:0
# [23095] [PASS] LOAD lane=1 addr=0xec0 data=0x0 exp=0x0 op=0x2 R:310 W:0
# [23105] [PASS] STORE lane=0 addr=0xce data=0xa62bf14 op=0x8 R:311 W:0
# [23115] [PASS] STORE lane=3 addr=0x24 data=0xd2496647 op=0xa R:312 W:0
# [23245] [PASS] LOAD lane=0 addr=0x310 data=0x0 exp=0x0 op=0x5 R:313 W:0
# [23345] [PASS] LOAD lane=3 addr=0x752 data=0x2188 exp=0x2188 op=0x5 R:314 W:0
# [23355] [PASS] STORE lane=3 addr=0xc8c data=0x1d56fbfc op=0xa R:315 W:0
# [23525] [PASS] LOAD lane=0 addr=0x375 data=0x0 exp=0x0 op=0x4 R:316 W:0
# [23655] [PASS] LOAD lane=2 addr=0x180 data=0x0 exp=0x0 op=0x1 R:317 W:0
# [23665] [PASS] STORE lane=3 addr=0x340 data=0x8fb63fec op=0x8 R:318 W:0
# [23675] [PASS] STORE lane=0 addr=0x386 data=0x9b381b72 op=0x8 R:319 W:0
# [23685] [PASS] STORE lane=1 addr=0xd18 data=0x61ab0b5a op=0xa R:320 W:0
# [23695] [PASS] STORE lane=1 addr=0xe18 data=0x9afd760e op=0xa R:321 W:0
# [23775] [PASS] LOAD lane=1 addr=0x15a data=0x0 exp=0x0 op=0x0 R:322 W:0
# [23785] [PASS] STORE lane=0 addr=0x2b4 data=0xba5cced1 op=0x8 R:323 W:0
# [23935] [PASS] LOAD lane=1 addr=0x7d data=0x0 exp=0x0 op=0x0 R:324 W:0
# [23995] [PASS] LOAD lane=0 addr=0x914 data=0x0 exp=0x0 op=0x2 R:325 W:0
# [24065] [PASS] LOAD lane=3 addr=0x5d8 data=0x0 exp=0x0 op=0x2 R:326 W:0
# [24075] [PASS] STORE lane=1 addr=0x20c data=0x8a05ee3b op=0x8 R:327 W:0
# [24085] [PASS] STORE lane=1 addr=0xe5c data=0x89499718 op=0xa R:328 W:0
# [24235] [PASS] LOAD lane=1 addr=0x3f1 data=0x0 exp=0x0 op=0x0 R:329 W:0
# [24245] [PASS] STORE lane=3 addr=0x540 data=0x4ca78a5e op=0x9 R:330 W:0
# [24385] [PASS] LOAD lane=2 addr=0x347 data=0x0 exp=0x0 op=0x0 R:331 W:0
# [24395] [PASS] STORE lane=3 addr=0x608 data=0x34ea8248 op=0xa R:332 W:0
# [24405] [PASS] STORE lane=1 addr=0x2b2 data=0xf8c483e1 op=0x8 R:333 W:0
# [24495] [PASS] LOAD lane=1 addr=0x582 data=0x0 exp=0x0 op=0x5 R:334 W:0
# [24505] [PASS] STORE lane=2 addr=0x4d8 data=0x1f84cb40 op=0xa R:335 W:0
# [24515] [PASS] STORE lane=0 addr=0x496 data=0x26d7b83e op=0x9 R:336 W:0
# [24625] [PASS] LOAD lane=1 addr=0x2ea data=0x0 exp=0x0 op=0x0 R:337 W:0
# [24675] [PASS] STORE lane=1 addr=0x150 data=0x6d24e124 op=0xa R:338 W:0
# [24775] [PASS] LOAD lane=2 addr=0x2a6 data=0x0 exp=0x0 op=0x1 R:339 W:0
# [24785] [PASS] STORE lane=3 addr=0x19f data=0x16309c5f op=0x8 R:340 W:0
# [24845] [PASS] STORE lane=1 addr=0x4bc data=0x40e17604 op=0xa R:341 W:0
# [24945] [PASS] LOAD lane=0 addr=0x2b6 data=0x0 exp=0x0 op=0x0 R:342 W:0
# [25095] [PASS] LOAD lane=0 addr=0x3c6 data=0x0 exp=0x0 op=0x0 R:343 W:0
# [25165] [PASS] LOAD lane=0 addr=0x38 data=0x0 exp=0x0 op=0x5 R:344 W:0
# [25295] [PASS] LOAD lane=3 addr=0x3d1 data=0x0 exp=0x0 op=0x4 R:345 W:0
# [25385] [PASS] LOAD lane=3 addr=0x368 data=0x0 exp=0x0 op=0x2 R:346 W:0
# [25505] [PASS] LOAD lane=0 addr=0x209 data=0x0 exp=0x0 op=0x0 R:347 W:0
# [25625] [PASS] LOAD lane=1 addr=0x79c data=0xda53 exp=0xda53 op=0x2 R:348 W:0
# [25695] [PASS] LOAD lane=2 addr=0x6d4 data=0x0 exp=0x0 op=0x2 R:349 W:0
# [25845] [PASS] LOAD lane=3 addr=0xbc data=0x0 exp=0x0 op=0x0 R:350 W:0
# [26055] [PASS] LOAD lane=0 addr=0x724 data=0x0 exp=0x0 op=0x1 R:351 W:0
# [26265] [PASS] LOAD lane=2 addr=0x4c4 data=0x0 exp=0x0 op=0x2 R:352 W:0
# [26365] [PASS] LOAD lane=0 addr=0x23c data=0x0 exp=0x0 op=0x2 R:353 W:0
# [26495] [PASS] LOAD lane=3 addr=0x152 data=0x6d24 exp=0x6d24 op=0x5 R:354 W:0
# [26505] [PASS] STORE lane=0 addr=0x30 data=0xb85d560e op=0xa R:355 W:0
# [26615] [PASS] LOAD lane=0 addr=0x5a6 data=0x0 exp=0x0 op=0x1 R:356 W:0
# [26695] [PASS] LOAD lane=0 addr=0x3ca data=0xffffffc6 exp=0xffffffc6 op=0x0 R:357 W:0
# [26795] [PASS] LOAD lane=0 addr=0x590 data=0x0 exp=0x0 op=0x5 R:358 W:0
# [26805] [PASS] STORE lane=0 addr=0x20f data=0xf496e60d op=0x8 R:359 W:0
# [26915] [PASS] STORE lane=1 addr=0x54 data=0x1723fbc2 op=0xa R:360 W:0
# [26935] [PASS] STORE lane=2 addr=0x26 data=0x35644c88 op=0x8 R:361 W:0
# [26945] [PASS] STORE lane=2 addr=0x3a data=0xecaeae27 op=0x9 R:362 W:0
# [26965] [PASS] STORE lane=2 addr=0x3c6 data=0xeb87c62f op=0x8 R:363 W:0
# [27105] [PASS] STORE lane=1 addr=0x596 data=0xdb537a8d op=0x9 R:364 W:0
# [27115] [PASS] STORE lane=3 addr=0x1d8 data=0x5d8a17d2 op=0xa R:365 W:0
# [27205] [PASS] LOAD lane=3 addr=0x384 data=0x720000 exp=0x720000 op=0x2 R:366 W:0
# [27285] [PASS] LOAD lane=3 addr=0x2ca data=0x0 exp=0x0 op=0x5 R:367 W:0
# [27425] [PASS] LOAD lane=2 addr=0xb6 data=0x0 exp=0x0 op=0x5 R:368 W:0
# [27545] [PASS] LOAD lane=1 addr=0xe18 data=0x9afd760e exp=0x9afd760e op=0x2 R:369 W:0
# [27645] [PASS] LOAD lane=3 addr=0xb38 data=0x0 exp=0x0 op=0x2 R:370 W:0
# [27785] [PASS] LOAD lane=2 addr=0x28f data=0x0 exp=0x0 op=0x0 R:371 W:0
# [27795] [PASS] STORE lane=2 addr=0x15a data=0xf9d9d76c op=0x9 R:372 W:0
# [27805] [PASS] STORE lane=2 addr=0x298 data=0x7d453b89 op=0x8 R:373 W:0
# [27895] [PASS] LOAD lane=0 addr=0x77e data=0x0 exp=0x0 op=0x5 R:374 W:0
# [27905] [PASS] STORE lane=3 addr=0x56 data=0x7f75543a op=0x8 R:375 W:0
# [27995] [PASS] LOAD lane=0 addr=0x4d0 data=0xb94b0000 exp=0xb94b0000 op=0x2 R:376 W:0
# [28005] [PASS] STORE lane=2 addr=0x15a data=0x4a26166a op=0x8 R:377 W:0
# [28015] [PASS] STORE lane=1 addr=0x7f0 data=0xdbface1a op=0xa R:378 W:0
# [28125] [PASS] LOAD lane=3 addr=0x88 data=0x0 exp=0x0 op=0x2 R:379 W:0
# [28135] [PASS] STORE lane=3 addr=0x17e data=0x289b3621 op=0x9 R:380 W:0
# [28205] [PASS] LOAD lane=3 addr=0x286 data=0xffffff98 exp=0xffffff98 op=0x0 R:381 W:0
# [28325] [PASS] LOAD lane=1 addr=0x2e6 data=0x0 exp=0x0 op=0x4 R:382 W:0
# [28335] [PASS] STORE lane=0 addr=0x104 data=0xdea706a3 op=0x8 R:383 W:0
# [28495] [PASS] LOAD lane=2 addr=0x94 data=0x62c5 exp=0x62c5 op=0x2 R:384 W:0
# [28635] [PASS] STORE lane=2 addr=0x81c data=0xca310b2 op=0xa R:385 W:0
# [28775] [PASS] LOAD lane=3 addr=0x36e data=0x0 exp=0x0 op=0x1 R:386 W:0
# [28785] [PASS] STORE lane=3 addr=0x106 data=0xaabab946 op=0x8 R:387 W:0
# [28925] [PASS] LOAD lane=2 addr=0x23e data=0x0 exp=0x0 op=0x5 R:388 W:0
# [28935] [PASS] STORE lane=2 addr=0x2e0 data=0x18a12677 op=0x8 R:389 W:0
# [29075] [PASS] LOAD lane=0 addr=0xec4 data=0x0 exp=0x0 op=0x2 R:390 W:0
# [29085] [PASS] STORE lane=2 addr=0xa0c data=0x31c17534 op=0xa R:391 W:0
# [29095] [PASS] STORE lane=0 addr=0x2f3 data=0x858555d6 op=0x8 R:392 W:0
# [29105] [PASS] STORE lane=3 addr=0x298 data=0xfaf3d67a op=0x9 R:393 W:0
# [29255] [PASS] LOAD lane=3 addr=0x12f data=0x0 exp=0x0 op=0x4 R:394 W:0
# [29365] [PASS] LOAD lane=3 addr=0x174 data=0xa200 exp=0xa200 op=0x2 R:395 W:0
# [29475] [PASS] LOAD lane=3 addr=0xf6 data=0x0 exp=0x0 op=0x4 R:396 W:0
# [29485] [PASS] STORE lane=2 addr=0x406 data=0x820b0f95 op=0x9 R:397 W:0
# [29585] [PASS] LOAD lane=1 addr=0x28f data=0x0 exp=0x0 op=0x0 R:398 W:0
# [29595] [PASS] STORE lane=0 addr=0x16c data=0xa9c08f6f op=0x9 R:399 W:0
# [29605] [PASS] STORE lane=2 addr=0xd78 data=0xf9cef0be op=0xa R:400 W:0
# [29615] [PASS] STORE lane=1 addr=0x24c data=0x8c5bc00f op=0xa R:401 W:0
# [29745] [PASS] LOAD lane=0 addr=0x343 data=0x0 exp=0x0 op=0x0 R:402 W:0
# [29845] [PASS] LOAD lane=0 addr=0x22c data=0x0 exp=0x0 op=0x2 R:403 W:0
# [29985] [PASS] LOAD lane=1 addr=0x76 data=0x0 exp=0x0 op=0x0 R:404 W:0
# [29995] [PASS] STORE lane=3 addr=0x380 data=0xfb6e498a op=0xa R:405 W:0
# [30085] [PASS] LOAD lane=0 addr=0xb4 data=0x0 exp=0x0 op=0x5 R:406 W:0
# [30205] [PASS] LOAD lane=3 addr=0x4e2 data=0x0 exp=0x0 op=0x1 R:407 W:0
# [30345] [PASS] LOAD lane=2 addr=0x9d data=0xe3 exp=0xe3 op=0x4 R:408 W:0
# [30485] [PASS] LOAD lane=3 addr=0x385 data=0x0 exp=0x0 op=0x0 R:409 W:0
# [30625] [PASS] LOAD lane=3 addr=0x242 data=0x0 exp=0x0 op=0x5 R:410 W:0
# [30735] [PASS] LOAD lane=2 addr=0xfec data=0x0 exp=0x0 op=0x2 R:411 W:0
# [30865] [PASS] LOAD lane=2 addr=0x694 data=0x0 exp=0x0 op=0x5 R:412 W:0
# [30875] [PASS] STORE lane=3 addr=0x6e data=0x4b7cfbb7 op=0x9 R:413 W:0
# [30955] [PASS] STORE lane=1 addr=0x6d0 data=0xb1cfe0c8 op=0xa R:414 W:0
# [30965] [PASS] STORE lane=3 addr=0x312 data=0xa77ba7be op=0x9 R:415 W:0
# [30975] [PASS] STORE lane=2 addr=0x2e3 data=0x859a4262 op=0x8 R:416 W:0
# [31125] [PASS] LOAD lane=1 addr=0x19c data=0x0 exp=0x0 op=0x0 R:417 W:0
# [31135] [PASS] STORE lane=2 addr=0x700 data=0x30c5010d op=0x9 R:418 W:0
# [31145] [PASS] STORE lane=3 addr=0x120 data=0x60eb1864 op=0x8 R:419 W:0
# [31155] [PASS] STORE lane=1 addr=0x3b2 data=0x1dca5fa9 op=0x9 R:420 W:0
# [31165] [PASS] STORE lane=1 addr=0x72 data=0x44c178bc op=0x9 R:421 W:0
# [31255] [PASS] LOAD lane=2 addr=0x121 data=0x0 exp=0x0 op=0x4 R:422 W:0
# [31265] [PASS] STORE lane=0 addr=0x2c8 data=0x5a120e48 op=0xa R:423 W:0
# [31275] [PASS] STORE lane=3 addr=0x38a data=0x53cc8a4c op=0x8 R:424 W:0
# [31395] [PASS] LOAD lane=3 addr=0x9a data=0x0 exp=0x0 op=0x1 R:425 W:0
# [31405] [PASS] STORE lane=3 addr=0xfc0 data=0xd89ab54f op=0xa R:426 W:0
# [31415] [PASS] STORE lane=3 addr=0x12e data=0x58f2c76d op=0x8 R:427 W:0
# [31575] [PASS] LOAD lane=0 addr=0x166 data=0x0 exp=0x0 op=0x5 R:428 W:0
# [31665] [PASS] LOAD lane=2 addr=0x204 data=0x0 exp=0x0 op=0x4 R:429 W:0
# [31755] [PASS] LOAD lane=2 addr=0x36a data=0x0 exp=0x0 op=0x4 R:430 W:0
# [31765] [PASS] STORE lane=2 addr=0x394 data=0xd335952 op=0xa R:431 W:0
# [31835] [PASS] LOAD lane=2 addr=0x1f2 data=0x0 exp=0x0 op=0x0 R:432 W:0
# [31945] [PASS] LOAD lane=0 addr=0x37a data=0x0 exp=0x0 op=0x4 R:433 W:0
# [31955] [PASS] STORE lane=1 addr=0x348 data=0xf8392371 op=0x8 R:434 W:0
# [32045] [PASS] LOAD lane=0 addr=0x116 data=0x0 exp=0x0 op=0x5 R:435 W:0
# [32055] [PASS] STORE lane=1 addr=0x640 data=0x356ea88 op=0xa R:436 W:0
# [32145] [PASS] LOAD lane=3 addr=0x576 data=0x0 exp=0x0 op=0x1 R:437 W:0
# [32265] [PASS] LOAD lane=0 addr=0x28f data=0x0 exp=0x0 op=0x4 R:438 W:0
# [32395] [PASS] LOAD lane=3 addr=0x318 data=0x5400 exp=0x5400 op=0x1 R:439 W:0
# [32505] [PASS] LOAD lane=1 addr=0x128 data=0x0 exp=0x0 op=0x4 R:440 W:0
# [32515] [PASS] STORE lane=3 addr=0x2b8 data=0x76773fb0 op=0x9 R:441 W:0
# [32625] [PASS] LOAD lane=2 addr=0x21e data=0x0 exp=0x0 op=0x0 R:442 W:0
# [32685] [PASS] LOAD lane=1 addr=0x732 data=0x0 exp=0x0 op=0x5 R:443 W:0
# [32785] [PASS] LOAD lane=0 addr=0x58a data=0x0 exp=0x0 op=0x1 R:444 W:0
# [32795] [PASS] STORE lane=3 addr=0x6c8 data=0xc2d77791 op=0xa R:445 W:0
# [32935] [PASS] LOAD lane=3 addr=0x12a data=0x0 exp=0x0 op=0x0 R:446 W:0
# [32945] [PASS] STORE lane=3 addr=0x34e data=0x87b15bee op=0x9 R:447 W:0
# [32955] [PASS] STORE lane=1 addr=0xe30 data=0xa6d3fae5 op=0xa R:448 W:0
# [33025] [PASS] LOAD lane=2 addr=0x1e8 data=0xcb exp=0xcb op=0x1 R:449 W:0
# [33035] [PASS] STORE lane=0 addr=0x7d data=0x8493d588 op=0x8 R:450 W:0
# [33045] [PASS] STORE lane=1 addr=0x2da data=0x501508ea op=0x9 R:451 W:0
# [33195] [PASS] LOAD lane=1 addr=0x798 data=0x0 exp=0x0 op=0x1 R:452 W:0
# [33315] [PASS] LOAD lane=3 addr=0x9c8 data=0x0 exp=0x0 op=0x2 R:453 W:0
# [33325] [PASS] STORE lane=1 addr=0x798 data=0x3ea589f7 op=0xa R:454 W:0
# [33335] [PASS] STORE lane=3 addr=0x934 data=0xd09acf1c op=0xa R:455 W:0
# [33345] [PASS] STORE lane=1 addr=0x60e data=0x4a45fb05 op=0x9 R:456 W:0
# [33495] [PASS] LOAD lane=3 addr=0x19e data=0x0 exp=0x0 op=0x0 R:457 W:0
# [33645] [PASS] LOAD lane=2 addr=0x115 data=0x0 exp=0x0 op=0x4 R:458 W:0
# [33755] [PASS] LOAD lane=2 addr=0x374 data=0x0 exp=0x0 op=0x4 R:459 W:0
# [33765] [PASS] STORE lane=1 addr=0x228 data=0x2e9b472e op=0x9 R:460 W:0
# [33775] [PASS] STORE lane=3 addr=0x73a data=0x3f39ced8 op=0x9 R:461 W:0
# [33785] [PASS] STORE lane=1 addr=0x33e data=0xa86e80fd op=0x9 R:462 W:0
# [33955] [PASS] LOAD lane=2 addr=0x1fd data=0x0 exp=0x0 op=0x0 R:463 W:0
# [33965] [PASS] STORE lane=0 addr=0x798 data=0x8a0023d7 op=0xa R:464 W:0
# [33975] [PASS] STORE lane=1 addr=0x1a0 data=0xd04fc495 op=0x9 R:465 W:0
# [34115] [PASS] LOAD lane=0 addr=0x393 data=0x0 exp=0x0 op=0x0 R:466 W:0
# [34235] [PASS] LOAD lane=3 addr=0x7dc data=0x0 exp=0x0 op=0x5 R:467 W:0
# [34325] [PASS] LOAD lane=0 addr=0x241 data=0x0 exp=0x0 op=0x4 R:468 W:0
# [34335] [PASS] STORE lane=1 addr=0x146 data=0xb5661a50 op=0x9 R:469 W:0
# [34475] [PASS] LOAD lane=1 addr=0x330 data=0x0 exp=0x0 op=0x2 R:470 W:0
# [34485] [PASS] STORE lane=3 addr=0x120 data=0x70761606 op=0x9 R:471 W:0
# [34625] [PASS] LOAD lane=1 addr=0x1 data=0x0 exp=0x0 op=0x0 R:472 W:0
# [34755] [PASS] LOAD lane=2 addr=0xc00 data=0x0 exp=0x0 op=0x2 R:473 W:0
# [34905] [PASS] LOAD lane=1 addr=0x344 data=0x0 exp=0x0 op=0x1 R:474 W:0
# [35005] [PASS] LOAD lane=3 addr=0x5ae data=0x0 exp=0x0 op=0x1 R:475 W:0
# [35015] [PASS] STORE lane=3 addr=0x322 data=0x7d57fb79 op=0x8 R:476 W:0
# [35025] [PASS] STORE lane=1 addr=0x728 data=0x778f0a4 op=0x9 R:477 W:0
# [35125] [PASS] LOAD lane=3 addr=0xa88 data=0x0 exp=0x0 op=0x2 R:478 W:0
# [35235] [PASS] LOAD lane=1 addr=0x49c data=0x0 exp=0x0 op=0x2 R:479 W:0
# [35385] [PASS] LOAD lane=2 addr=0x5 data=0x0 exp=0x0 op=0x4 R:480 W:0
# [35465] [PASS] LOAD lane=3 addr=0x3e data=0x0 exp=0x0 op=0x5 R:481 W:0
# [35555] [PASS] LOAD lane=3 addr=0x1b9 data=0x0 exp=0x0 op=0x4 R:482 W:0
# [35655] [PASS] LOAD lane=1 addr=0x2e8 data=0x0 exp=0x0 op=0x2 R:483 W:0
# [35715] [PASS] LOAD lane=0 addr=0x255 data=0x0 exp=0x0 op=0x4 R:484 W:0
# [35795] [PASS] LOAD lane=0 addr=0x22f data=0x0 exp=0x0 op=0x4 R:485 W:0
# [35805] [PASS] STORE lane=2 addr=0xd2 data=0x1a7c87f4 op=0x8 R:486 W:0
# [35815] [PASS] STORE lane=2 addr=0xc2c data=0xc27ffca1 op=0xa R:487 W:0
# [35965] [PASS] LOAD lane=0 addr=0x790 data=0x0 exp=0x0 op=0x1 R:488 W:0
# [35975] [PASS] STORE lane=2 addr=0x48 data=0x5fb71b7c op=0xa R:489 W:0
# [36075] [PASS] LOAD lane=2 addr=0x39a data=0x1fdf exp=0x1fdf op=0x5 R:490 W:0
# [36085] [PASS] STORE lane=0 addr=0x728 data=0x95a1704b op=0xa R:491 W:0
# [36235] [PASS] LOAD lane=1 addr=0x1cc data=0x0 exp=0x0 op=0x5 R:492 W:0
# [36315] [PASS] LOAD lane=0 addr=0x18 data=0x0 exp=0x0 op=0x0 R:493 W:0
# [36395] [PASS] LOAD lane=0 addr=0xea data=0x0 exp=0x0 op=0x4 R:494 W:0
# [36475] [PASS] LOAD lane=2 addr=0x1a1 data=0xffffffc4 exp=0xffffffc4 op=0x0 R:495 W:0
# [36545] [PASS] STORE lane=0 addr=0x20a data=0x90e2e99e op=0x8 R:496 W:0
# [36555] [PASS] STORE lane=2 addr=0x6e8 data=0xc80a55a1 op=0x9 R:497 W:0
# [36695] [PASS] LOAD lane=3 addr=0x4f4 data=0x0 exp=0x0 op=0x5 R:498 W:0
# [36775] [PASS] LOAD lane=1 addr=0x170 data=0x0 exp=0x0 op=0x5 R:499 W:0
# [36785] [PASS] STORE lane=2 addr=0x9a4 data=0x4dce171b op=0xa R:500 W:0
# [36845] [PASS] LOAD lane=2 addr=0x15c data=0x0 exp=0x0 op=0x0 R:501 W:0
# [36935] [PASS] LOAD lane=2 addr=0x1c2 data=0x0 exp=0x0 op=0x4 R:502 W:0
# [36945] [PASS] STORE lane=0 addr=0x2b2 data=0xd4704250 op=0x9 R:503 W:0
# [36955] [PASS] STORE lane=0 addr=0xbf data=0x883fd68c op=0x8 R:504 W:0
# [36965] [PASS] STORE lane=2 addr=0x234 data=0x7e6e96e2 op=0x9 R:505 W:0
# [36975] [PASS] STORE lane=1 addr=0x978 data=0x50796826 op=0xa R:506 W:0
# [36985] [PASS] STORE lane=1 addr=0x28 data=0xb6c11cd op=0x8 R:507 W:0
# [37105] [PASS] LOAD lane=1 addr=0x37c data=0x0 exp=0x0 op=0x4 R:508 W:0
# [37225] [PASS] LOAD lane=2 addr=0x61 data=0x0 exp=0x0 op=0x0 R:509 W:0
# [37235] [PASS] STORE lane=3 addr=0xea data=0x43c53684 op=0x8 R:510 W:0
# [37295] [PASS] LOAD lane=2 addr=0x323 data=0x0 exp=0x0 op=0x0 R:511 W:0
# [37305] [PASS] STORE lane=0 addr=0x8f data=0xe34d5fb9 op=0x8 R:512 W:0
# [37405] [PASS] LOAD lane=1 addr=0x5a8 data=0x0 exp=0x0 op=0x5 R:513 W:0
# [37475] [PASS] LOAD lane=0 addr=0xd68 data=0x0 exp=0x0 op=0x2 R:514 W:0
# [37485] [PASS] STORE lane=0 addr=0x750 data=0x72e58928 op=0xa R:515 W:0
# [37495] [PASS] STORE lane=1 addr=0x3a6 data=0x12accf60 op=0x8 R:516 W:0
# [37655] [PASS] LOAD lane=1 addr=0x796 data=0x0 exp=0x0 op=0x1 R:517 W:0
# [37665] [PASS] STORE lane=2 addr=0x2d data=0x12ce8a61 op=0x8 R:518 W:0
# [37785] [PASS] LOAD lane=0 addr=0xa0 data=0x0 exp=0x0 op=0x2 R:519 W:0
# [37875] [PASS] LOAD lane=3 addr=0x118 data=0x0 exp=0x0 op=0x2 R:520 W:0
# [37975] [PASS] LOAD lane=2 addr=0x234 data=0xe2 exp=0xe2 op=0x4 R:521 W:0
# [37985] [PASS] STORE lane=1 addr=0x256 data=0x73dc4b10 op=0x8 R:522 W:0
# [37995] [PASS] STORE lane=0 addr=0x736 data=0xe1625f3a op=0x9 R:523 W:0
# [38135] [PASS] LOAD lane=2 addr=0x209 data=0x0 exp=0x0 op=0x0 R:524 W:0
# [38195] [PASS] LOAD lane=1 addr=0x2eb data=0x0 exp=0x0 op=0x4 R:525 W:0
# [38275] [PASS] LOAD lane=0 addr=0x2be data=0x0 exp=0x0 op=0x4 R:526 W:0
# [38405] [PASS] LOAD lane=1 addr=0x1e7 data=0x0 exp=0x0 op=0x0 R:527 W:0
# [38485] [PASS] LOAD lane=1 addr=0x6e0 data=0x0 exp=0x0 op=0x1 R:528 W:0
# [38595] [PASS] LOAD lane=2 addr=0xbe0 data=0x0 exp=0x0 op=0x2 R:529 W:0
# [38715] [PASS] STORE lane=3 addr=0x1ae data=0xa50d084f op=0x8 R:530 W:0
# [38725] [PASS] STORE lane=3 addr=0xaa4 data=0x5fee420b op=0xa R:531 W:0
# [38845] [PASS] LOAD lane=0 addr=0x5a8 data=0x0 exp=0x0 op=0x2 R:532 W:0
# [38985] [PASS] LOAD lane=2 addr=0x1ee data=0x0 exp=0x0 op=0x4 R:533 W:0
# [38995] [PASS] STORE lane=2 addr=0x88 data=0x7b68248c op=0x9 R:534 W:0
# [39145] [PASS] LOAD lane=2 addr=0x7c data=0x8800 exp=0x8800 op=0x5 R:535 W:0
# [39235] [PASS] LOAD lane=0 addr=0x1e8 data=0xcb exp=0xcb op=0x1 R:536 W:0
# [39355] [PASS] LOAD lane=3 addr=0x9f0 data=0x0 exp=0x0 op=0x2 R:537 W:0
# SCOREBOARD total=537 pass=537 fail=0
# COVERAGE issue_cov=91.67%
# LSU_V2 PASSED
# ** Note: $finish    : tb/tests/vx_lsu_slice_tb_v2.sv(475)
#    Time: 39855 ns  Iteration: 1  Instance: /lsu_slice_tb_v2
# End time: 04:10:55 on Jun 22,2026, Elapsed time: 0:00:23
# Errors: 0, Warnings: 0

