Reading pref.tcl

# 2021.1

# vsim -c work_regression.lsu_slice_tb_v2 -sv_seed 8 "+SEED=8" "+NUM_OPS=500" -do "run -all; quit -f" 
# Start time: 04:12:06 on Jun 22,2026
# ** Note: (vsim-8009) Loading existing optimized design _opt
# //  Questa Sim-64
# //  Version 2021.1 win64 Jan 19 2021
# //
# //  Copyright 1991-2021 Mentor Graphics Corporation
# //  All Rights Reserved.
# //
# //  QuestaSim and its associated documentation contain trade
# //  secrets and commercial or financial information that are the property of
# //  Mentor Graphics Corporation and are privileged, confidential,
# //  and exempt from disclosure under the Freedom of Information Act,
# //  5 U.S.C. Section 552. Furthermore, this information
# //  is prohibited from disclosure under the Trade Secrets Act,
# //  18 U.S.C. Section 1905.
# //
# Loading sv_std.std
# Loading work.VX_gpu_pkg(fast)
# Loading work.lsu_sequence_item_pkg(fast)
# Loading work.lsu_scoreboard_pkg(fast)
# Loading work.lsu_monitor_pkg(fast)
# Loading work.vx_lsu_slice_tb_v2_sv_unit(fast)
# Loading work.lsu_slice_tb_v2(fast)
# Loading work.VX_lsu_slice(fast)
# Loading work.VX_elastic_buffer(fast__3)
# Loading work.VX_elastic_buffer(fast__4)
# Loading work.VX_stream_arb(fast)
# Loading work.lsu_mem_model_rand_sv_unit(fast)
# Loading work.lsu_mem_model_rand(fast)
# run -all
# [75] [PASS] STORE lane=0 addr=0x100 data=0xdeadbeef op=0xa R:1 W:0
# [165] [PASS] LOAD lane=0 addr=0x100 data=0xdeadbeef exp=0xdeadbeef op=0x2 R:2 W:0
# [175] [PASS] STORE lane=1 addr=0x108 data=0x8001 op=0x9 R:3 W:0
# [305] [PASS] LOAD lane=1 addr=0x108 data=0xffff8001 exp=0xffff8001 op=0x1 R:4 W:0
# [475] [PASS] LOAD lane=1 addr=0x108 data=0x8001 exp=0x8001 op=0x5 R:5 W:0
# [485] [PASS] STORE lane=2 addr=0x10c data=0x80 op=0x8 R:6 W:0
# [625] [PASS] LOAD lane=2 addr=0x10c data=0xffffff80 exp=0xffffff80 op=0x0 R:7 W:0
# [725] [PASS] LOAD lane=2 addr=0x10c data=0x80 exp=0x80 op=0x4 R:8 W:0
# [735] [PASS] STORE lane=3 addr=0x3f8 data=0xa5a5a5a5 op=0xa R:9 W:0
# [825] [PASS] LOAD lane=3 addr=0x3f8 data=0xa5a5a5a5 exp=0xa5a5a5a5 op=0x2 R:10 W:0
# [835] [PASS] STORE lane=0 addr=0x3fc data=0xf00f op=0x9 R:11 W:0
# [895] [PASS] LOAD lane=0 addr=0x3fc data=0xfffff00f exp=0xfffff00f op=0x1 R:12 W:0
# [905] [PASS] STORE lane=1 addr=0x3ff data=0xff op=0x8 R:13 W:0
# [975] [PASS] LOAD lane=1 addr=0x3ff data=0xff exp=0xff op=0x4 R:14 W:0
# [985] [PASS] STORE lane=0 addr=0x500 data=0x11110000 op=0xa R:15 W:0
# [1085] [PASS] LOAD lane=0 addr=0x500 data=0x11110000 exp=0x11110000 op=0x2 R:16 W:0
# [1095] [PASS] STORE lane=0 addr=0x502 data=0x8080 op=0x9 R:17 W:0
# [1195] [PASS] LOAD lane=0 addr=0x502 data=0xffff8080 exp=0xffff8080 op=0x1 R:18 W:0
# [1285] [PASS] LOAD lane=0 addr=0x502 data=0x8080 exp=0x8080 op=0x5 R:19 W:0
# [1295] [PASS] STORE lane=0 addr=0x501 data=0x80 op=0x8 R:20 W:0
# [1365] [PASS] LOAD lane=0 addr=0x501 data=0xffffff80 exp=0xffffff80 op=0x0 R:21 W:0
# [1475] [PASS] LOAD lane=0 addr=0x501 data=0x80 exp=0x80 op=0x4 R:22 W:0
# [1485] [PASS] STORE lane=1 addr=0x510 data=0x10100101 op=0xa R:23 W:0
# [1565] [PASS] LOAD lane=1 addr=0x510 data=0x10100101 exp=0x10100101 op=0x2 R:24 W:0
# [1575] [PASS] STORE lane=1 addr=0x512 data=0x8081 op=0x9 R:25 W:0
# [1685] [PASS] LOAD lane=1 addr=0x512 data=0xffff8081 exp=0xffff8081 op=0x1 R:26 W:0
# [1775] [PASS] LOAD lane=1 addr=0x512 data=0x8081 exp=0x8081 op=0x5 R:27 W:0
# [1785] [PASS] STORE lane=1 addr=0x511 data=0x81 op=0x8 R:28 W:0
# [1935] [PASS] LOAD lane=1 addr=0x511 data=0xffffff81 exp=0xffffff81 op=0x0 R:29 W:0
# [2055] [PASS] LOAD lane=1 addr=0x511 data=0x81 exp=0x81 op=0x4 R:30 W:0
# [2065] [PASS] STORE lane=2 addr=0x520 data=0x13130202 op=0xa R:31 W:0
# [2205] [PASS] LOAD lane=2 addr=0x520 data=0x13130202 exp=0x13130202 op=0x2 R:32 W:0
# [2215] [PASS] STORE lane=2 addr=0x522 data=0x8082 op=0x9 R:33 W:0
# [2335] [PASS] LOAD lane=2 addr=0x522 data=0xffff8082 exp=0xffff8082 op=0x1 R:34 W:0
# [2415] [PASS] LOAD lane=2 addr=0x522 data=0x8082 exp=0x8082 op=0x5 R:35 W:0
# [2425] [PASS] STORE lane=2 addr=0x521 data=0x82 op=0x8 R:36 W:0
# [2575] [PASS] LOAD lane=2 addr=0x521 data=0xffffff82 exp=0xffffff82 op=0x0 R:37 W:0
# [2645] [PASS] LOAD lane=2 addr=0x521 data=0x82 exp=0x82 op=0x4 R:38 W:0
# [2655] [PASS] STORE lane=3 addr=0x530 data=0x12120303 op=0xa R:39 W:0
# [2805] [PASS] LOAD lane=3 addr=0x530 data=0x12120303 exp=0x12120303 op=0x2 R:40 W:0
# [2815] [PASS] STORE lane=3 addr=0x532 data=0x8083 op=0x9 R:41 W:0
# [2965] [PASS] LOAD lane=3 addr=0x532 data=0xffff8083 exp=0xffff8083 op=0x1 R:42 W:0
# [3025] [PASS] LOAD lane=3 addr=0x532 data=0x8083 exp=0x8083 op=0x5 R:43 W:0
# [3035] [PASS] STORE lane=3 addr=0x531 data=0x83 op=0x8 R:44 W:0
# [3105] [PASS] LOAD lane=3 addr=0x531 data=0xffffff83 exp=0xffffff83 op=0x0 R:45 W:0
# [3185] [PASS] LOAD lane=3 addr=0x531 data=0x83 exp=0x83 op=0x4 R:46 W:0
# [3195] [PASS] STORE lane=0 addr=0x700 data=0xa5000000 op=0xa R:47 W:0
# [3345] [PASS] LOAD lane=0 addr=0x700 data=0xa5000000 exp=0xa5000000 op=0x2 R:48 W:0
# [3355] [PASS] STORE lane=0 addr=0x700 data=0x5a000000 op=0xa R:49 W:0
# [3565] [PASS] LOAD lane=0 addr=0x700 data=0x5a000000 exp=0x5a000000 op=0x2 R:50 W:0
# [3575] [PASS] STORE lane=1 addr=0x708 data=0xa5000001 op=0xa R:51 W:0
# [3745] [PASS] LOAD lane=1 addr=0x708 data=0xa5000001 exp=0xa5000001 op=0x2 R:52 W:0
# [3755] [PASS] STORE lane=1 addr=0x708 data=0x5a000001 op=0xa R:53 W:0
# [3915] [PASS] LOAD lane=1 addr=0x708 data=0x5a000001 exp=0x5a000001 op=0x2 R:54 W:0
# [3925] [PASS] STORE lane=2 addr=0x710 data=0xa5000002 op=0xa R:55 W:0
# [4145] [PASS] LOAD lane=2 addr=0x710 data=0xa5000002 exp=0xa5000002 op=0x2 R:56 W:0
# [4155] [PASS] STORE lane=2 addr=0x710 data=0x5a000002 op=0xa R:57 W:0
# [4365] [PASS] LOAD lane=2 addr=0x710 data=0x5a000002 exp=0x5a000002 op=0x2 R:58 W:0
# [4375] [PASS] STORE lane=3 addr=0x718 data=0xa5000003 op=0xa R:59 W:0
# [4515] [PASS] LOAD lane=3 addr=0x718 data=0xa5000003 exp=0xa5000003 op=0x2 R:60 W:0
# [4525] [PASS] STORE lane=3 addr=0x718 data=0x5a000003 op=0xa R:61 W:0
# [4705] [PASS] LOAD lane=3 addr=0x718 data=0x5a000003 exp=0x5a000003 op=0x2 R:62 W:0
# [4765] [PASS] LOAD lane=3 addr=0x23b data=0x0 exp=0x0 op=0x4 R:63 W:0
# [4835] [PASS] LOAD lane=1 addr=0x760 data=0x0 exp=0x0 op=0x5 R:64 W:0
# [4905] [PASS] LOAD lane=2 addr=0x464 data=0x0 exp=0x0 op=0x2 R:65 W:0
# [4915] [PASS] STORE lane=2 addr=0x2cd data=0x753c51ca op=0x8 R:66 W:0
# [5065] [PASS] LOAD lane=2 addr=0x3a2 data=0x0 exp=0x0 op=0x0 R:67 W:0
# [5075] [PASS] STORE lane=0 addr=0x7a data=0x1e3eb22a op=0x9 R:68 W:0
# [5085] [PASS] STORE lane=1 addr=0x202 data=0x24bbbe2f op=0x8 R:69 W:0
# [5095] [PASS] STORE lane=3 addr=0x7e6 data=0x84aea0f9 op=0x9 R:70 W:0
# [5255] [PASS] LOAD lane=3 addr=0x544 data=0x0 exp=0x0 op=0x2 R:71 W:0
# [5425] [PASS] LOAD lane=0 addr=0x1a data=0x0 exp=0x0 op=0x5 R:72 W:0
# [5435] [PASS] STORE lane=0 addr=0xa08 data=0xacdea9d0 op=0xa R:73 W:0
# [5525] [PASS] LOAD lane=1 addr=0x532 data=0x8083 exp=0x8083 op=0x5 R:74 W:0
# [5645] [PASS] LOAD lane=3 addr=0x8b data=0x0 exp=0x0 op=0x4 R:75 W:0
# [5655] [PASS] STORE lane=3 addr=0x7c4 data=0xe3e62537 op=0xa R:76 W:0
# [5665] [PASS] STORE lane=0 addr=0x18c data=0x2c5b83c0 op=0xa R:77 W:0
# [5785] [PASS] LOAD lane=2 addr=0x228 data=0x0 exp=0x0 op=0x2 R:78 W:0
# [5795] [PASS] STORE lane=0 addr=0x1f2 data=0x6fa3d3c1 op=0x9 R:79 W:0
# [5805] [PASS] STORE lane=1 addr=0x2a0 data=0x79fd168b op=0xa R:80 W:0
# [5825] [PASS] STORE lane=1 addr=0x102 data=0x4e063f92 op=0x8 R:81 W:0
# [5835] [PASS] STORE lane=0 addr=0x3ae data=0xe42b7095 op=0x8 R:82 W:0
# [5955] [PASS] LOAD lane=1 addr=0x1a data=0x0 exp=0x0 op=0x4 R:83 W:0
# [5965] [PASS] STORE lane=0 addr=0xd08 data=0xa47f5f30 op=0xa R:84 W:0
# [6115] [PASS] LOAD lane=2 addr=0x6cc data=0x0 exp=0x0 op=0x1 R:85 W:0
# [6125] [PASS] STORE lane=2 addr=0x3f6 data=0x8bc5fca1 op=0x8 R:86 W:0
# [6225] [PASS] LOAD lane=2 addr=0x134 data=0x0 exp=0x0 op=0x1 R:87 W:0
# [6235] [PASS] STORE lane=1 addr=0x1ae data=0x897c9865 op=0x9 R:88 W:0
# [6365] [PASS] LOAD lane=2 addr=0x223 data=0x0 exp=0x0 op=0x4 R:89 W:0
# [6425] [PASS] LOAD lane=1 addr=0x1a7 data=0x0 exp=0x0 op=0x4 R:90 W:0
# [6545] [PASS] LOAD lane=1 addr=0x140 data=0x0 exp=0x0 op=0x4 R:91 W:0
# [6605] [PASS] LOAD lane=1 addr=0x106 data=0x0 exp=0x0 op=0x0 R:92 W:0
# [6695] [PASS] LOAD lane=0 addr=0x180 data=0x0 exp=0x0 op=0x4 R:93 W:0
# [6705] [PASS] STORE lane=2 addr=0x1a4 data=0x8007c3b5 op=0xa R:94 W:0
# [6715] [PASS] STORE lane=2 addr=0x18c data=0x5f9c63ae op=0x9 R:95 W:0
# [6785] [PASS] LOAD lane=1 addr=0x50a data=0x0 exp=0x0 op=0x5 R:96 W:0
# [6795] [PASS] STORE lane=3 addr=0x41 data=0x6a40c223 op=0x8 R:97 W:0
# [6805] [PASS] STORE lane=2 addr=0x208 data=0xdf6aa92e op=0x8 R:98 W:0
# [6815] [PASS] STORE lane=3 addr=0x3dc data=0x81f0d8fc op=0x8 R:99 W:0
# [6955] [PASS] LOAD lane=0 addr=0x404 data=0x0 exp=0x0 op=0x1 R:100 W:0
# [7025] [PASS] LOAD lane=1 addr=0x126 data=0x0 exp=0x0 op=0x4 R:101 W:0
# [7125] [PASS] LOAD lane=1 addr=0x428 data=0x0 exp=0x0 op=0x5 R:102 W:0
# [7135] [PASS] STORE lane=3 addr=0x7a4 data=0x2bc0bf18 op=0xa R:103 W:0
# [7145] [PASS] STORE lane=3 addr=0x18d data=0xc8d78f17 op=0x8 R:104 W:0
# [7235] [PASS] LOAD lane=0 addr=0x160 data=0x0 exp=0x0 op=0x2 R:105 W:0
# [7245] [PASS] STORE lane=2 addr=0x20e data=0x26a269aa op=0x9 R:106 W:0
# [7255] [PASS] STORE lane=2 addr=0x2e8 data=0xd0fa5c95 op=0xa R:107 W:0
# [7405] [PASS] LOAD lane=3 addr=0xbfc data=0x0 exp=0x0 op=0x2 R:108 W:0
# [7545] [PASS] LOAD lane=2 addr=0x318 data=0x0 exp=0x0 op=0x4 R:109 W:0
# [7555] [PASS] STORE lane=1 addr=0x75 data=0xff87930b op=0x8 R:110 W:0
# [7565] [PASS] STORE lane=2 addr=0x31f data=0x763b0d0c op=0x8 R:111 W:0
# [7575] [PASS] STORE lane=0 addr=0x1c8 data=0x88cb46d op=0x8 R:112 W:0
# [7725] [PASS] LOAD lane=2 addr=0x17d data=0x0 exp=0x0 op=0x0 R:113 W:0
# [7805] [PASS] LOAD lane=1 addr=0x31b data=0x0 exp=0x0 op=0x4 R:114 W:0
# [7815] [PASS] STORE lane=2 addr=0x23a data=0x26709e57 op=0x8 R:115 W:0
# [7975] [PASS] LOAD lane=2 addr=0x4d0 data=0x0 exp=0x0 op=0x5 R:116 W:0
# [8045] [PASS] LOAD lane=2 addr=0x59a data=0x0 exp=0x0 op=0x1 R:117 W:0
# [8055] [PASS] STORE lane=1 addr=0x6c data=0x50caae6e op=0x8 R:118 W:0
# [8065] [PASS] STORE lane=0 addr=0x1b9 data=0xb4456887 op=0x8 R:119 W:0
# [8215] [PASS] LOAD lane=2 addr=0x5e data=0x0 exp=0x0 op=0x1 R:120 W:0
# [8285] [PASS] LOAD lane=2 addr=0x6c6 data=0x0 exp=0x0 op=0x5 R:121 W:0
# [8435] [PASS] LOAD lane=3 addr=0x3ab data=0x0 exp=0x0 op=0x0 R:122 W:0
# [8585] [PASS] LOAD lane=1 addr=0x278 data=0x0 exp=0x0 op=0x0 R:123 W:0
# [8775] [PASS] LOAD lane=3 addr=0x29a data=0x0 exp=0x0 op=0x1 R:124 W:0
# [8895] [PASS] LOAD lane=1 addr=0x28a data=0x0 exp=0x0 op=0x0 R:125 W:0
# [8905] [PASS] STORE lane=2 addr=0x61c data=0x3d0ce9e2 op=0xa R:126 W:0
# [9025] [PASS] STORE lane=3 addr=0x736 data=0x42551579 op=0x9 R:127 W:0
# [9155] [PASS] LOAD lane=0 addr=0x3d4 data=0x0 exp=0x0 op=0x1 R:128 W:0
# [9255] [PASS] LOAD lane=0 addr=0x1e2 data=0x0 exp=0x0 op=0x5 R:129 W:0
# [9265] [PASS] STORE lane=1 addr=0xdd data=0xd26800aa op=0x8 R:130 W:0
# [9435] [PASS] LOAD lane=0 addr=0x9e0 data=0x0 exp=0x0 op=0x2 R:131 W:0
# [9445] [PASS] STORE lane=3 addr=0x21 data=0x3a59d36f op=0x8 R:132 W:0
# [9455] [PASS] STORE lane=0 addr=0x7b8 data=0x30817e08 op=0xa R:133 W:0
# [9515] [PASS] LOAD lane=0 addr=0x1d2 data=0x0 exp=0x0 op=0x1 R:134 W:0
# [9635] [PASS] LOAD lane=3 addr=0x6dc data=0x0 exp=0x0 op=0x1 R:135 W:0
# [9705] [PASS] LOAD lane=3 addr=0x6e4 data=0x0 exp=0x0 op=0x2 R:136 W:0
# [9805] [PASS] LOAD lane=0 addr=0x70c data=0x0 exp=0x0 op=0x5 R:137 W:0
# [9945] [PASS] LOAD lane=0 addr=0x19a data=0x0 exp=0x0 op=0x5 R:138 W:0
# [9955] [PASS] STORE lane=2 addr=0xc30 data=0x5b217e9a op=0xa R:139 W:0
# [10105] [PASS] LOAD lane=3 addr=0x177 data=0x0 exp=0x0 op=0x0 R:140 W:0
# [10115] [PASS] STORE lane=3 addr=0xfe data=0xed4c717a op=0x8 R:141 W:0
# [10235] [PASS] LOAD lane=1 addr=0x242 data=0x0 exp=0x0 op=0x4 R:142 W:0
# [10395] [PASS] LOAD lane=3 addr=0x7d8 data=0x0 exp=0x0 op=0x2 R:143 W:0
# [10405] [PASS] STORE lane=1 addr=0x15b data=0x2ca9273b op=0x8 R:144 W:0
# [10415] [PASS] STORE lane=1 addr=0x1d7 data=0x1d0f09db op=0x8 R:145 W:0
# [10515] [PASS] LOAD lane=3 addr=0xe4 data=0x0 exp=0x0 op=0x1 R:146 W:0
# [10595] [PASS] LOAD lane=1 addr=0x27a data=0x0 exp=0x0 op=0x4 R:147 W:0
# [10605] [PASS] STORE lane=0 addr=0x2c data=0xd6f9477d op=0x8 R:148 W:0
# [10615] [PASS] STORE lane=2 addr=0x24a data=0xa3542e86 op=0x8 R:149 W:0
# [10775] [PASS] LOAD lane=3 addr=0xed8 data=0x0 exp=0x0 op=0x2 R:150 W:0
# [10785] [PASS] STORE lane=2 addr=0x6f6 data=0xd567f1b6 op=0x9 R:151 W:0
# [10855] [PASS] LOAD lane=3 addr=0x44a data=0x0 exp=0x0 op=0x1 R:152 W:0
# [10865] [PASS] STORE lane=0 addr=0x9a data=0x792566dd op=0x9 R:153 W:0
# [11015] [PASS] LOAD lane=3 addr=0x390 data=0x0 exp=0x0 op=0x5 R:154 W:0
# [11025] [PASS] STORE lane=3 addr=0x6d8 data=0x330440e op=0x9 R:155 W:0
# [11175] [PASS] LOAD lane=2 addr=0x13e data=0x0 exp=0x0 op=0x1 R:156 W:0
# [11185] [PASS] STORE lane=2 addr=0x3a0 data=0x739a8e80 op=0xa R:157 W:0
# [11295] [PASS] LOAD lane=0 addr=0x48 data=0x0 exp=0x0 op=0x4 R:158 W:0
# [11405] [PASS] LOAD lane=0 addr=0x96 data=0x0 exp=0x0 op=0x5 R:159 W:0
# [11415] [PASS] STORE lane=1 addr=0x2c6 data=0x2249e3c7 op=0x8 R:160 W:0
# [11565] [PASS] LOAD lane=0 addr=0x2c0 data=0x0 exp=0x0 op=0x1 R:161 W:0
# [11695] [PASS] LOAD lane=2 addr=0xd20 data=0x0 exp=0x0 op=0x2 R:162 W:0
# [11835] [PASS] LOAD lane=2 addr=0x13a data=0x0 exp=0x0 op=0x4 R:163 W:0
# [11895] [PASS] LOAD lane=2 addr=0x8e data=0x0 exp=0x0 op=0x5 R:164 W:0
# [12025] [PASS] LOAD lane=0 addr=0x14c data=0x0 exp=0x0 op=0x5 R:165 W:0
# [12075] [PASS] STORE lane=3 addr=0x7d8 data=0xb393a017 op=0xa R:166 W:0
# [12185] [PASS] STORE lane=2 addr=0x62c data=0xdf600c4f op=0xa R:167 W:0
# [12335] [PASS] LOAD lane=2 addr=0x37e data=0x0 exp=0x0 op=0x4 R:168 W:0
# [12345] [PASS] STORE lane=0 addr=0x870 data=0x1a0c755f op=0xa R:169 W:0
# [12455] [PASS] LOAD lane=1 addr=0x144 data=0x0 exp=0x0 op=0x2 R:170 W:0
# [12565] [PASS] LOAD lane=3 addr=0x2e9 data=0x5c exp=0x5c op=0x4 R:171 W:0
# [12575] [PASS] STORE lane=1 addr=0x4 data=0x540f43bf op=0x9 R:172 W:0
# [12685] [PASS] LOAD lane=2 addr=0x3 data=0x0 exp=0x0 op=0x0 R:173 W:0
# [12785] [PASS] LOAD lane=2 addr=0x190 data=0x0 exp=0x0 op=0x0 R:174 W:0
# [12795] [PASS] STORE lane=2 addr=0x280 data=0x42429dd3 op=0xa R:175 W:0
# [12875] [PASS] LOAD lane=3 addr=0xf2 data=0x0 exp=0x0 op=0x0 R:176 W:0
# [12885] [PASS] STORE lane=2 addr=0x0 data=0x6f1abe53 op=0x9 R:177 W:0
# [12895] [PASS] STORE lane=2 addr=0xafc data=0x46bf8f31 op=0xa R:178 W:0
# [12915] [PASS] STORE lane=3 addr=0x120 data=0xbd8e18a4 op=0xa R:179 W:0
# [13025] [PASS] LOAD lane=3 addr=0xb80 data=0x0 exp=0x0 op=0x2 R:180 W:0
# [13095] [PASS] LOAD lane=3 addr=0x3ef data=0x0 exp=0x0 op=0x4 R:181 W:0
# [13105] [PASS] STORE lane=1 addr=0x496 data=0xa0d72e21 op=0x9 R:182 W:0
# [13215] [PASS] LOAD lane=3 addr=0xc78 data=0x0 exp=0x0 op=0x2 R:183 W:0
# [13295] [PASS] LOAD lane=0 addr=0xc6c data=0x0 exp=0x0 op=0x2 R:184 W:0
# [13305] [PASS] STORE lane=0 addr=0x514 data=0x3c08e010 op=0xa R:185 W:0
# [13315] [PASS] STORE lane=2 addr=0x214 data=0x8da88d0a op=0x9 R:186 W:0
# [13335] [PASS] STORE lane=0 addr=0x60c data=0xd32c4dde op=0x9 R:187 W:0
# [13345] [PASS] STORE lane=3 addr=0x338 data=0x4652ef7b op=0x8 R:188 W:0
# [13485] [PASS] LOAD lane=0 addr=0x70 data=0x0 exp=0x0 op=0x5 R:189 W:0
# [13595] [PASS] LOAD lane=2 addr=0x394 data=0x0 exp=0x0 op=0x2 R:190 W:0
# [13665] [PASS] LOAD lane=0 addr=0xd6 data=0x0 exp=0x0 op=0x1 R:191 W:0
# [13675] [PASS] STORE lane=3 addr=0x224 data=0x44e50605 op=0x8 R:192 W:0
# [13775] [PASS] LOAD lane=1 addr=0x20 data=0x6f00 exp=0x6f00 op=0x1 R:193 W:0
# [13785] [PASS] STORE lane=1 addr=0x6d4 data=0xe4015b48 op=0xa R:194 W:0
# [13925] [PASS] LOAD lane=0 addr=0xc74 data=0x0 exp=0x0 op=0x2 R:195 W:0
# [14065] [PASS] LOAD lane=1 addr=0xb8 data=0x0 exp=0x0 op=0x1 R:196 W:0
# [14075] [PASS] STORE lane=3 addr=0x226 data=0xe468f0cc op=0x9 R:197 W:0
# [14085] [PASS] STORE lane=1 addr=0x550 data=0xffee9927 op=0xa R:198 W:0
# [14165] [PASS] LOAD lane=1 addr=0x9e data=0x0 exp=0x0 op=0x1 R:199 W:0
# [14175] [PASS] STORE lane=2 addr=0xe20 data=0x4f8cc897 op=0xa R:200 W:0
# [14185] [PASS] STORE lane=0 addr=0x2e2 data=0x42136b42 op=0x9 R:201 W:0
# [14265] [PASS] LOAD lane=3 addr=0x7ca data=0x0 exp=0x0 op=0x5 R:202 W:0
# [14435] [PASS] LOAD lane=1 addr=0x12c data=0x0 exp=0x0 op=0x2 R:203 W:0
# [14505] [PASS] LOAD lane=1 addr=0x2f0 data=0x0 exp=0x0 op=0x5 R:204 W:0
# [14655] [PASS] LOAD lane=2 addr=0x302 data=0x0 exp=0x0 op=0x4 R:205 W:0
# [14765] [PASS] LOAD lane=0 addr=0x758 data=0x0 exp=0x0 op=0x2 R:206 W:0
# [14835] [PASS] LOAD lane=0 addr=0x1dd data=0x0 exp=0x0 op=0x0 R:207 W:0
# [14935] [PASS] LOAD lane=1 addr=0x382 data=0x0 exp=0x0 op=0x5 R:208 W:0
# [15025] [PASS] LOAD lane=3 addr=0xcb data=0x0 exp=0x0 op=0x4 R:209 W:0
# [15165] [PASS] LOAD lane=3 addr=0x80 data=0x0 exp=0x0 op=0x2 R:210 W:0
# [15315] [PASS] LOAD lane=0 addr=0x712 data=0x5a00 exp=0x5a00 op=0x1 R:211 W:0
# [15325] [PASS] STORE lane=1 addr=0x748 data=0x44bdd497 op=0xa R:212 W:0
# [15335] [PASS] STORE lane=3 addr=0xa84 data=0x635af12f op=0xa R:213 W:0
# [15355] [PASS] STORE lane=2 addr=0x113 data=0xb5956504 op=0x8 R:214 W:0
# [15515] [PASS] LOAD lane=2 addr=0x1ea data=0x0 exp=0x0 op=0x0 R:215 W:0
# [15525] [PASS] STORE lane=3 addr=0x1bd data=0xf6590960 op=0x8 R:216 W:0
# [15535] [PASS] STORE lane=0 addr=0x200 data=0xf80ba220 op=0xa R:217 W:0
# [15675] [PASS] LOAD lane=2 addr=0x63c data=0x0 exp=0x0 op=0x5 R:218 W:0
# [15815] [PASS] LOAD lane=3 addr=0x317 data=0x0 exp=0x0 op=0x4 R:219 W:0
# [15905] [PASS] LOAD lane=2 addr=0x82 data=0x0 exp=0x0 op=0x4 R:220 W:0
# [15915] [PASS] STORE lane=0 addr=0x84 data=0xa207cbaa op=0xa R:221 W:0
# [15925] [PASS] STORE lane=0 addr=0x33c data=0x649ce586 op=0x9 R:222 W:0
# [16055] [PASS] LOAD lane=3 addr=0x4bc data=0x0 exp=0x0 op=0x1 R:223 W:0
# [16065] [PASS] STORE lane=2 addr=0x367 data=0xc31f31cf op=0x8 R:224 W:0
# [16075] [PASS] STORE lane=1 addr=0x1a3 data=0xbd3c5754 op=0x8 R:225 W:0
# [16085] [PASS] STORE lane=3 addr=0x1cb data=0x26389a44 op=0x8 R:226 W:0
# [16235] [PASS] LOAD lane=0 addr=0xe60 data=0x0 exp=0x0 op=0x2 R:227 W:0
# [16355] [PASS] LOAD lane=0 addr=0x630 data=0x0 exp=0x0 op=0x2 R:228 W:0
# [16445] [PASS] LOAD lane=1 addr=0x486 data=0x0 exp=0x0 op=0x5 R:229 W:0
# [16585] [PASS] LOAD lane=0 addr=0x27f data=0x0 exp=0x0 op=0x4 R:230 W:0
# [16595] [PASS] STORE lane=0 addr=0x434 data=0x1e15dbf5 op=0xa R:231 W:0
# [16685] [PASS] LOAD lane=3 addr=0x19e data=0x0 exp=0x0 op=0x0 R:232 W:0
# [16815] [PASS] LOAD lane=3 addr=0x76c data=0x0 exp=0x0 op=0x1 R:233 W:0
# [16905] [PASS] LOAD lane=2 addr=0x20d data=0x0 exp=0x0 op=0x4 R:234 W:0
# [16995] [PASS] LOAD lane=3 addr=0x400 data=0x0 exp=0x0 op=0x2 R:235 W:0
# [17055] [PASS] LOAD lane=0 addr=0x4ee data=0x0 exp=0x0 op=0x5 R:236 W:0
# [17065] [PASS] STORE lane=1 addr=0xdec data=0x308c33eb op=0xa R:237 W:0
# [17075] [PASS] STORE lane=0 addr=0x4d8 data=0x1ac3921c op=0x9 R:238 W:0
# [17085] [PASS] STORE lane=1 addr=0xcb0 data=0xd7dd46b7 op=0xa R:239 W:0
# [17185] [PASS] LOAD lane=3 addr=0x6f0 data=0x0 exp=0x0 op=0x1 R:240 W:0
# [17285] [PASS] LOAD lane=2 addr=0xa8 data=0x0 exp=0x0 op=0x0 R:241 W:0
# [17295] [PASS] STORE lane=0 addr=0x14c data=0x98a64226 op=0x8 R:242 W:0
# [17365] [PASS] LOAD lane=1 addr=0x1b6 data=0x0 exp=0x0 op=0x4 R:243 W:0
# [17435] [PASS] LOAD lane=2 addr=0x338 data=0x7b exp=0x7b op=0x4 R:244 W:0
# [17445] [PASS] STORE lane=3 addr=0x396 data=0xffef7214 op=0x9 R:245 W:0
# [17455] [PASS] STORE lane=0 addr=0xf78 data=0x1247b00a op=0xa R:246 W:0
# [17465] [PASS] STORE lane=1 addr=0x20f data=0x7f577574 op=0x8 R:247 W:0
# [17615] [PASS] LOAD lane=0 addr=0x3 data=0x0 exp=0x0 op=0x0 R:248 W:0
# [17625] [PASS] STORE lane=1 addr=0x54 data=0x54a287bc op=0xa R:249 W:0
# [17635] [PASS] STORE lane=1 addr=0x342 data=0x5b363855 op=0x8 R:250 W:0
# [17745] [PASS] LOAD lane=0 addr=0x7d0 data=0x0 exp=0x0 op=0x2 R:251 W:0
# [17915] [PASS] LOAD lane=1 addr=0xce data=0x0 exp=0x0 op=0x1 R:252 W:0
# [17925] [PASS] STORE lane=1 addr=0x13 data=0xf0d43851 op=0x8 R:253 W:0
# [17935] [PASS] STORE lane=3 addr=0x22 data=0xb4f41d2c op=0x8 R:254 W:0
# [17945] [PASS] STORE lane=1 addr=0x76e data=0x98eee419 op=0x9 R:255 W:0
# [18065] [PASS] LOAD lane=2 addr=0xd5 data=0x0 exp=0x0 op=0x4 R:256 W:0
# [18145] [PASS] LOAD lane=3 addr=0x3fe data=0xff00 exp=0xff00 op=0x5 R:257 W:0
# [18155] [PASS] STORE lane=3 addr=0x3dc data=0x680f5bae op=0xa R:258 W:0
# [18305] [PASS] LOAD lane=3 addr=0xf4 data=0x0 exp=0x0 op=0x2 R:259 W:0
# [18365] [PASS] LOAD lane=2 addr=0x6c data=0x6e exp=0x6e op=0x2 R:260 W:0
# [18375] [PASS] STORE lane=3 addr=0x2e9 data=0xe07530f0 op=0x8 R:261 W:0
# [18525] [PASS] LOAD lane=1 addr=0x2a data=0x0 exp=0x0 op=0x4 R:262 W:0
# [18635] [PASS] LOAD lane=1 addr=0x2de data=0x0 exp=0x0 op=0x5 R:263 W:0
# [18795] [PASS] LOAD lane=2 addr=0x218 data=0x0 exp=0x0 op=0x0 R:264 W:0
# [18935] [PASS] LOAD lane=0 addr=0x50a data=0x0 exp=0x0 op=0x5 R:265 W:0
# [19005] [PASS] LOAD lane=2 addr=0x39a data=0x0 exp=0x0 op=0x0 R:266 W:0
# [19125] [PASS] LOAD lane=0 addr=0x30d data=0x0 exp=0x0 op=0x4 R:267 W:0
# [19135] [PASS] STORE lane=0 addr=0xef4 data=0x36876bf0 op=0xa R:268 W:0
# [19145] [PASS] STORE lane=2 addr=0x12 data=0x3345b572 op=0x8 R:269 W:0
# [19155] [PASS] STORE lane=0 addr=0x2e8 data=0x4bff4714 op=0xa R:270 W:0
# [19165] [PASS] STORE lane=1 addr=0x4f8 data=0x10fdf333 op=0xa R:271 W:0
# [19265] [PASS] STORE lane=2 addr=0x3db data=0xf1686ad7 op=0x8 R:272 W:0
# [19275] [PASS] STORE lane=2 addr=0xb24 data=0x374bb833 op=0xa R:273 W:0
# [19415] [PASS] LOAD lane=1 addr=0x15 data=0x0 exp=0x0 op=0x4 R:274 W:0
# [19495] [PASS] LOAD lane=2 addr=0x35e data=0x0 exp=0x0 op=0x1 R:275 W:0
# [19625] [PASS] LOAD lane=1 addr=0x4cc data=0x0 exp=0x0 op=0x1 R:276 W:0
# [19635] [PASS] STORE lane=1 addr=0x4bc data=0xdb92fc8a op=0x9 R:277 W:0
# [19725] [PASS] LOAD lane=3 addr=0x259 data=0x0 exp=0x0 op=0x0 R:278 W:0
# [19735] [PASS] STORE lane=1 addr=0xc44 data=0xb9b3dc42 op=0xa R:279 W:0
# [19825] [PASS] LOAD lane=2 addr=0x2ba data=0x0 exp=0x0 op=0x1 R:280 W:0
# [19965] [PASS] STORE lane=3 addr=0x4e2 data=0x5727b729 op=0x9 R:281 W:0
# [20115] [PASS] LOAD lane=1 addr=0x716 data=0x0 exp=0x0 op=0x5 R:282 W:0
# [20175] [PASS] LOAD lane=1 addr=0x416 data=0x0 exp=0x0 op=0x1 R:283 W:0
# [20185] [PASS] STORE lane=3 addr=0xb80 data=0x3a34dde op=0xa R:284 W:0
# [20245] [PASS] LOAD lane=3 addr=0x2a4 data=0x0 exp=0x0 op=0x2 R:285 W:0
# [20255] [PASS] STORE lane=1 addr=0x7c4 data=0x11b7a35a op=0xa R:286 W:0
# [20265] [PASS] STORE lane=1 addr=0x31c data=0x814da7c3 op=0xa R:287 W:0
# [20295] [PASS] STORE lane=0 addr=0x334 data=0x74c07f7f op=0x8 R:288 W:0
# [20445] [PASS] LOAD lane=3 addr=0x814 data=0x0 exp=0x0 op=0x2 R:289 W:0
# [20455] [PASS] STORE lane=1 addr=0x11f data=0x1121101f op=0x8 R:290 W:0
# [20595] [PASS] LOAD lane=3 addr=0x2c3 data=0x0 exp=0x0 op=0x0 R:291 W:0
# [20685] [PASS] LOAD lane=3 addr=0x294 data=0x0 exp=0x0 op=0x1 R:292 W:0
# [20695] [PASS] STORE lane=3 addr=0x38 data=0xc0a7f70e op=0x8 R:293 W:0
# [20705] [PASS] STORE lane=0 addr=0x3c4 data=0xbb99f09b op=0x9 R:294 W:0
# [20925] [PASS] LOAD lane=0 addr=0x283 data=0x42 exp=0x42 op=0x0 R:295 W:0
# [21005] [PASS] LOAD lane=1 addr=0x383 data=0x0 exp=0x0 op=0x0 R:296 W:0
# [21255] [PASS] LOAD lane=3 addr=0x85 data=0xffffffcb exp=0xffffffcb op=0x0 R:297 W:0
# [21345] [PASS] LOAD lane=2 addr=0x33c data=0x86 exp=0x86 op=0x4 R:298 W:0
# [21355] [PASS] STORE lane=1 addr=0xaf0 data=0xbb88cdfe op=0xa R:299 W:0
# [21365] [PASS] STORE lane=2 addr=0x5fe data=0x4f78aca6 op=0x9 R:300 W:0
# [21395] [PASS] STORE lane=3 addr=0x45e data=0xbca0f4e6 op=0x9 R:301 W:0
# [21405] [PASS] STORE lane=2 addr=0x664 data=0xe3889c8a op=0x9 R:302 W:0
# [21415] [PASS] STORE lane=3 addr=0x570 data=0xa442593c op=0x9 R:303 W:0
# [21535] [PASS] LOAD lane=0 addr=0xe94 data=0x0 exp=0x0 op=0x2 R:304 W:0
# [21665] [PASS] LOAD lane=2 addr=0x8d8 data=0x0 exp=0x0 op=0x2 R:305 W:0
# [21675] [PASS] STORE lane=2 addr=0x3eb data=0x349cbcef op=0x8 R:306 W:0
# [21775] [PASS] LOAD lane=1 addr=0x1c1 data=0x0 exp=0x0 op=0x0 R:307 W:0
# [21955] [PASS] LOAD lane=0 addr=0x3a8 data=0x0 exp=0x0 op=0x4 R:308 W:0
# [22095] [PASS] LOAD lane=1 addr=0x343 data=0x0 exp=0x0 op=0x0 R:309 W:0
# [22195] [PASS] LOAD lane=2 addr=0xbfc data=0x0 exp=0x0 op=0x2 R:310 W:0
# [22205] [PASS] STORE lane=1 addr=0x114 data=0xa280dd4f op=0x9 R:311 W:0
# [22215] [PASS] STORE lane=2 addr=0x1e8 data=0xdd98ff6d op=0x9 R:312 W:0
# [22365] [PASS] LOAD lane=3 addr=0x704 data=0x0 exp=0x0 op=0x5 R:313 W:0
# [22515] [PASS] LOAD lane=1 addr=0x241 data=0x0 exp=0x0 op=0x4 R:314 W:0
# [22615] [PASS] LOAD lane=1 addr=0x3bc data=0x0 exp=0x0 op=0x0 R:315 W:0
# [22625] [PASS] STORE lane=1 addr=0x190 data=0x12a77413 op=0x9 R:316 W:0
# [22765] [PASS] LOAD lane=2 addr=0x365 data=0x0 exp=0x0 op=0x4 R:317 W:0
# [22835] [PASS] LOAD lane=1 addr=0x263 data=0x0 exp=0x0 op=0x4 R:318 W:0
# [22845] [PASS] STORE lane=3 addr=0x2dc data=0x21f0b648 op=0x9 R:319 W:0
# [22855] [PASS] STORE lane=3 addr=0x238 data=0xd1aaecd5 op=0x9 R:320 W:0
# [22865] [PASS] STORE lane=3 addr=0x1aa data=0x4025f306 op=0x9 R:321 W:0
# [23015] [PASS] LOAD lane=1 addr=0x172 data=0x0 exp=0x0 op=0x1 R:322 W:0
# [23025] [PASS] STORE lane=2 addr=0x618 data=0x23aa0c52 op=0x9 R:323 W:0
# [23185] [PASS] LOAD lane=0 addr=0x638 data=0x0 exp=0x0 op=0x1 R:324 W:0
# [23265] [PASS] LOAD lane=3 addr=0x71c data=0x0 exp=0x0 op=0x2 R:325 W:0
# [23415] [PASS] LOAD lane=3 addr=0x652 data=0x0 exp=0x0 op=0x5 R:326 W:0
# [23495] [PASS] LOAD lane=1 addr=0x794 data=0x0 exp=0x0 op=0x2 R:327 W:0
# [23505] [PASS] STORE lane=3 addr=0x365 data=0x10cd04ae op=0x8 R:328 W:0
# [23515] [PASS] STORE lane=3 addr=0x250 data=0x7b14f2ab op=0x9 R:329 W:0
# [23525] [PASS] STORE lane=0 addr=0x7f data=0x27a4d79f op=0x8 R:330 W:0
# [23535] [PASS] STORE lane=0 addr=0xb4 data=0xa8fdfa3d op=0xa R:331 W:0
# [23665] [PASS] LOAD lane=0 addr=0x52a data=0x0 exp=0x0 op=0x1 R:332 W:0
# [23725] [PASS] LOAD lane=1 addr=0x370 data=0x0 exp=0x0 op=0x1 R:333 W:0
# [23735] [PASS] STORE lane=0 addr=0xb4 data=0xc1c1e8dd op=0x8 R:334 W:0
# [23805] [PASS] STORE lane=3 addr=0x55c data=0xd34466f3 op=0x9 R:335 W:0
# [23945] [PASS] LOAD lane=2 addr=0x3c4 data=0x9b exp=0x9b op=0x4 R:336 W:0
# [24055] [PASS] STORE lane=2 addr=0x44 data=0x98cfee77 op=0x9 R:337 W:0
# [24065] [PASS] STORE lane=3 addr=0x59 data=0x1f845882 op=0x8 R:338 W:0
# [24075] [PASS] STORE lane=2 addr=0xb4c data=0xcf948ba9 op=0xa R:339 W:0
# [24085] [PASS] STORE lane=1 addr=0x38c data=0xa09e0491 op=0x9 R:340 W:0
# [24245] [PASS] LOAD lane=1 addr=0x542 data=0x0 exp=0x0 op=0x1 R:341 W:0
# [24375] [PASS] LOAD lane=1 addr=0x448 data=0x0 exp=0x0 op=0x5 R:342 W:0
# [24505] [PASS] LOAD lane=1 addr=0x19c data=0x0 exp=0x0 op=0x5 R:343 W:0
# [24595] [PASS] LOAD lane=0 addr=0x2ca data=0x0 exp=0x0 op=0x0 R:344 W:0
# [24695] [PASS] LOAD lane=0 addr=0x102 data=0xffffde92 exp=0xffffde92 op=0x1 R:345 W:0
# [24845] [PASS] LOAD lane=1 addr=0x1cc data=0x0 exp=0x0 op=0x0 R:346 W:0
# [24855] [PASS] STORE lane=3 addr=0x246 data=0xf38a0256 op=0x8 R:347 W:0
# [24865] [PASS] STORE lane=2 addr=0x3fc data=0x35fae3a1 op=0xa R:348 W:0
# [24875] [PASS] STORE lane=1 addr=0x85 data=0xa5a98267 op=0x8 R:349 W:0
# [25025] [PASS] LOAD lane=1 addr=0x150 data=0x0 exp=0x0 op=0x4 R:350 W:0
# [25035] [PASS] STORE lane=3 addr=0x7f4 data=0x1d1f8fe5 op=0xa R:351 W:0
# [25115] [PASS] LOAD lane=3 addr=0x334 data=0x7f exp=0x7f op=0x1 R:352 W:0
# [25225] [PASS] LOAD lane=3 addr=0x15 data=0x0 exp=0x0 op=0x0 R:353 W:0
# [25235] [PASS] STORE lane=2 addr=0x1f2 data=0x9377ea5b op=0x9 R:354 W:0
# [25375] [PASS] LOAD lane=1 addr=0x32f data=0x0 exp=0x0 op=0x0 R:355 W:0
# [25435] [PASS] LOAD lane=3 addr=0x1ae data=0x65 exp=0x65 op=0x4 R:356 W:0
# [25565] [PASS] LOAD lane=2 addr=0x1e4 data=0x0 exp=0x0 op=0x2 R:357 W:0
# [25625] [PASS] LOAD lane=2 addr=0x1d6 data=0x0 exp=0x0 op=0x4 R:358 W:0
# [25755] [PASS] LOAD lane=3 addr=0xde data=0x0 exp=0x0 op=0x5 R:359 W:0
# [25905] [PASS] LOAD lane=3 addr=0x708 data=0x1 exp=0x1 op=0x1 R:360 W:0
# [25915] [PASS] STORE lane=2 addr=0x9a4 data=0x20d17497 op=0xa R:361 W:0
# [26005] [PASS] LOAD lane=3 addr=0x47e data=0x0 exp=0x0 op=0x1 R:362 W:0
# [26015] [PASS] STORE lane=3 addr=0x4d8 data=0xd9579ba op=0xa R:363 W:0
# [26155] [PASS] LOAD lane=0 addr=0x2c2 data=0x0 exp=0x0 op=0x0 R:364 W:0
# [26305] [PASS] LOAD lane=0 addr=0xdd0 data=0x0 exp=0x0 op=0x2 R:365 W:0
# [26315] [PASS] STORE lane=3 addr=0x394 data=0xe3fb7223 op=0xa R:366 W:0
# [26325] [PASS] STORE lane=0 addr=0x1e data=0xe75e521b op=0x8 R:367 W:0
# [26465] [PASS] LOAD lane=1 addr=0x8d8 data=0x0 exp=0x0 op=0x2 R:368 W:0
# [26595] [PASS] LOAD lane=0 addr=0x3e3 data=0x0 exp=0x0 op=0x4 R:369 W:0
# [26685] [PASS] STORE lane=2 addr=0x6e4 data=0xfc43c6f1 op=0x9 R:370 W:0
# [26785] [PASS] LOAD lane=1 addr=0x2f7 data=0x0 exp=0x0 op=0x0 R:371 W:0
# [26795] [PASS] STORE lane=2 addr=0x318 data=0xe375fa2e op=0x8 R:372 W:0
# [26805] [PASS] STORE lane=3 addr=0x3a8 data=0x8abc8eee op=0xa R:373 W:0
# [26815] [PASS] STORE lane=1 addr=0x23d data=0x3bab608 op=0x8 R:374 W:0
# [26955] [PASS] LOAD lane=0 addr=0xf6 data=0x0 exp=0x0 op=0x4 R:375 W:0
# [26965] [PASS] STORE lane=2 addr=0xc6 data=0x2fa49b3c op=0x9 R:376 W:0
# [27055] [PASS] LOAD lane=1 addr=0x6a8 data=0x0 exp=0x0 op=0x2 R:377 W:0
# [27195] [PASS] LOAD lane=0 addr=0x35c data=0x0 exp=0x0 op=0x2 R:378 W:0
# [27205] [PASS] STORE lane=2 addr=0xcc0 data=0x2079f763 op=0xa R:379 W:0
# [27215] [PASS] STORE lane=0 addr=0xa0 data=0xbc215cb5 op=0xa R:380 W:0
# [27295] [PASS] LOAD lane=1 addr=0x19a data=0x0 exp=0x0 op=0x5 R:381 W:0
# [27415] [PASS] LOAD lane=0 addr=0x658 data=0x0 exp=0x0 op=0x2 R:382 W:0
# [27485] [PASS] LOAD lane=3 addr=0x508 data=0x0 exp=0x0 op=0x5 R:383 W:0
# [27495] [PASS] STORE lane=0 addr=0x2ac data=0x6bdeebe op=0xa R:384 W:0
# [27505] [PASS] STORE lane=1 addr=0x36e data=0x797ce2e3 op=0x8 R:385 W:0
# [27635] [PASS] LOAD lane=2 addr=0x214 data=0xffff8d0a exp=0xffff8d0a op=0x1 R:386 W:0
# [27645] [PASS] STORE lane=0 addr=0x2d6 data=0x7ee10b8f op=0x8 R:387 W:0
# [27765] [PASS] LOAD lane=0 addr=0x27a data=0x0 exp=0x0 op=0x1 R:388 W:0
# [27775] [PASS] STORE lane=3 addr=0x542 data=0xff3f7b7e op=0x9 R:389 W:0
# [27785] [PASS] STORE lane=1 addr=0xe48 data=0xf9737587 op=0xa R:390 W:0
# [27845] [PASS] LOAD lane=3 addr=0x544 data=0x0 exp=0x0 op=0x1 R:391 W:0
# [27915] [PASS] LOAD lane=1 addr=0x1f1 data=0x0 exp=0x0 op=0x4 R:392 W:0
# [27925] [PASS] STORE lane=0 addr=0xe18 data=0x388d719e op=0xa R:393 W:0
# [27935] [PASS] STORE lane=0 addr=0x5da data=0x55562206 op=0x9 R:394 W:0
# [27955] [PASS] STORE lane=3 addr=0xecc data=0x45a406cb op=0xa R:395 W:0
# [27965] [PASS] STORE lane=3 addr=0xe6 data=0x1a8d765 op=0x8 R:396 W:0
# [27975] [PASS] STORE lane=1 addr=0x5 data=0x28ecdc9 op=0x8 R:397 W:0
# [27985] [PASS] STORE lane=2 addr=0x568 data=0x2fb6e593 op=0x9 R:398 W:0
# [28005] [PASS] STORE lane=0 addr=0x33a data=0xd73e15a6 op=0x8 R:399 W:0
# [28155] [PASS] LOAD lane=1 addr=0x45a data=0x0 exp=0x0 op=0x5 R:400 W:0
# [28285] [PASS] LOAD lane=3 addr=0x244 data=0x0 exp=0x0 op=0x4 R:401 W:0
# [28295] [PASS] STORE lane=1 addr=0x10c data=0xfa46967c op=0xa R:402 W:0
# [28305] [PASS] STORE lane=2 addr=0x136 data=0x8de08651 op=0x9 R:403 W:0
# [28325] [PASS] STORE lane=2 addr=0x3b0 data=0xebe863be op=0x8 R:404 W:0
# [28475] [PASS] LOAD lane=3 addr=0x73c data=0x0 exp=0x0 op=0x5 R:405 W:0
# [28625] [PASS] LOAD lane=0 addr=0x268 data=0x0 exp=0x0 op=0x0 R:406 W:0
# [28635] [PASS] STORE lane=2 addr=0x6a8 data=0x4e0e859c op=0x9 R:407 W:0
# [28755] [PASS] LOAD lane=1 addr=0x1d4 data=0x0 exp=0x0 op=0x4 R:408 W:0
# [28875] [PASS] LOAD lane=3 addr=0x154 data=0x0 exp=0x0 op=0x2 R:409 W:0
# [28885] [PASS] STORE lane=1 addr=0x116 data=0xb7b3c2da op=0x8 R:410 W:0
# [29035] [PASS] LOAD lane=3 addr=0x1ad data=0x0 exp=0x0 op=0x4 R:411 W:0
# [29045] [PASS] STORE lane=2 addr=0x420 data=0x9f4aef77 op=0xa R:412 W:0
# [29195] [PASS] LOAD lane=3 addr=0xc80 data=0x0 exp=0x0 op=0x2 R:413 W:0
# [29205] [PASS] STORE lane=3 addr=0x47 data=0xeeb6b0ae op=0x8 R:414 W:0
# [29215] [PASS] STORE lane=1 addr=0x208 data=0xd1fa1bd3 op=0x8 R:415 W:0
# [29275] [PASS] STORE lane=3 addr=0xf60 data=0x447dadf1 op=0xa R:416 W:0
# [29395] [PASS] LOAD lane=0 addr=0x1ca data=0x0 exp=0x0 op=0x0 R:417 W:0
# [29505] [PASS] LOAD lane=3 addr=0x484 data=0x0 exp=0x0 op=0x1 R:418 W:0
# [29515] [PASS] STORE lane=1 addr=0xe54 data=0x7e48a2e op=0xa R:419 W:0
# [29525] [PASS] STORE lane=1 addr=0x216 data=0x8abe400e op=0x9 R:420 W:0
# [29655] [PASS] LOAD lane=1 addr=0x660 data=0x0 exp=0x0 op=0x2 R:421 W:0
# [29725] [PASS] LOAD lane=2 addr=0x1b4 data=0x0 exp=0x0 op=0x2 R:422 W:0
# [29825] [PASS] LOAD lane=0 addr=0x4c2 data=0x0 exp=0x0 op=0x5 R:423 W:0
# [29835] [PASS] STORE lane=1 addr=0x1d9 data=0x57204437 op=0x8 R:424 W:0
# [29935] [PASS] LOAD lane=3 addr=0xc data=0x0 exp=0x0 op=0x5 R:425 W:0
# [29945] [PASS] STORE lane=2 addr=0x958 data=0xf91351c9 op=0xa R:426 W:0
# [30175] [PASS] LOAD lane=0 addr=0x327 data=0x0 exp=0x0 op=0x0 R:427 W:0
# [30185] [PASS] STORE lane=2 addr=0x1b2 data=0x81f8a6d5 op=0x8 R:428 W:0
# [30265] [PASS] LOAD lane=3 addr=0x149 data=0x0 exp=0x0 op=0x0 R:429 W:0
# [30275] [PASS] STORE lane=0 addr=0x10 data=0x4948a468 op=0x9 R:430 W:0
# [30435] [PASS] LOAD lane=1 addr=0x5a data=0x0 exp=0x0 op=0x0 R:431 W:0
# [30545] [PASS] LOAD lane=2 addr=0x688 data=0x0 exp=0x0 op=0x5 R:432 W:0
# [30665] [PASS] LOAD lane=1 addr=0x4c8 data=0x0 exp=0x0 op=0x1 R:433 W:0
# [30815] [PASS] LOAD lane=0 addr=0x15a data=0x3b00 exp=0x3b00 op=0x5 R:434 W:0
# [30925] [PASS] LOAD lane=2 addr=0x276 data=0x0 exp=0x0 op=0x4 R:435 W:0
# [30935] [PASS] STORE lane=1 addr=0x490 data=0x861ff901 op=0xa R:436 W:0
# [30945] [PASS] STORE lane=3 addr=0x36e data=0xf3f1feb op=0x9 R:437 W:0
# [30955] [PASS] STORE lane=2 addr=0xd2 data=0x65c5d6a op=0x9 R:438 W:0
# [31035] [PASS] LOAD lane=1 addr=0x108 data=0xffff8001 exp=0xffff8001 op=0x1 R:439 W:0
# [31135] [PASS] LOAD lane=1 addr=0x3ee data=0x0 exp=0x0 op=0x1 R:440 W:0
# [31275] [PASS] LOAD lane=0 addr=0xb2 data=0x0 exp=0x0 op=0x0 R:441 W:0
# [31425] [PASS] LOAD lane=2 addr=0x4b6 data=0x0 exp=0x0 op=0x5 R:442 W:0
# [31575] [PASS] LOAD lane=0 addr=0x466 data=0x0 exp=0x0 op=0x1 R:443 W:0
# [31585] [PASS] STORE lane=3 addr=0x576 data=0xc0d1a600 op=0x9 R:444 W:0
# [31725] [PASS] LOAD lane=3 addr=0xc4 data=0x0 exp=0x0 op=0x5 R:445 W:0
# [31735] [PASS] STORE lane=2 addr=0x1b4 data=0x513260d5 op=0x8 R:446 W:0
# [31805] [PASS] LOAD lane=1 addr=0x15f data=0x0 exp=0x0 op=0x0 R:447 W:0
# [31905] [PASS] LOAD lane=0 addr=0x3 data=0x0 exp=0x0 op=0x4 R:448 W:0
# [32045] [PASS] LOAD lane=3 addr=0x35f data=0x0 exp=0x0 op=0x4 R:449 W:0
# [32055] [PASS] STORE lane=3 addr=0x7a4 data=0xa423ca69 op=0x9 R:450 W:0
# [32195] [PASS] LOAD lane=0 addr=0x690 data=0x0 exp=0x0 op=0x2 R:451 W:0
# [32335] [PASS] LOAD lane=2 addr=0x2dd data=0xffffffb6 exp=0xffffffb6 op=0x0 R:452 W:0
# [32345] [PASS] STORE lane=1 addr=0x5a0 data=0x95bed52d op=0x9 R:453 W:0
# [32445] [PASS] LOAD lane=1 addr=0x5f4 data=0x0 exp=0x0 op=0x2 R:454 W:0
# [32455] [PASS] STORE lane=2 addr=0x2ba data=0xa494b228 op=0x9 R:455 W:0
# [32535] [PASS] LOAD lane=2 addr=0x2c0 data=0x0 exp=0x0 op=0x1 R:456 W:0
# [32545] [PASS] STORE lane=0 addr=0x5cc data=0x72248faf op=0x9 R:457 W:0
# [32555] [PASS] STORE lane=1 addr=0x2e data=0xc8f79f2a op=0x8 R:458 W:0
# [32575] [PASS] STORE lane=0 addr=0x4ac data=0xfb03c721 op=0xa R:459 W:0
# [32585] [PASS] STORE lane=2 addr=0x362 data=0x3ae03ec8 op=0x9 R:460 W:0
# [32755] [PASS] LOAD lane=0 addr=0x226 data=0xcc exp=0xcc op=0x4 R:461 W:0
# [32905] [PASS] LOAD lane=0 addr=0xa18 data=0x0 exp=0x0 op=0x2 R:462 W:0
# [33015] [PASS] LOAD lane=0 addr=0x56a data=0x0 exp=0x0 op=0x5 R:463 W:0
# [33115] [PASS] LOAD lane=0 addr=0xee0 data=0x0 exp=0x0 op=0x2 R:464 W:0
# [33125] [PASS] STORE lane=0 addr=0xa30 data=0x92a84ddf op=0xa R:465 W:0
# [33305] [PASS] LOAD lane=3 addr=0x246 data=0x56 exp=0x56 op=0x5 R:466 W:0
# [33315] [PASS] STORE lane=3 addr=0x322 data=0x560e78f2 op=0x8 R:467 W:0
# [33495] [PASS] LOAD lane=3 addr=0x35d data=0x0 exp=0x0 op=0x0 R:468 W:0
# [33635] [PASS] LOAD lane=3 addr=0x440 data=0x0 exp=0x0 op=0x2 R:469 W:0
# [33705] [PASS] LOAD lane=1 addr=0x644 data=0x0 exp=0x0 op=0x5 R:470 W:0
# [33715] [PASS] STORE lane=3 addr=0x3c4 data=0x7b9e2657 op=0x9 R:471 W:0
# [33805] [PASS] LOAD lane=0 addr=0xa38 data=0x0 exp=0x0 op=0x2 R:472 W:0
# [33865] [PASS] LOAD lane=1 addr=0x118 data=0x0 exp=0x0 op=0x5 R:473 W:0
# [33875] [PASS] STORE lane=2 addr=0x630 data=0x74660b79 op=0xa R:474 W:0
# [34035] [PASS] LOAD lane=3 addr=0x5 data=0xffffffc9 exp=0xffffffc9 op=0x0 R:475 W:0
# [34095] [PASS] LOAD lane=2 addr=0x4ec data=0x0 exp=0x0 op=0x2 R:476 W:0
# [34245] [PASS] LOAD lane=3 addr=0x76a data=0x0 exp=0x0 op=0x5 R:477 W:0
# [34255] [PASS] STORE lane=2 addr=0x224 data=0x55859e16 op=0xa R:478 W:0
# [34265] [PASS] STORE lane=2 addr=0x752 data=0xda70dede op=0x9 R:479 W:0
# [34335] [PASS] STORE lane=1 addr=0x124 data=0xf4eea67e op=0x9 R:480 W:0
# [34485] [PASS] LOAD lane=3 addr=0xe0 data=0x0 exp=0x0 op=0x2 R:481 W:0
# [34495] [PASS] STORE lane=2 addr=0x482 data=0x93837de6 op=0x9 R:482 W:0
# [34505] [PASS] STORE lane=3 addr=0x82 data=0x27247f19 op=0x9 R:483 W:0
# [34665] [PASS] LOAD lane=1 addr=0x2bd data=0x0 exp=0x0 op=0x4 R:484 W:0
# [34795] [PASS] LOAD lane=2 addr=0x69e data=0x0 exp=0x0 op=0x5 R:485 W:0
# [34855] [PASS] LOAD lane=3 addr=0x38 data=0xe exp=0xe op=0x2 R:486 W:0
# [34975] [PASS] LOAD lane=2 addr=0x67e data=0x0 exp=0x0 op=0x5 R:487 W:0
# [35135] [PASS] LOAD lane=2 addr=0x280 data=0xd3 exp=0xd3 op=0x4 R:488 W:0
# [35145] [PASS] STORE lane=3 addr=0x376 data=0xfe010976 op=0x8 R:489 W:0
# [35255] [PASS] LOAD lane=1 addr=0x12e data=0x0 exp=0x0 op=0x5 R:490 W:0
# [35415] [PASS] LOAD lane=3 addr=0x311 data=0x0 exp=0x0 op=0x4 R:491 W:0
# [35485] [PASS] LOAD lane=2 addr=0x3d4 data=0x0 exp=0x0 op=0x5 R:492 W:0
# [35635] [PASS] LOAD lane=1 addr=0x63e data=0x0 exp=0x0 op=0x5 R:493 W:0
# [35735] [PASS] LOAD lane=1 addr=0x2f0 data=0x0 exp=0x0 op=0x2 R:494 W:0
# [35815] [PASS] LOAD lane=2 addr=0x2b0 data=0x0 exp=0x0 op=0x5 R:495 W:0
# [35905] [PASS] STORE lane=2 addr=0x1c4 data=0x7a17e989 op=0xa R:496 W:0
# [36025] [PASS] LOAD lane=2 addr=0x6cc data=0x0 exp=0x0 op=0x1 R:497 W:0
# [36115] [PASS] LOAD lane=0 addr=0x1d2 data=0x0 exp=0x0 op=0x5 R:498 W:0
# [36125] [PASS] STORE lane=0 addr=0x160 data=0x6a00525a op=0x8 R:499 W:0
# [36275] [PASS] LOAD lane=3 addr=0x70 data=0x0 exp=0x0 op=0x4 R:500 W:0
# [36385] [PASS] LOAD lane=2 addr=0x2ca data=0x0 exp=0x0 op=0x1 R:501 W:0
# [36395] [PASS] STORE lane=1 addr=0xb10 data=0x96273927 op=0xa R:502 W:0
# [36495] [PASS] STORE lane=2 addr=0xf1 data=0x2e69eac6 op=0x8 R:503 W:0
# [36565] [PASS] LOAD lane=1 addr=0x370 data=0x0 exp=0x0 op=0x1 R:504 W:0
# [36675] [PASS] LOAD lane=2 addr=0x11b data=0x0 exp=0x0 op=0x0 R:505 W:0
# [36815] [PASS] LOAD lane=3 addr=0x950 data=0x0 exp=0x0 op=0x2 R:506 W:0
# [36825] [PASS] STORE lane=2 addr=0x159 data=0xff03e013 op=0x8 R:507 W:0
# [36885] [PASS] LOAD lane=2 addr=0x13d data=0x0 exp=0x0 op=0x0 R:508 W:0
# [36895] [PASS] STORE lane=2 addr=0x2fd data=0x18b3d93a op=0x8 R:509 W:0
# [37035] [PASS] LOAD lane=3 addr=0x3e5 data=0x0 exp=0x0 op=0x4 R:510 W:0
# [37125] [PASS] LOAD lane=0 addr=0x4a data=0x0 exp=0x0 op=0x4 R:511 W:0
# [37285] [PASS] LOAD lane=2 addr=0x286 data=0x0 exp=0x0 op=0x5 R:512 W:0
# [37405] [PASS] LOAD lane=1 addr=0x63a data=0x0 exp=0x0 op=0x1 R:513 W:0
# [37495] [PASS] LOAD lane=0 addr=0x304 data=0x0 exp=0x0 op=0x2 R:514 W:0
# [37505] [PASS] STORE lane=3 addr=0xea0 data=0x714788c5 op=0xa R:515 W:0
# [37515] [PASS] STORE lane=2 addr=0x237 data=0xbfc81203 op=0x8 R:516 W:0
# [37695] [PASS] LOAD lane=0 addr=0x2e2 data=0x42 exp=0x42 op=0x0 R:517 W:0
# [37705] [PASS] STORE lane=1 addr=0x3e8 data=0x3b4cecb0 op=0x9 R:518 W:0
# [37795] [PASS] LOAD lane=2 addr=0x2c8 data=0x0 exp=0x0 op=0x5 R:519 W:0
# [37885] [PASS] LOAD lane=2 addr=0x69 data=0x0 exp=0x0 op=0x4 R:520 W:0
# [37895] [PASS] STORE lane=0 addr=0x182 data=0xd0b6a961 op=0x9 R:521 W:0
# [38055] [PASS] LOAD lane=2 addr=0x22a data=0x0 exp=0x0 op=0x1 R:522 W:0
# [38125] [PASS] LOAD lane=0 addr=0x1f data=0x0 exp=0x0 op=0x0 R:523 W:0
# [38135] [PASS] STORE lane=0 addr=0xab4 data=0xcaac72e1 op=0xa R:524 W:0
# [38285] [PASS] LOAD lane=3 addr=0x4bc data=0xfc8a exp=0xfc8a op=0x2 R:525 W:0
# [38395] [PASS] LOAD lane=0 addr=0x1bd data=0x60 exp=0x60 op=0x4 R:526 W:0
# [38535] [PASS] STORE lane=0 addr=0x6b8 data=0x5637efcc op=0x9 R:527 W:0
# [38665] [PASS] STORE lane=1 addr=0x5f8 data=0xbb1c23f7 op=0xa R:528 W:0
# [38825] [PASS] LOAD lane=2 addr=0x874 data=0x0 exp=0x0 op=0x2 R:529 W:0
# [38915] [PASS] LOAD lane=2 addr=0x2ec data=0x0 exp=0x0 op=0x5 R:530 W:0
# [39065] [PASS] LOAD lane=1 addr=0x58e data=0x0 exp=0x0 op=0x5 R:531 W:0
# [39075] [PASS] STORE lane=1 addr=0x81 data=0x3af1aaf0 op=0x8 R:532 W:0
# [39225] [PASS] LOAD lane=2 addr=0x280 data=0xffffffd3 exp=0xffffffd3 op=0x0 R:533 W:0
# SCOREBOARD total=533 pass=533 fail=0
# COVERAGE issue_cov=91.67%
# LSU_V2 PASSED
# ** Note: $finish    : tb/tests/vx_lsu_slice_tb_v2.sv(475)
#    Time: 39725 ns  Iteration: 1  Instance: /lsu_slice_tb_v2
# End time: 04:12:27 on Jun 22,2026, Elapsed time: 0:00:21
# Errors: 0, Warnings: 0

