Reading pref.tcl

# 2021.1

# vsim -c work_regression.lsu_slice_tb_v2 -sv_seed 7 "+SEED=7" "+NUM_OPS=500" -do "run -all; quit -f" 
# Start time: 04:11:37 on Jun 22,2026
# ** Note: (vsim-8009) Loading existing optimized design _opt
# //  Questa Sim-64
# //  Version 2021.1 win64 Jan 19 2021
# //
# //  Copyright 1991-2021 Mentor Graphics Corporation
# //  All Rights Reserved.
# //
# //  QuestaSim and its associated documentation contain trade
# //  secrets and commercial or financial information that are the property of
# //  Mentor Graphics Corporation and are privileged, confidential,
# //  and exempt from disclosure under the Freedom of Information Act,
# //  5 U.S.C. Section 552. Furthermore, this information
# //  is prohibited from disclosure under the Trade Secrets Act,
# //  18 U.S.C. Section 1905.
# //
# Loading sv_std.std
# Loading work.VX_gpu_pkg(fast)
# Loading work.lsu_sequence_item_pkg(fast)
# Loading work.lsu_scoreboard_pkg(fast)
# Loading work.lsu_monitor_pkg(fast)
# Loading work.vx_lsu_slice_tb_v2_sv_unit(fast)
# Loading work.lsu_slice_tb_v2(fast)
# Loading work.VX_lsu_slice(fast)
# Loading work.VX_elastic_buffer(fast__3)
# Loading work.VX_elastic_buffer(fast__4)
# Loading work.VX_stream_arb(fast)
# Loading work.lsu_mem_model_rand_sv_unit(fast)
# Loading work.lsu_mem_model_rand(fast)
# run -all
# [75] [PASS] STORE lane=0 addr=0x100 data=0xdeadbeef op=0xa R:1 W:0
# [155] [PASS] LOAD lane=0 addr=0x100 data=0xdeadbeef exp=0xdeadbeef op=0x2 R:2 W:0
# [165] [PASS] STORE lane=1 addr=0x108 data=0x8001 op=0x9 R:3 W:0
# [265] [PASS] LOAD lane=1 addr=0x108 data=0xffff8001 exp=0xffff8001 op=0x1 R:4 W:0
# [345] [PASS] LOAD lane=1 addr=0x108 data=0x8001 exp=0x8001 op=0x5 R:5 W:0
# [355] [PASS] STORE lane=2 addr=0x10c data=0x80 op=0x8 R:6 W:0
# [445] [PASS] LOAD lane=2 addr=0x10c data=0xffffff80 exp=0xffffff80 op=0x0 R:7 W:0
# [505] [PASS] LOAD lane=2 addr=0x10c data=0x80 exp=0x80 op=0x4 R:8 W:0
# [515] [PASS] STORE lane=3 addr=0x3f8 data=0xa5a5a5a5 op=0xa R:9 W:0
# [675] [PASS] LOAD lane=3 addr=0x3f8 data=0xa5a5a5a5 exp=0xa5a5a5a5 op=0x2 R:10 W:0
# [685] [PASS] STORE lane=0 addr=0x3fc data=0xf00f op=0x9 R:11 W:0
# [825] [PASS] LOAD lane=0 addr=0x3fc data=0xfffff00f exp=0xfffff00f op=0x1 R:12 W:0
# [835] [PASS] STORE lane=1 addr=0x3ff data=0xff op=0x8 R:13 W:0
# [915] [PASS] LOAD lane=1 addr=0x3ff data=0xff exp=0xff op=0x4 R:14 W:0
# [925] [PASS] STORE lane=0 addr=0x500 data=0x11110000 op=0xa R:15 W:0
# [1075] [PASS] LOAD lane=0 addr=0x500 data=0x11110000 exp=0x11110000 op=0x2 R:16 W:0
# [1085] [PASS] STORE lane=0 addr=0x502 data=0x8080 op=0x9 R:17 W:0
# [1225] [PASS] LOAD lane=0 addr=0x502 data=0xffff8080 exp=0xffff8080 op=0x1 R:18 W:0
# [1325] [PASS] LOAD lane=0 addr=0x502 data=0x8080 exp=0x8080 op=0x5 R:19 W:0
# [1335] [PASS] STORE lane=0 addr=0x501 data=0x80 op=0x8 R:20 W:0
# [1445] [PASS] LOAD lane=0 addr=0x501 data=0xffffff80 exp=0xffffff80 op=0x0 R:21 W:0
# [1505] [PASS] LOAD lane=0 addr=0x501 data=0x80 exp=0x80 op=0x4 R:22 W:0
# [1515] [PASS] STORE lane=1 addr=0x510 data=0x10100101 op=0xa R:23 W:0
# [1655] [PASS] LOAD lane=1 addr=0x510 data=0x10100101 exp=0x10100101 op=0x2 R:24 W:0
# [1665] [PASS] STORE lane=1 addr=0x512 data=0x8081 op=0x9 R:25 W:0
# [1735] [PASS] LOAD lane=1 addr=0x512 data=0xffff8081 exp=0xffff8081 op=0x1 R:26 W:0
# [1865] [PASS] LOAD lane=1 addr=0x512 data=0x8081 exp=0x8081 op=0x5 R:27 W:0
# [1875] [PASS] STORE lane=1 addr=0x511 data=0x81 op=0x8 R:28 W:0
# [1985] [PASS] LOAD lane=1 addr=0x511 data=0xffffff81 exp=0xffffff81 op=0x0 R:29 W:0
# [2045] [PASS] LOAD lane=1 addr=0x511 data=0x81 exp=0x81 op=0x4 R:30 W:0
# [2055] [PASS] STORE lane=2 addr=0x520 data=0x13130202 op=0xa R:31 W:0
# [2195] [PASS] LOAD lane=2 addr=0x520 data=0x13130202 exp=0x13130202 op=0x2 R:32 W:0
# [2205] [PASS] STORE lane=2 addr=0x522 data=0x8082 op=0x9 R:33 W:0
# [2335] [PASS] LOAD lane=2 addr=0x522 data=0xffff8082 exp=0xffff8082 op=0x1 R:34 W:0
# [2455] [PASS] LOAD lane=2 addr=0x522 data=0x8082 exp=0x8082 op=0x5 R:35 W:0
# [2465] [PASS] STORE lane=2 addr=0x521 data=0x82 op=0x8 R:36 W:0
# [2585] [PASS] LOAD lane=2 addr=0x521 data=0xffffff82 exp=0xffffff82 op=0x0 R:37 W:0
# [2735] [PASS] LOAD lane=2 addr=0x521 data=0x82 exp=0x82 op=0x4 R:38 W:0
# [2745] [PASS] STORE lane=3 addr=0x530 data=0x12120303 op=0xa R:39 W:0
# [2875] [PASS] LOAD lane=3 addr=0x530 data=0x12120303 exp=0x12120303 op=0x2 R:40 W:0
# [2885] [PASS] STORE lane=3 addr=0x532 data=0x8083 op=0x9 R:41 W:0
# [2975] [PASS] LOAD lane=3 addr=0x532 data=0xffff8083 exp=0xffff8083 op=0x1 R:42 W:0
# [3035] [PASS] LOAD lane=3 addr=0x532 data=0x8083 exp=0x8083 op=0x5 R:43 W:0
# [3045] [PASS] STORE lane=3 addr=0x531 data=0x83 op=0x8 R:44 W:0
# [3195] [PASS] LOAD lane=3 addr=0x531 data=0xffffff83 exp=0xffffff83 op=0x0 R:45 W:0
# [3295] [PASS] LOAD lane=3 addr=0x531 data=0x83 exp=0x83 op=0x4 R:46 W:0
# [3305] [PASS] STORE lane=0 addr=0x700 data=0xa5000000 op=0xa R:47 W:0
# [3415] [PASS] LOAD lane=0 addr=0x700 data=0xa5000000 exp=0xa5000000 op=0x2 R:48 W:0
# [3425] [PASS] STORE lane=0 addr=0x700 data=0x5a000000 op=0xa R:49 W:0
# [3655] [PASS] LOAD lane=0 addr=0x700 data=0x5a000000 exp=0x5a000000 op=0x2 R:50 W:0
# [3665] [PASS] STORE lane=1 addr=0x708 data=0xa5000001 op=0xa R:51 W:0
# [3815] [PASS] LOAD lane=1 addr=0x708 data=0xa5000001 exp=0xa5000001 op=0x2 R:52 W:0
# [3825] [PASS] STORE lane=1 addr=0x708 data=0x5a000001 op=0xa R:53 W:0
# [3975] [PASS] LOAD lane=1 addr=0x708 data=0x5a000001 exp=0x5a000001 op=0x2 R:54 W:0
# [3985] [PASS] STORE lane=2 addr=0x710 data=0xa5000002 op=0xa R:55 W:0
# [4105] [PASS] LOAD lane=2 addr=0x710 data=0xa5000002 exp=0xa5000002 op=0x2 R:56 W:0
# [4115] [PASS] STORE lane=2 addr=0x710 data=0x5a000002 op=0xa R:57 W:0
# [4335] [PASS] LOAD lane=2 addr=0x710 data=0x5a000002 exp=0x5a000002 op=0x2 R:58 W:0
# [4345] [PASS] STORE lane=3 addr=0x718 data=0xa5000003 op=0xa R:59 W:0
# [4585] [PASS] LOAD lane=3 addr=0x718 data=0xa5000003 exp=0xa5000003 op=0x2 R:60 W:0
# [4595] [PASS] STORE lane=3 addr=0x718 data=0x5a000003 op=0xa R:61 W:0
# [4755] [PASS] LOAD lane=3 addr=0x718 data=0x5a000003 exp=0x5a000003 op=0x2 R:62 W:0
# [4905] [PASS] LOAD lane=1 addr=0x344 data=0x0 exp=0x0 op=0x2 R:63 W:0
# [4915] [PASS] STORE lane=1 addr=0x6bc data=0x46fafe58 op=0xa R:64 W:0
# [4925] [PASS] STORE lane=2 addr=0x1dc data=0xe04ee521 op=0x8 R:65 W:0
# [5015] [PASS] LOAD lane=1 addr=0x10e data=0x0 exp=0x0 op=0x0 R:66 W:0
# [5025] [PASS] STORE lane=0 addr=0x258 data=0x5b76d5cd op=0xa R:67 W:0
# [5165] [PASS] LOAD lane=1 addr=0x71c data=0x0 exp=0x0 op=0x5 R:68 W:0
# [5175] [PASS] STORE lane=3 addr=0x524 data=0x2a3e0a5d op=0x9 R:69 W:0
# [5185] [PASS] STORE lane=2 addr=0x914 data=0x48a9c1e4 op=0xa R:70 W:0
# [5195] [PASS] STORE lane=1 addr=0x1a0 data=0xb1806c5d op=0x9 R:71 W:0
# [5205] [PASS] STORE lane=0 addr=0x2e0 data=0x68dd0949 op=0xa R:72 W:0
# [5215] [PASS] STORE lane=0 addr=0x1de data=0x54ca04a4 op=0x8 R:73 W:0
# [5385] [PASS] LOAD lane=2 addr=0x3ee data=0x0 exp=0x0 op=0x0 R:74 W:0
# [5445] [PASS] LOAD lane=3 addr=0x2ce data=0x0 exp=0x0 op=0x4 R:75 W:0
# [5575] [PASS] LOAD lane=3 addr=0x8 data=0x0 exp=0x0 op=0x1 R:76 W:0
# [5585] [PASS] STORE lane=3 addr=0x8b data=0xc82b127e op=0x8 R:77 W:0
# [5745] [PASS] LOAD lane=0 addr=0xbc data=0x0 exp=0x0 op=0x4 R:78 W:0
# [5755] [PASS] STORE lane=2 addr=0x397 data=0x35a5dd57 op=0x8 R:79 W:0
# [5905] [PASS] LOAD lane=0 addr=0x690 data=0x0 exp=0x0 op=0x1 R:80 W:0
# [6045] [PASS] LOAD lane=3 addr=0x304 data=0x0 exp=0x0 op=0x1 R:81 W:0
# [6145] [PASS] LOAD lane=1 addr=0x54 data=0x0 exp=0x0 op=0x4 R:82 W:0
# [6155] [PASS] STORE lane=0 addr=0x79c data=0x717f568c op=0x9 R:83 W:0
# [6275] [PASS] LOAD lane=2 addr=0x238 data=0x0 exp=0x0 op=0x0 R:84 W:0
# [6415] [PASS] LOAD lane=1 addr=0x391 data=0x0 exp=0x0 op=0x4 R:85 W:0
# [6565] [PASS] LOAD lane=2 addr=0x3a6 data=0x0 exp=0x0 op=0x1 R:86 W:0
# [6675] [PASS] LOAD lane=2 addr=0x183 data=0x0 exp=0x0 op=0x4 R:87 W:0
# [6815] [PASS] LOAD lane=1 addr=0x1e9 data=0x0 exp=0x0 op=0x4 R:88 W:0
# [6825] [PASS] STORE lane=0 addr=0x30c data=0xdf3110fd op=0xa R:89 W:0
# [6835] [PASS] STORE lane=1 addr=0x290 data=0xb1233a26 op=0xa R:90 W:0
# [7005] [PASS] LOAD lane=0 addr=0x454 data=0x0 exp=0x0 op=0x5 R:91 W:0
# [7115] [PASS] LOAD lane=0 addr=0x31a data=0x0 exp=0x0 op=0x5 R:92 W:0
# [7255] [PASS] STORE lane=0 addr=0x5bc data=0xcc4e86a8 op=0xa R:93 W:0
# [7405] [PASS] LOAD lane=0 addr=0xf8 data=0x0 exp=0x0 op=0x1 R:94 W:0
# [7545] [PASS] LOAD lane=1 addr=0xc data=0x0 exp=0x0 op=0x5 R:95 W:0
# [7675] [PASS] LOAD lane=1 addr=0x197 data=0x0 exp=0x0 op=0x0 R:96 W:0
# [7685] [PASS] STORE lane=3 addr=0x207 data=0xb00cda76 op=0x8 R:97 W:0
# [7925] [PASS] LOAD lane=1 addr=0x2f8 data=0x0 exp=0x0 op=0x1 R:98 W:0
# [8045] [PASS] LOAD lane=1 addr=0x50 data=0x0 exp=0x0 op=0x4 R:99 W:0
# [8055] [PASS] STORE lane=2 addr=0x31a data=0xc5cb36a8 op=0x9 R:100 W:0
# [8065] [PASS] STORE lane=2 addr=0x588 data=0xf8978da7 op=0xa R:101 W:0
# [8225] [PASS] LOAD lane=1 addr=0x2bf data=0x0 exp=0x0 op=0x0 R:102 W:0
# [8365] [PASS] LOAD lane=0 addr=0xa8 data=0x0 exp=0x0 op=0x1 R:103 W:0
# [8375] [PASS] STORE lane=0 addr=0x364 data=0xcc5c76b op=0xa R:104 W:0
# [8385] [PASS] STORE lane=1 addr=0x36f data=0xd995e589 op=0x8 R:105 W:0
# [8395] [PASS] STORE lane=3 addr=0x201 data=0x67330011 op=0x8 R:106 W:0
# [8515] [PASS] LOAD lane=3 addr=0x460 data=0x0 exp=0x0 op=0x5 R:107 W:0
# [8655] [PASS] LOAD lane=1 addr=0x274 data=0x0 exp=0x0 op=0x1 R:108 W:0
# [8665] [PASS] STORE lane=1 addr=0x1a0 data=0x2597004a op=0xa R:109 W:0
# [8675] [PASS] STORE lane=2 addr=0x79e data=0x92f1eeac op=0x9 R:110 W:0
# [8775] [PASS] LOAD lane=2 addr=0x628 data=0x0 exp=0x0 op=0x5 R:111 W:0
# [8865] [PASS] LOAD lane=2 addr=0xcd data=0x0 exp=0x0 op=0x0 R:112 W:0
# [9005] [PASS] LOAD lane=3 addr=0x2e8 data=0x0 exp=0x0 op=0x0 R:113 W:0
# [9065] [PASS] LOAD lane=2 addr=0x3ad data=0x0 exp=0x0 op=0x4 R:114 W:0
# [9075] [PASS] STORE lane=2 addr=0x2a2 data=0x6d5343b1 op=0x8 R:115 W:0
# [9235] [PASS] LOAD lane=0 addr=0x17b data=0x0 exp=0x0 op=0x0 R:116 W:0
# [9335] [PASS] LOAD lane=3 addr=0x5fe data=0x0 exp=0x0 op=0x5 R:117 W:0
# [9345] [PASS] STORE lane=3 addr=0x8a data=0x54037f35 op=0x8 R:118 W:0
# [9455] [PASS] LOAD lane=2 addr=0x6b2 data=0x0 exp=0x0 op=0x5 R:119 W:0
# [9465] [PASS] STORE lane=3 addr=0x2f4 data=0xef00424f op=0x9 R:120 W:0
# [9475] [PASS] STORE lane=3 addr=0x66e data=0xef8bc045 op=0x9 R:121 W:0
# [9495] [PASS] STORE lane=1 addr=0xfb4 data=0x75de5e8a op=0xa R:122 W:0
# [9645] [PASS] LOAD lane=0 addr=0x68 data=0x0 exp=0x0 op=0x4 R:123 W:0
# [9705] [PASS] LOAD lane=1 addr=0xf8c data=0x0 exp=0x0 op=0x2 R:124 W:0
# [9715] [PASS] STORE lane=3 addr=0x1b9 data=0x44ef719d op=0x8 R:125 W:0
# [9795] [PASS] LOAD lane=1 addr=0x47 data=0x0 exp=0x0 op=0x0 R:126 W:0
# [9885] [PASS] STORE lane=3 addr=0xeb0 data=0xb3e89865 op=0xa R:127 W:0
# [10025] [PASS] LOAD lane=1 addr=0x252 data=0x0 exp=0x0 op=0x0 R:128 W:0
# [10035] [PASS] STORE lane=3 addr=0x1b2 data=0xae56d185 op=0x9 R:129 W:0
# [10145] [PASS] LOAD lane=3 addr=0xda data=0x0 exp=0x0 op=0x1 R:130 W:0
# [10155] [PASS] STORE lane=0 addr=0x838 data=0xe224d889 op=0xa R:131 W:0
# [10305] [PASS] LOAD lane=2 addr=0x134 data=0x0 exp=0x0 op=0x4 R:132 W:0
# [10425] [PASS] LOAD lane=2 addr=0x364 data=0xc76b exp=0xc76b op=0x5 R:133 W:0
# [10435] [PASS] STORE lane=2 addr=0xc7 data=0xecd17e39 op=0x8 R:134 W:0
# [10445] [PASS] STORE lane=2 addr=0x73 data=0x55fa319c op=0x8 R:135 W:0
# [10615] [PASS] LOAD lane=1 addr=0x11c data=0x0 exp=0x0 op=0x2 R:136 W:0
# [10735] [PASS] LOAD lane=2 addr=0x492 data=0x0 exp=0x0 op=0x5 R:137 W:0
# [10745] [PASS] STORE lane=1 addr=0x810 data=0x6d4ef6d4 op=0xa R:138 W:0
# [10805] [PASS] LOAD lane=0 addr=0x28c data=0x0 exp=0x0 op=0x5 R:139 W:0
# [10935] [PASS] LOAD lane=0 addr=0x3dd data=0x0 exp=0x0 op=0x4 R:140 W:0
# [10945] [PASS] STORE lane=1 addr=0x264 data=0xd4a68328 op=0x9 R:141 W:0
# [10955] [PASS] STORE lane=0 addr=0xc9c data=0x63190af0 op=0xa R:142 W:0
# [11065] [PASS] LOAD lane=3 addr=0x3aa data=0x0 exp=0x0 op=0x5 R:143 W:0
# [11195] [PASS] LOAD lane=3 addr=0x2fa data=0x0 exp=0x0 op=0x4 R:144 W:0
# [11255] [PASS] LOAD lane=0 addr=0x2e4 data=0x0 exp=0x0 op=0x5 R:145 W:0
# [11365] [PASS] LOAD lane=1 addr=0xd8 data=0x0 exp=0x0 op=0x0 R:146 W:0
# [11495] [PASS] LOAD lane=3 addr=0x3a1 data=0x0 exp=0x0 op=0x0 R:147 W:0
# [11505] [PASS] STORE lane=2 addr=0x404 data=0xe01fa0fd op=0x9 R:148 W:0
# [11655] [PASS] LOAD lane=2 addr=0x341 data=0x0 exp=0x0 op=0x0 R:149 W:0
# [11665] [PASS] STORE lane=1 addr=0xc58 data=0xd59304ed op=0xa R:150 W:0
# [11775] [PASS] LOAD lane=0 addr=0x398 data=0x0 exp=0x0 op=0x2 R:151 W:0
# [11785] [PASS] STORE lane=1 addr=0x143 data=0xe9232768 op=0x8 R:152 W:0
# [11895] [PASS] LOAD lane=0 addr=0x360 data=0x0 exp=0x0 op=0x1 R:153 W:0
# [11905] [PASS] STORE lane=3 addr=0x2e8 data=0xd6543d0b op=0x8 R:154 W:0
# [11985] [PASS] LOAD lane=2 addr=0x305 data=0x0 exp=0x0 op=0x0 R:155 W:0
# [11995] [PASS] STORE lane=0 addr=0x17b data=0x25445a74 op=0x8 R:156 W:0
# [12125] [PASS] LOAD lane=1 addr=0x3b7 data=0x0 exp=0x0 op=0x4 R:157 W:0
# [12185] [PASS] LOAD lane=2 addr=0xb0 data=0x0 exp=0x0 op=0x5 R:158 W:0
# [12195] [PASS] STORE lane=3 addr=0x331 data=0xfe506a4a op=0x8 R:159 W:0
# [12295] [PASS] LOAD lane=3 addr=0x63a data=0x0 exp=0x0 op=0x1 R:160 W:0
# [12385] [PASS] LOAD lane=3 addr=0x8f data=0x0 exp=0x0 op=0x4 R:161 W:0
# [12445] [PASS] LOAD lane=0 addr=0x160 data=0x0 exp=0x0 op=0x0 R:162 W:0
# [12585] [PASS] LOAD lane=3 addr=0x22f data=0x0 exp=0x0 op=0x0 R:163 W:0
# [12725] [PASS] LOAD lane=1 addr=0x332 data=0x0 exp=0x0 op=0x1 R:164 W:0
# [12865] [PASS] LOAD lane=1 addr=0xfe data=0x0 exp=0x0 op=0x1 R:165 W:0
# [12965] [PASS] LOAD lane=1 addr=0x3f4 data=0x0 exp=0x0 op=0x5 R:166 W:0
# [13025] [PASS] LOAD lane=0 addr=0x27f data=0x0 exp=0x0 op=0x0 R:167 W:0
# [13245] [PASS] LOAD lane=2 addr=0xfa0 data=0x0 exp=0x0 op=0x2 R:168 W:0
# [13335] [PASS] LOAD lane=3 addr=0x3ce data=0x0 exp=0x0 op=0x1 R:169 W:0
# [13455] [PASS] LOAD lane=1 addr=0x554 data=0x0 exp=0x0 op=0x2 R:170 W:0
# [13605] [PASS] LOAD lane=3 addr=0x172 data=0x0 exp=0x0 op=0x1 R:171 W:0
# [13705] [PASS] LOAD lane=1 addr=0x6da data=0x0 exp=0x0 op=0x1 R:172 W:0
# [13715] [PASS] STORE lane=0 addr=0x283 data=0x313dea71 op=0x8 R:173 W:0
# [13725] [PASS] STORE lane=3 addr=0x3aa data=0x2eb7fa66 op=0x9 R:174 W:0
# [13805] [PASS] LOAD lane=3 addr=0x7a data=0x0 exp=0x0 op=0x1 R:175 W:0
# [13815] [PASS] STORE lane=0 addr=0xa4 data=0xca2e8a42 op=0xa R:176 W:0
# [13935] [PASS] LOAD lane=2 addr=0x5a2 data=0x0 exp=0x0 op=0x1 R:177 W:0
# [14035] [PASS] LOAD lane=0 addr=0x49a data=0x0 exp=0x0 op=0x1 R:178 W:0
# [14135] [PASS] LOAD lane=1 addr=0x296 data=0x0 exp=0x0 op=0x0 R:179 W:0
# [14145] [PASS] STORE lane=1 addr=0x2b9 data=0x64f1f4a9 op=0x8 R:180 W:0
# [14305] [PASS] STORE lane=1 addr=0x55 data=0x452f8063 op=0x8 R:181 W:0
# [14315] [PASS] STORE lane=0 addr=0x1dd data=0x18e83881 op=0x8 R:182 W:0
# [14325] [PASS] STORE lane=0 addr=0x3f7 data=0x31040cb op=0x8 R:183 W:0
# [14445] [PASS] LOAD lane=3 addr=0x6fa data=0x0 exp=0x0 op=0x5 R:184 W:0
# [14455] [PASS] STORE lane=3 addr=0x27c data=0x915a749c op=0x9 R:185 W:0
# [14575] [PASS] LOAD lane=0 addr=0x134 data=0x0 exp=0x0 op=0x5 R:186 W:0
# [14585] [PASS] STORE lane=2 addr=0x260 data=0x4f489530 op=0xa R:187 W:0
# [14685] [PASS] LOAD lane=0 addr=0x226 data=0x0 exp=0x0 op=0x0 R:188 W:0
# [14695] [PASS] STORE lane=1 addr=0x7a4 data=0xb4d808f4 op=0x9 R:189 W:0
# [14815] [PASS] LOAD lane=2 addr=0x9c data=0x0 exp=0x0 op=0x1 R:190 W:0
# [14895] [PASS] LOAD lane=2 addr=0xd9c data=0x0 exp=0x0 op=0x2 R:191 W:0
# [15005] [PASS] LOAD lane=0 addr=0x152 data=0x0 exp=0x0 op=0x1 R:192 W:0
# [15015] [PASS] STORE lane=0 addr=0xbc data=0xe00d9a5c op=0x9 R:193 W:0
# [15025] [PASS] STORE lane=3 addr=0x64e data=0xa35f0ce8 op=0x9 R:194 W:0
# [15185] [PASS] LOAD lane=0 addr=0x10c data=0xffffff80 exp=0xffffff80 op=0x0 R:195 W:0
# [15195] [PASS] STORE lane=0 addr=0x208 data=0x3f1c0d3a op=0x8 R:196 W:0
# [15205] [PASS] STORE lane=3 addr=0x16c data=0xc68b6f20 op=0xa R:197 W:0
# [15215] [PASS] STORE lane=2 addr=0x27f data=0x93060a88 op=0x8 R:198 W:0
# [15355] [PASS] LOAD lane=1 addr=0x386 data=0x0 exp=0x0 op=0x5 R:199 W:0
# [15485] [PASS] LOAD lane=0 addr=0x23e data=0x0 exp=0x0 op=0x1 R:200 W:0
# [15645] [PASS] LOAD lane=1 addr=0x54c data=0x0 exp=0x0 op=0x1 R:201 W:0
# [15655] [PASS] STORE lane=0 addr=0x18c data=0x93b96197 op=0x9 R:202 W:0
# [15665] [PASS] STORE lane=2 addr=0x1a5 data=0xd398e3ea op=0x8 R:203 W:0
# [15765] [PASS] LOAD lane=3 addr=0x98 data=0x0 exp=0x0 op=0x0 R:204 W:0
# [15775] [PASS] STORE lane=3 addr=0xfe4 data=0x7e4d1361 op=0xa R:205 W:0
# [15785] [PASS] STORE lane=3 addr=0x118 data=0xd5e0eef6 op=0xa R:206 W:0
# [15935] [PASS] LOAD lane=0 addr=0x7be data=0x0 exp=0x0 op=0x1 R:207 W:0
# [16075] [PASS] LOAD lane=0 addr=0x180 data=0x0 exp=0x0 op=0x0 R:208 W:0
# [16175] [PASS] LOAD lane=3 addr=0x612 data=0x0 exp=0x0 op=0x1 R:209 W:0
# [16265] [PASS] LOAD lane=2 addr=0xee data=0x0 exp=0x0 op=0x0 R:210 W:0
# [16355] [PASS] LOAD lane=2 addr=0x254 data=0x0 exp=0x0 op=0x4 R:211 W:0
# [16365] [PASS] STORE lane=3 addr=0x4a0 data=0x79475b52 op=0xa R:212 W:0
# [16375] [PASS] STORE lane=2 addr=0x2f0 data=0xb4dedfaa op=0x9 R:213 W:0
# [16505] [PASS] LOAD lane=2 addr=0xe3 data=0x0 exp=0x0 op=0x0 R:214 W:0
# [16515] [PASS] STORE lane=3 addr=0x3bc data=0x7eb842de op=0xa R:215 W:0
# [16525] [PASS] STORE lane=1 addr=0x196 data=0xa1c56943 op=0x8 R:216 W:0
# [16665] [PASS] LOAD lane=0 addr=0x1f6 data=0x0 exp=0x0 op=0x5 R:217 W:0
# [16805] [PASS] LOAD lane=2 addr=0x2f8 data=0x0 exp=0x0 op=0x4 R:218 W:0
# [16925] [PASS] LOAD lane=0 addr=0x21c data=0x0 exp=0x0 op=0x5 R:219 W:0
# [17065] [PASS] LOAD lane=1 addr=0xe84 data=0x0 exp=0x0 op=0x2 R:220 W:0
# [17195] [PASS] LOAD lane=1 addr=0x2b8 data=0xa900 exp=0xa900 op=0x2 R:221 W:0
# [17205] [PASS] STORE lane=3 addr=0x6a4 data=0xbf43b688 op=0x9 R:222 W:0
# [17215] [PASS] STORE lane=3 addr=0x274 data=0x656e6e71 op=0x9 R:223 W:0
# [17225] [PASS] STORE lane=3 addr=0x127 data=0x409bae27 op=0x8 R:224 W:0
# [17385] [PASS] LOAD lane=0 addr=0x384 data=0x0 exp=0x0 op=0x4 R:225 W:0
# [17395] [PASS] STORE lane=3 addr=0x5d4 data=0x76743c66 op=0xa R:226 W:0
# [17405] [PASS] STORE lane=3 addr=0xb34 data=0x956f510f op=0xa R:227 W:0
# [17415] [PASS] STORE lane=1 addr=0x2a6 data=0xbdbb0b27 op=0x9 R:228 W:0
# [17545] [PASS] LOAD lane=0 addr=0x7ca data=0x0 exp=0x0 op=0x1 R:229 W:0
# [17555] [PASS] STORE lane=2 addr=0x62a data=0xa16a6430 op=0x9 R:230 W:0
# [17565] [PASS] STORE lane=0 addr=0x748 data=0xbc1d631d op=0x9 R:231 W:0
# [17675] [PASS] LOAD lane=0 addr=0x7e0 data=0x0 exp=0x0 op=0x2 R:232 W:0
# [17745] [PASS] LOAD lane=2 addr=0x308 data=0x0 exp=0x0 op=0x1 R:233 W:0
# [17755] [PASS] STORE lane=3 addr=0x67a data=0x4e5fa020 op=0x9 R:234 W:0
# [17865] [PASS] LOAD lane=0 addr=0x272 data=0x0 exp=0x0 op=0x4 R:235 W:0
# [17875] [PASS] STORE lane=3 addr=0x3df data=0xe93b9d54 op=0x8 R:236 W:0
# [17955] [PASS] LOAD lane=2 addr=0x744 data=0x0 exp=0x0 op=0x5 R:237 W:0
# [17965] [PASS] STORE lane=3 addr=0x2be data=0xce09a466 op=0x9 R:238 W:0
# [17975] [PASS] STORE lane=0 addr=0x576 data=0xf6706761 op=0x9 R:239 W:0
# [18115] [PASS] LOAD lane=2 addr=0x584 data=0x0 exp=0x0 op=0x5 R:240 W:0
# [18125] [PASS] STORE lane=2 addr=0x1d6 data=0xf7fd9332 op=0x9 R:241 W:0
# [18135] [PASS] STORE lane=2 addr=0x90 data=0x5bc85ad7 op=0x9 R:242 W:0
# [18275] [PASS] LOAD lane=2 addr=0x44 data=0x0 exp=0x0 op=0x0 R:243 W:0
# [18365] [PASS] LOAD lane=2 addr=0x10e data=0x0 exp=0x0 op=0x5 R:244 W:0
# [18375] [PASS] STORE lane=0 addr=0x31e data=0x5dbbc96d op=0x9 R:245 W:0
# [18505] [PASS] LOAD lane=0 addr=0xfa data=0x0 exp=0x0 op=0x5 R:246 W:0
# [18615] [PASS] LOAD lane=1 addr=0x361 data=0x0 exp=0x0 op=0x0 R:247 W:0
# [18625] [PASS] STORE lane=0 addr=0x1ec data=0x22de5415 op=0x8 R:248 W:0
# [18705] [PASS] LOAD lane=1 addr=0x7e4 data=0x0 exp=0x0 op=0x2 R:249 W:0
# [18845] [PASS] LOAD lane=3 addr=0x392 data=0x0 exp=0x0 op=0x5 R:250 W:0
# [18855] [PASS] STORE lane=0 addr=0x4ee data=0x539b5c35 op=0x9 R:251 W:0
# [19015] [PASS] LOAD lane=1 addr=0x1c3 data=0x0 exp=0x0 op=0x0 R:252 W:0
# [19025] [PASS] STORE lane=0 addr=0x352 data=0xccaabf79 op=0x8 R:253 W:0
# [19185] [PASS] LOAD lane=0 addr=0x2f0 data=0xaa exp=0xaa op=0x4 R:254 W:0
# [19265] [PASS] LOAD lane=3 addr=0x134 data=0x0 exp=0x0 op=0x4 R:255 W:0
# [19355] [PASS] LOAD lane=0 addr=0x4f6 data=0x0 exp=0x0 op=0x1 R:256 W:0
# [19455] [PASS] LOAD lane=3 addr=0x1d6 data=0x9332 exp=0x9332 op=0x5 R:257 W:0
# [19465] [PASS] STORE lane=2 addr=0x6fc data=0xa7a41645 op=0x9 R:258 W:0
# [19605] [PASS] LOAD lane=1 addr=0x40a data=0x0 exp=0x0 op=0x5 R:259 W:0
# [19615] [PASS] STORE lane=1 addr=0x12c data=0x6f2550b7 op=0x9 R:260 W:0
# [19745] [PASS] LOAD lane=1 addr=0x4e2 data=0x0 exp=0x0 op=0x1 R:261 W:0
# [19815] [PASS] LOAD lane=2 addr=0x4e data=0x0 exp=0x0 op=0x1 R:262 W:0
# [19925] [PASS] LOAD lane=3 addr=0x1ec data=0x15 exp=0x15 op=0x4 R:263 W:0
# [19995] [PASS] LOAD lane=3 addr=0x470 data=0x0 exp=0x0 op=0x5 R:264 W:0
# [20115] [PASS] LOAD lane=1 addr=0x7b data=0x0 exp=0x0 op=0x4 R:265 W:0
# [20215] [PASS] LOAD lane=1 addr=0x27c data=0x749c exp=0x749c op=0x1 R:266 W:0
# [20225] [PASS] STORE lane=1 addr=0x778 data=0xe03ca366 op=0xa R:267 W:0
# [20235] [PASS] STORE lane=0 addr=0x2ec data=0x434cf11b op=0xa R:268 W:0
# [20315] [PASS] LOAD lane=0 addr=0xfc data=0x0 exp=0x0 op=0x0 R:269 W:0
# [20325] [PASS] STORE lane=0 addr=0xfa4 data=0xbc761196 op=0xa R:270 W:0
# [20495] [PASS] LOAD lane=1 addr=0x21a data=0x0 exp=0x0 op=0x4 R:271 W:0
# [20505] [PASS] STORE lane=2 addr=0x216 data=0xae55654f op=0x9 R:272 W:0
# [20705] [PASS] LOAD lane=2 addr=0x46 data=0x0 exp=0x0 op=0x1 R:273 W:0
# [20825] [PASS] LOAD lane=0 addr=0xf28 data=0x0 exp=0x0 op=0x2 R:274 W:0
# [20915] [PASS] LOAD lane=1 addr=0xf10 data=0x0 exp=0x0 op=0x2 R:275 W:0
# [20925] [PASS] STORE lane=0 addr=0x39d data=0xea57ed4c op=0x8 R:276 W:0
# [21055] [PASS] LOAD lane=0 addr=0x2a8 data=0x0 exp=0x0 op=0x2 R:277 W:0
# [21125] [PASS] LOAD lane=3 addr=0x714 data=0x0 exp=0x0 op=0x1 R:278 W:0
# [21135] [PASS] STORE lane=3 addr=0x25b data=0xa296e5dd op=0x8 R:279 W:0
# [21145] [PASS] STORE lane=2 addr=0xcd8 data=0x7cf677c op=0xa R:280 W:0
# [21235] [PASS] LOAD lane=3 addr=0x47 data=0x0 exp=0x0 op=0x0 R:281 W:0
# [21375] [PASS] LOAD lane=1 addr=0xa9 data=0x0 exp=0x0 op=0x0 R:282 W:0
# [21525] [PASS] LOAD lane=2 addr=0x131 data=0x0 exp=0x0 op=0x4 R:283 W:0
# [21535] [PASS] STORE lane=3 addr=0x468 data=0xb66d7b29 op=0xa R:284 W:0
# [21755] [PASS] LOAD lane=0 addr=0x283 data=0x71 exp=0x71 op=0x0 R:285 W:0
# [21765] [PASS] STORE lane=0 addr=0x2e6 data=0x4429ceb6 op=0x9 R:286 W:0
# [21775] [PASS] STORE lane=0 addr=0x592 data=0x9c33869a op=0x9 R:287 W:0
# [21785] [PASS] STORE lane=2 addr=0x3e8 data=0xe457571b op=0x8 R:288 W:0
# [21795] [PASS] STORE lane=2 addr=0x22a data=0x2add66f3 op=0x9 R:289 W:0
# [21825] [PASS] STORE lane=0 addr=0x5c data=0xcbbdf9cf op=0x9 R:290 W:0
# [21835] [PASS] STORE lane=1 addr=0xbf8 data=0x63612a10 op=0xa R:291 W:0
# [21985] [PASS] LOAD lane=3 addr=0x754 data=0x0 exp=0x0 op=0x1 R:292 W:0
# [22065] [PASS] LOAD lane=3 addr=0x61 data=0x0 exp=0x0 op=0x4 R:293 W:0
# [22075] [PASS] STORE lane=3 addr=0x6f4 data=0xc08c8f5c op=0x9 R:294 W:0
# [22225] [PASS] LOAD lane=1 addr=0x242 data=0x0 exp=0x0 op=0x4 R:295 W:0
# [22235] [PASS] STORE lane=1 addr=0x2ff data=0xc419ccbb op=0x8 R:296 W:0
# [22305] [PASS] LOAD lane=1 addr=0xe1 data=0x0 exp=0x0 op=0x4 R:297 W:0
# [22315] [PASS] STORE lane=0 addr=0x49c data=0xa5c61d08 op=0xa R:298 W:0
# [22415] [PASS] LOAD lane=2 addr=0x594 data=0x0 exp=0x0 op=0x5 R:299 W:0
# [22535] [PASS] LOAD lane=1 addr=0x74c data=0x0 exp=0x0 op=0x1 R:300 W:0
# [22625] [PASS] LOAD lane=0 addr=0x8f8 data=0x0 exp=0x0 op=0x2 R:301 W:0
# [22635] [PASS] STORE lane=2 addr=0x798 data=0x129f6ea2 op=0x9 R:302 W:0
# [22645] [PASS] STORE lane=1 addr=0x102 data=0xb9c2d1c9 op=0x8 R:303 W:0
# [22665] [PASS] STORE lane=2 addr=0x706 data=0x6118fa50 op=0x9 R:304 W:0
# [22675] [PASS] STORE lane=0 addr=0xe84 data=0x2e3062e1 op=0xa R:305 W:0
# [22685] [PASS] STORE lane=0 addr=0x2dc data=0xd2e90839 op=0x9 R:306 W:0
# [22695] [PASS] STORE lane=2 addr=0xdb8 data=0x7bed5d1 op=0xa R:307 W:0
# [22855] [PASS] LOAD lane=3 addr=0x1c5 data=0x0 exp=0x0 op=0x0 R:308 W:0
# [22945] [PASS] LOAD lane=1 addr=0xfb0 data=0x0 exp=0x0 op=0x2 R:309 W:0
# [22955] [PASS] STORE lane=3 addr=0xd44 data=0xe183c4b op=0xa R:310 W:0
# [22965] [PASS] STORE lane=3 addr=0x5da data=0x2c071da4 op=0x9 R:311 W:0
# [23075] [PASS] LOAD lane=3 addr=0x33b data=0x0 exp=0x0 op=0x0 R:312 W:0
# [23085] [PASS] STORE lane=2 addr=0x11a data=0x94bb0b23 op=0x8 R:313 W:0
# [23095] [PASS] STORE lane=3 addr=0x2cc data=0x94b4fb48 op=0x9 R:314 W:0
# [23155] [PASS] LOAD lane=3 addr=0x3f9 data=0xffffffa5 exp=0xffffffa5 op=0x0 R:315 W:0
# [23265] [PASS] LOAD lane=3 addr=0x4 data=0x0 exp=0x0 op=0x5 R:316 W:0
# [23365] [PASS] LOAD lane=2 addr=0x2d2 data=0x0 exp=0x0 op=0x4 R:317 W:0
# [23375] [PASS] STORE lane=2 addr=0xa5 data=0x2ae7df1a op=0x8 R:318 W:0
# [23385] [PASS] STORE lane=2 addr=0x5b8 data=0x1e95c349 op=0xa R:319 W:0
# [23455] [PASS] STORE lane=1 addr=0xc7c data=0x32ea5f77 op=0xa R:320 W:0
# [23615] [PASS] LOAD lane=3 addr=0xb0 data=0x0 exp=0x0 op=0x2 R:321 W:0
# [23625] [PASS] STORE lane=2 addr=0x24f data=0xae65f302 op=0x8 R:322 W:0
# [23755] [PASS] LOAD lane=0 addr=0x90 data=0xffffffd7 exp=0xffffffd7 op=0x0 R:323 W:0
# [23905] [PASS] LOAD lane=3 addr=0x2b5 data=0x0 exp=0x0 op=0x0 R:324 W:0
# [23915] [PASS] STORE lane=1 addr=0x316 data=0xdcf2de8b op=0x9 R:325 W:0
# [23925] [PASS] STORE lane=1 addr=0x5a data=0x38514ecb op=0x8 R:326 W:0
# [24025] [PASS] LOAD lane=0 addr=0xee data=0x0 exp=0x0 op=0x0 R:327 W:0
# [24035] [PASS] STORE lane=2 addr=0x1a6 data=0xe1337df9 op=0x8 R:328 W:0
# [24175] [PASS] STORE lane=2 addr=0x154 data=0x9caf1c74 op=0x9 R:329 W:0
# [24185] [PASS] STORE lane=1 addr=0xf78 data=0x41f44fa0 op=0xa R:330 W:0
# [24195] [PASS] STORE lane=2 addr=0x30c data=0x5048ebff op=0x9 R:331 W:0
# [24205] [PASS] STORE lane=3 addr=0x4fa data=0x8d11c528 op=0x9 R:332 W:0
# [24345] [PASS] LOAD lane=1 addr=0x89c data=0x0 exp=0x0 op=0x2 R:333 W:0
# [24445] [PASS] LOAD lane=3 addr=0x4f6 data=0x0 exp=0x0 op=0x1 R:334 W:0
# [24455] [PASS] STORE lane=2 addr=0xe4c data=0x354e1ebf op=0xa R:335 W:0
# [24465] [PASS] STORE lane=2 addr=0x676 data=0x2e524ac5 op=0x9 R:336 W:0
# [24545] [PASS] LOAD lane=2 addr=0x202 data=0x0 exp=0x0 op=0x0 R:337 W:0
# [24555] [PASS] STORE lane=1 addr=0xba data=0x139bc6ac op=0x8 R:338 W:0
# [24565] [PASS] STORE lane=3 addr=0x736 data=0xaab619b3 op=0x9 R:339 W:0
# [24675] [PASS] LOAD lane=1 addr=0xf60 data=0x0 exp=0x0 op=0x2 R:340 W:0
# [24815] [PASS] LOAD lane=3 addr=0x7d8 data=0x0 exp=0x0 op=0x5 R:341 W:0
# [24825] [PASS] STORE lane=0 addr=0x5de data=0xe8cd2211 op=0x9 R:342 W:0
# [24835] [PASS] STORE lane=3 addr=0x1ec data=0x6c43f9ad op=0x9 R:343 W:0
# [24845] [PASS] STORE lane=3 addr=0x265 data=0x325dfd5c op=0x8 R:344 W:0
# [24985] [PASS] LOAD lane=2 addr=0x1e4 data=0x0 exp=0x0 op=0x4 R:345 W:0
# [25045] [PASS] LOAD lane=0 addr=0x4de data=0x0 exp=0x0 op=0x5 R:346 W:0
# [25165] [PASS] LOAD lane=3 addr=0x2de data=0x0 exp=0x0 op=0x1 R:347 W:0
# [25175] [PASS] STORE lane=2 addr=0x622 data=0xd47153cb op=0x9 R:348 W:0
# [25295] [PASS] LOAD lane=3 addr=0x3e data=0x0 exp=0x0 op=0x1 R:349 W:0
# [25305] [PASS] STORE lane=0 addr=0x880 data=0x980153cd op=0xa R:350 W:0
# [25395] [PASS] LOAD lane=3 addr=0x9c8 data=0x0 exp=0x0 op=0x2 R:351 W:0
# [25535] [PASS] LOAD lane=0 addr=0x39c data=0x0 exp=0x0 op=0x0 R:352 W:0
# [25665] [PASS] LOAD lane=1 addr=0xee data=0x0 exp=0x0 op=0x0 R:353 W:0
# [25755] [PASS] LOAD lane=2 addr=0x1c6 data=0x0 exp=0x0 op=0x5 R:354 W:0
# [25815] [PASS] LOAD lane=0 addr=0x478 data=0x0 exp=0x0 op=0x5 R:355 W:0
# [25825] [PASS] STORE lane=3 addr=0x2c0 data=0x435d4d64 op=0x9 R:356 W:0
# [25935] [PASS] LOAD lane=0 addr=0x49c data=0x1d08 exp=0x1d08 op=0x1 R:357 W:0
# [26085] [PASS] LOAD lane=1 addr=0x76e data=0x0 exp=0x0 op=0x1 R:358 W:0
# [26095] [PASS] STORE lane=2 addr=0xdfc data=0xc0b0cf93 op=0xa R:359 W:0
# [26155] [PASS] LOAD lane=0 addr=0x578 data=0x0 exp=0x0 op=0x2 R:360 W:0
# [26165] [PASS] STORE lane=1 addr=0x31e data=0xa1bc7521 op=0x9 R:361 W:0
# [26305] [PASS] LOAD lane=2 addr=0xa0 data=0x0 exp=0x0 op=0x5 R:362 W:0
# [26315] [PASS] STORE lane=0 addr=0xed data=0x7153cf72 op=0x8 R:363 W:0
# [26435] [PASS] LOAD lane=2 addr=0xfe data=0x0 exp=0x0 op=0x0 R:364 W:0
# [26545] [PASS] LOAD lane=1 addr=0x29a data=0x0 exp=0x0 op=0x4 R:365 W:0
# [26555] [PASS] STORE lane=2 addr=0x300 data=0xee59d468 op=0x9 R:366 W:0
# [26565] [PASS] STORE lane=0 addr=0xb0c data=0x7e18495f op=0xa R:367 W:0
# [26645] [PASS] LOAD lane=2 addr=0x74c data=0x0 exp=0x0 op=0x2 R:368 W:0
# [26655] [PASS] STORE lane=2 addr=0x78 data=0x332a7aa8 op=0x8 R:369 W:0
# [26815] [PASS] LOAD lane=0 addr=0xdc data=0x0 exp=0x0 op=0x4 R:370 W:0
# [26955] [PASS] LOAD lane=2 addr=0x28b data=0x0 exp=0x0 op=0x4 R:371 W:0
# [26965] [PASS] STORE lane=0 addr=0x3f data=0xe5c739fe op=0x8 R:372 W:0
# [27085] [PASS] LOAD lane=2 addr=0x172 data=0x0 exp=0x0 op=0x1 R:373 W:0
# [27155] [PASS] LOAD lane=0 addr=0x762 data=0x0 exp=0x0 op=0x5 R:374 W:0
# [27165] [PASS] STORE lane=3 addr=0x1fc data=0x9abde664 op=0x9 R:375 W:0
# [27255] [PASS] LOAD lane=0 addr=0x2dc data=0x39 exp=0x39 op=0x0 R:376 W:0
# [27375] [PASS] LOAD lane=1 addr=0x105 data=0x0 exp=0x0 op=0x0 R:377 W:0
# [27505] [PASS] LOAD lane=0 addr=0x84c data=0x0 exp=0x0 op=0x2 R:378 W:0
# [27625] [PASS] LOAD lane=3 addr=0x1eb data=0x0 exp=0x0 op=0x0 R:379 W:0
# [27715] [PASS] LOAD lane=2 addr=0x3a data=0x0 exp=0x0 op=0x4 R:380 W:0
# [27785] [PASS] LOAD lane=2 addr=0x3c2 data=0x0 exp=0x0 op=0x0 R:381 W:0
# [27925] [PASS] LOAD lane=2 addr=0xcd8 data=0x7cf677c exp=0x7cf677c op=0x2 R:382 W:0
# [27995] [PASS] LOAD lane=0 addr=0x236 data=0x0 exp=0x0 op=0x5 R:383 W:0
# [28065] [PASS] LOAD lane=2 addr=0x70a data=0x5a00 exp=0x5a00 op=0x5 R:384 W:0
# [28075] [PASS] STORE lane=0 addr=0x5aa data=0x9d9d1c40 op=0x9 R:385 W:0
# [28195] [PASS] LOAD lane=1 addr=0x362 data=0x0 exp=0x0 op=0x0 R:386 W:0
# [28205] [PASS] STORE lane=0 addr=0x5d4 data=0x2c7ffd13 op=0x9 R:387 W:0
# [28215] [PASS] STORE lane=0 addr=0xb24 data=0xd5866c37 op=0xa R:388 W:0
# [28345] [PASS] LOAD lane=1 addr=0xf60 data=0x0 exp=0x0 op=0x2 R:389 W:0
# [28475] [PASS] LOAD lane=0 addr=0xb20 data=0x0 exp=0x0 op=0x2 R:390 W:0
# [28485] [PASS] STORE lane=2 addr=0x78c data=0x4d3d95ad op=0x9 R:391 W:0
# [28495] [PASS] STORE lane=2 addr=0x2c2 data=0x9b9ef7b1 op=0x9 R:392 W:0
# [28615] [PASS] LOAD lane=3 addr=0xd8 data=0x0 exp=0x0 op=0x2 R:393 W:0
# [28755] [PASS] LOAD lane=1 addr=0xc0 data=0x0 exp=0x0 op=0x4 R:394 W:0
# [28905] [PASS] LOAD lane=0 addr=0x8e8 data=0x0 exp=0x0 op=0x2 R:395 W:0
# [29005] [PASS] LOAD lane=0 addr=0x4ee data=0x5c35 exp=0x5c35 op=0x1 R:396 W:0
# [29015] [PASS] STORE lane=0 addr=0xa24 data=0x3d9ba87 op=0xa R:397 W:0
# [29125] [PASS] LOAD lane=1 addr=0x670 data=0x0 exp=0x0 op=0x1 R:398 W:0
# [29135] [PASS] STORE lane=0 addr=0x7b0 data=0x97ac3c6f op=0xa R:399 W:0
# [29265] [PASS] LOAD lane=2 addr=0xa8 data=0x0 exp=0x0 op=0x5 R:400 W:0
# [29275] [PASS] STORE lane=1 addr=0x6e4 data=0xa8bc26e4 op=0xa R:401 W:0
# [29285] [PASS] STORE lane=2 addr=0xe8c data=0x66e797e5 op=0xa R:402 W:0
# [29405] [PASS] LOAD lane=1 addr=0x181 data=0x0 exp=0x0 op=0x4 R:403 W:0
# [29545] [PASS] LOAD lane=0 addr=0x75e data=0x0 exp=0x0 op=0x5 R:404 W:0
# [29685] [PASS] LOAD lane=1 addr=0x416 data=0x0 exp=0x0 op=0x5 R:405 W:0
# [29775] [PASS] LOAD lane=0 addr=0x380 data=0x0 exp=0x0 op=0x1 R:406 W:0
# [29785] [PASS] STORE lane=2 addr=0x3ee data=0xc52d27b2 op=0x8 R:407 W:0
# [29795] [PASS] STORE lane=2 addr=0x2c8 data=0x523a4718 op=0x8 R:408 W:0
# [29945] [PASS] LOAD lane=0 addr=0x260 data=0x4f489530 exp=0x4f489530 op=0x2 R:409 W:0
# [30015] [PASS] LOAD lane=0 addr=0x1da data=0x0 exp=0x0 op=0x4 R:410 W:0
# [30095] [PASS] LOAD lane=0 addr=0x179 data=0x0 exp=0x0 op=0x0 R:411 W:0
# [30105] [PASS] STORE lane=1 addr=0x73e data=0x3e2a61cd op=0x9 R:412 W:0
# [30215] [PASS] LOAD lane=3 addr=0x45c data=0x0 exp=0x0 op=0x5 R:413 W:0
# [30315] [PASS] LOAD lane=0 addr=0x220 data=0x0 exp=0x0 op=0x4 R:414 W:0
# [30405] [PASS] LOAD lane=3 addr=0x16c data=0xc68b6f20 exp=0xc68b6f20 op=0x2 R:415 W:0
# [30415] [PASS] STORE lane=1 addr=0x1fe data=0x81715311 op=0x8 R:416 W:0
# [30505] [PASS] STORE lane=0 addr=0x54c data=0x38b3bd6a op=0x9 R:417 W:0
# [30515] [PASS] STORE lane=1 addr=0x2f4 data=0x67b65b72 op=0x8 R:418 W:0
# [30525] [PASS] STORE lane=0 addr=0x1a8 data=0x3b8509c2 op=0x8 R:419 W:0
# [30675] [PASS] LOAD lane=2 addr=0x3e1 data=0x0 exp=0x0 op=0x0 R:420 W:0
# [30795] [PASS] LOAD lane=2 addr=0x160 data=0x0 exp=0x0 op=0x1 R:421 W:0
# [30805] [PASS] STORE lane=3 addr=0x89 data=0xbabf56c3 op=0x8 R:422 W:0
# [30935] [PASS] LOAD lane=1 addr=0x428 data=0x0 exp=0x0 op=0x5 R:423 W:0
# [30945] [PASS] STORE lane=1 addr=0x32f data=0xb73ca6cd op=0x8 R:424 W:0
# [30955] [PASS] STORE lane=3 addr=0x498 data=0x147647f0 op=0x9 R:425 W:0
# [31045] [PASS] LOAD lane=2 addr=0x89c data=0x0 exp=0x0 op=0x2 R:426 W:0
# [31155] [PASS] LOAD lane=2 addr=0x11a data=0x23 exp=0x23 op=0x0 R:427 W:0
# [31165] [PASS] STORE lane=3 addr=0xd6 data=0x66d2551d op=0x9 R:428 W:0
# [31275] [PASS] LOAD lane=1 addr=0x428 data=0x0 exp=0x0 op=0x5 R:429 W:0
# [31405] [PASS] LOAD lane=3 addr=0xe4 data=0x0 exp=0x0 op=0x1 R:430 W:0
# [31485] [PASS] LOAD lane=2 addr=0x388 data=0x0 exp=0x0 op=0x4 R:431 W:0
# [31495] [PASS] STORE lane=3 addr=0x211 data=0x4dad064a op=0x8 R:432 W:0
# [31605] [PASS] LOAD lane=0 addr=0x21c data=0x0 exp=0x0 op=0x2 R:433 W:0
# [31755] [PASS] LOAD lane=3 addr=0x554 data=0x0 exp=0x0 op=0x5 R:434 W:0
# [31845] [PASS] LOAD lane=2 addr=0x226 data=0x0 exp=0x0 op=0x4 R:435 W:0
# [31915] [PASS] LOAD lane=3 addr=0x74c data=0x0 exp=0x0 op=0x5 R:436 W:0
# [32035] [PASS] LOAD lane=2 addr=0x2b5 data=0x0 exp=0x0 op=0x0 R:437 W:0
# [32045] [PASS] STORE lane=1 addr=0x978 data=0xabc39024 op=0xa R:438 W:0
# [32055] [PASS] STORE lane=1 addr=0x23c data=0x603573fb op=0x9 R:439 W:0
# [32065] [PASS] STORE lane=2 addr=0x1b4 data=0xeb1c4022 op=0xa R:440 W:0
# [32075] [PASS] STORE lane=3 addr=0x6fe data=0x677688c1 op=0x9 R:441 W:0
# [32085] [PASS] STORE lane=1 addr=0x4b0 data=0x718d2f8f op=0x9 R:442 W:0
# [32095] [PASS] STORE lane=2 addr=0x28c data=0x3122a7a0 op=0xa R:443 W:0
# [32205] [PASS] LOAD lane=1 addr=0xa48 data=0x0 exp=0x0 op=0x2 R:444 W:0
# [32215] [PASS] STORE lane=2 addr=0x5e2 data=0x57a20502 op=0x9 R:445 W:0
# [32385] [PASS] LOAD lane=0 addr=0x276 data=0x0 exp=0x0 op=0x1 R:446 W:0
# [32395] [PASS] STORE lane=3 addr=0x420 data=0x3e9ea6e9 op=0x9 R:447 W:0
# [32405] [PASS] STORE lane=0 addr=0x308 data=0x241fad61 op=0x8 R:448 W:0
# [32425] [PASS] STORE lane=2 addr=0x268 data=0x91b903e5 op=0x8 R:449 W:0
# [32555] [PASS] LOAD lane=2 addr=0x2f0 data=0xdfaa exp=0xdfaa op=0x5 R:450 W:0
# [32675] [PASS] LOAD lane=2 addr=0x1be data=0x0 exp=0x0 op=0x1 R:451 W:0
# [32685] [PASS] STORE lane=1 addr=0x36a data=0x4a13e69a op=0x9 R:452 W:0
# [32695] [PASS] STORE lane=0 addr=0x264 data=0xa039f562 op=0xa R:453 W:0
# [32725] [PASS] STORE lane=0 addr=0xfe0 data=0x691a6d52 op=0xa R:454 W:0
# [32855] [PASS] LOAD lane=1 addr=0x1a1 data=0x0 exp=0x0 op=0x4 R:455 W:0
# [33005] [PASS] LOAD lane=1 addr=0x20a data=0x0 exp=0x0 op=0x4 R:456 W:0
# [33115] [PASS] LOAD lane=0 addr=0x26b data=0x0 exp=0x0 op=0x0 R:457 W:0
# [33245] [PASS] LOAD lane=3 addr=0x2ea data=0x0 exp=0x0 op=0x5 R:458 W:0
# [33465] [PASS] LOAD lane=0 addr=0x2aa data=0x0 exp=0x0 op=0x5 R:459 W:0
# [33545] [PASS] LOAD lane=0 addr=0x3ed data=0x0 exp=0x0 op=0x4 R:460 W:0
# [33555] [PASS] STORE lane=2 addr=0x74e data=0xecb5f73 op=0x9 R:461 W:0
# [33655] [PASS] LOAD lane=1 addr=0x538 data=0x0 exp=0x0 op=0x2 R:462 W:0
# [33725] [PASS] LOAD lane=2 addr=0x1a5 data=0xffffffea exp=0xffffffea op=0x0 R:463 W:0
# [33835] [PASS] LOAD lane=0 addr=0x1f0 data=0x0 exp=0x0 op=0x2 R:464 W:0
# [33975] [PASS] LOAD lane=3 addr=0x1e5 data=0x0 exp=0x0 op=0x0 R:465 W:0
# [33985] [PASS] STORE lane=0 addr=0xfcc data=0xff88805e op=0xa R:466 W:0
# [33995] [PASS] STORE lane=3 addr=0x1d9 data=0xce3ab8af op=0x8 R:467 W:0
# [34005] [PASS] STORE lane=2 addr=0x35e data=0x89bb4cd0 op=0x8 R:468 W:0
# [34145] [PASS] LOAD lane=2 addr=0x293 data=0xb1 exp=0xb1 op=0x4 R:469 W:0
# [34245] [PASS] LOAD lane=2 addr=0x11a data=0x23 exp=0x23 op=0x0 R:470 W:0
# [34255] [PASS] STORE lane=3 addr=0x3f2 data=0x2348b8eb op=0x9 R:471 W:0
# [34265] [PASS] STORE lane=2 addr=0x764 data=0x335aa61c op=0xa R:472 W:0
# [34325] [PASS] LOAD lane=1 addr=0xc50 data=0x0 exp=0x0 op=0x2 R:473 W:0
# [34435] [PASS] LOAD lane=0 addr=0x195 data=0x0 exp=0x0 op=0x0 R:474 W:0
# [34565] [PASS] LOAD lane=0 addr=0x562 data=0x0 exp=0x0 op=0x1 R:475 W:0
# [34725] [PASS] LOAD lane=3 addr=0x2b7 data=0x0 exp=0x0 op=0x0 R:476 W:0
# [34865] [PASS] LOAD lane=1 addr=0x1a0 data=0x4a exp=0x4a op=0x5 R:477 W:0
# [34875] [PASS] STORE lane=2 addr=0xf2c data=0x7e6cef5e op=0xa R:478 W:0
# [34885] [PASS] STORE lane=2 addr=0x3cc data=0x540566fb op=0x9 R:479 W:0
# [34895] [PASS] STORE lane=2 addr=0x366 data=0x5afb5e56 op=0x8 R:480 W:0
# [34995] [PASS] LOAD lane=3 addr=0xa40 data=0x0 exp=0x0 op=0x2 R:481 W:0
# [35005] [PASS] STORE lane=3 addr=0x1b5 data=0xcb21f0f1 op=0x8 R:482 W:0
# [35115] [PASS] LOAD lane=3 addr=0x7a6 data=0x0 exp=0x0 op=0x5 R:483 W:0
# [35125] [PASS] STORE lane=3 addr=0x70 data=0x2502f33d op=0x8 R:484 W:0
# [35135] [PASS] STORE lane=0 addr=0x434 data=0x20d4604d op=0xa R:485 W:0
# [35145] [PASS] STORE lane=0 addr=0x7a data=0xfe7ce056 op=0x8 R:486 W:0
# [35245] [PASS] LOAD lane=2 addr=0xdf data=0x0 exp=0x0 op=0x4 R:487 W:0
# [35255] [PASS] STORE lane=1 addr=0x7c8 data=0x4f9a1149 op=0x9 R:488 W:0
# [35265] [PASS] STORE lane=0 addr=0x4e4 data=0xbd4edb9b op=0xa R:489 W:0
# [35275] [PASS] STORE lane=3 addr=0x2ed data=0x928c92b9 op=0x8 R:490 W:0
# [35435] [PASS] LOAD lane=0 addr=0x2de data=0x0 exp=0x0 op=0x5 R:491 W:0
# [35585] [PASS] LOAD lane=2 addr=0xf9 data=0x0 exp=0x0 op=0x4 R:492 W:0
# [35715] [PASS] LOAD lane=1 addr=0xc24 data=0x0 exp=0x0 op=0x2 R:493 W:0
# [35785] [PASS] LOAD lane=1 addr=0x139 data=0x0 exp=0x0 op=0x0 R:494 W:0
# [35865] [PASS] LOAD lane=3 addr=0x23a data=0x0 exp=0x0 op=0x0 R:495 W:0
# [35955] [PASS] LOAD lane=3 addr=0x204 data=0x0 exp=0x0 op=0x4 R:496 W:0
# [35965] [PASS] STORE lane=2 addr=0xd7c data=0x89d482ba op=0xa R:497 W:0
# [36085] [PASS] LOAD lane=3 addr=0x6cc data=0x0 exp=0x0 op=0x2 R:498 W:0
# [36225] [PASS] LOAD lane=3 addr=0x726 data=0x0 exp=0x0 op=0x5 R:499 W:0
# [36305] [PASS] LOAD lane=2 addr=0xb28 data=0x0 exp=0x0 op=0x2 R:500 W:0
# [36385] [PASS] LOAD lane=3 addr=0x65a data=0x0 exp=0x0 op=0x1 R:501 W:0
# [36395] [PASS] STORE lane=1 addr=0x8d8 data=0xd21b505c op=0xa R:502 W:0
# [36405] [PASS] STORE lane=3 addr=0x4c2 data=0xaa0aed40 op=0x9 R:503 W:0
# [36525] [PASS] LOAD lane=2 addr=0x508 data=0x0 exp=0x0 op=0x1 R:504 W:0
# [36585] [PASS] LOAD lane=1 addr=0xcdc data=0x0 exp=0x0 op=0x2 R:505 W:0
# [36595] [PASS] STORE lane=1 addr=0x1a6 data=0x472d7d63 op=0x8 R:506 W:0
# [36605] [PASS] STORE lane=3 addr=0x776 data=0x519b7f5c op=0x9 R:507 W:0
# [36715] [PASS] LOAD lane=0 addr=0x184 data=0x0 exp=0x0 op=0x4 R:508 W:0
# [36725] [PASS] STORE lane=0 addr=0x444 data=0x92f04f3 op=0x9 R:509 W:0
# [36895] [PASS] LOAD lane=2 addr=0xd6 data=0x551d exp=0x551d op=0x5 R:510 W:0
# [36905] [PASS] STORE lane=2 addr=0x1ea data=0x58a07b99 op=0x9 R:511 W:0
# [36915] [PASS] STORE lane=1 addr=0x1dc data=0x83eeb1a2 op=0x8 R:512 W:0
# [36925] [PASS] STORE lane=3 addr=0x7e4 data=0x45c23d21 op=0xa R:513 W:0
# [37045] [PASS] LOAD lane=3 addr=0x56e data=0x0 exp=0x0 op=0x5 R:514 W:0
# [37055] [PASS] STORE lane=0 addr=0xe2 data=0x4470b1a9 op=0x9 R:515 W:0
# [37165] [PASS] LOAD lane=1 addr=0x28c data=0xa7a0 exp=0xa7a0 op=0x5 R:516 W:0
# [37175] [PASS] STORE lane=3 addr=0x6e8 data=0x21259d6d op=0x9 R:517 W:0
# [37295] [PASS] LOAD lane=1 addr=0x29c data=0x0 exp=0x0 op=0x5 R:518 W:0
# [37305] [PASS] STORE lane=3 addr=0x100 data=0xcb7dc86e op=0x8 R:519 W:0
# [37315] [PASS] STORE lane=1 addr=0x7d2 data=0xc638f520 op=0x9 R:520 W:0
# [37325] [PASS] STORE lane=0 addr=0x4c data=0xe73800e3 op=0x9 R:521 W:0
# [37335] [PASS] STORE lane=0 addr=0x2b4 data=0x9aa99190 op=0x8 R:522 W:0
# [37345] [PASS] STORE lane=3 addr=0xb78 data=0x97e186f2 op=0xa R:523 W:0
# [37365] [PASS] STORE lane=0 addr=0xde data=0xe55c19ec op=0x8 R:524 W:0
# [37505] [PASS] LOAD lane=0 addr=0x306 data=0x0 exp=0x0 op=0x4 R:525 W:0
# [37515] [PASS] STORE lane=3 addr=0x2e0 data=0x8798caed op=0x8 R:526 W:0
# [37525] [PASS] STORE lane=1 addr=0x390 data=0xd5de12b8 op=0x9 R:527 W:0
# [37665] [PASS] LOAD lane=2 addr=0xee0 data=0x0 exp=0x0 op=0x2 R:528 W:0
# [37815] [PASS] LOAD lane=2 addr=0x2b1 data=0x0 exp=0x0 op=0x0 R:529 W:0
# [37925] [PASS] LOAD lane=0 addr=0x373 data=0x0 exp=0x0 op=0x0 R:530 W:0
# [38025] [PASS] LOAD lane=3 addr=0x6f6 data=0x0 exp=0x0 op=0x5 R:531 W:0
# [38175] [PASS] LOAD lane=1 addr=0xe6 data=0x0 exp=0x0 op=0x0 R:532 W:0
# [38285] [PASS] LOAD lane=3 addr=0x365 data=0xc7 exp=0xc7 op=0x4 R:533 W:0
# [38385] [PASS] LOAD lane=2 addr=0x46a data=0xffffb66d exp=0xffffb66d op=0x1 R:534 W:0
# [38455] [PASS] LOAD lane=0 addr=0xd5 data=0x0 exp=0x0 op=0x0 R:535 W:0
# [38465] [PASS] STORE lane=2 addr=0x3c2 data=0x540095f0 op=0x8 R:536 W:0
# [38575] [PASS] LOAD lane=1 addr=0x2f0 data=0xdfaa exp=0xdfaa op=0x2 R:537 W:0
# [38695] [PASS] LOAD lane=1 addr=0x17b data=0x74 exp=0x74 op=0x0 R:538 W:0
# [38705] [PASS] STORE lane=1 addr=0xbc0 data=0x7c07f3ec op=0xa R:539 W:0
# [38715] [PASS] STORE lane=3 addr=0x43 data=0xa468fcfd op=0x8 R:540 W:0
# [38855] [PASS] LOAD lane=3 addr=0x400 data=0x0 exp=0x0 op=0x1 R:541 W:0
# [38865] [PASS] STORE lane=3 addr=0x322 data=0x113acff9 op=0x9 R:542 W:0
# [39005] [PASS] LOAD lane=1 addr=0x22a data=0x66f3 exp=0x66f3 op=0x1 R:543 W:0
# [39085] [PASS] LOAD lane=1 addr=0x3b9 data=0x0 exp=0x0 op=0x0 R:544 W:0
# [39095] [PASS] STORE lane=0 addr=0x2b9 data=0x6a2df0bc op=0x8 R:545 W:0
# [39215] [PASS] LOAD lane=0 addr=0xfc data=0x0 exp=0x0 op=0x5 R:546 W:0
# [39275] [PASS] LOAD lane=2 addr=0x152 data=0x0 exp=0x0 op=0x5 R:547 W:0
# [39345] [PASS] LOAD lane=3 addr=0x4ae data=0x0 exp=0x0 op=0x5 R:548 W:0
# [39405] [PASS] LOAD lane=3 addr=0x5e4 data=0x0 exp=0x0 op=0x2 R:549 W:0
# SCOREBOARD total=549 pass=549 fail=0
# COVERAGE issue_cov=91.67%
# LSU_V2 PASSED
# ** Note: $finish    : tb/tests/vx_lsu_slice_tb_v2.sv(475)
#    Time: 39905 ns  Iteration: 1  Instance: /lsu_slice_tb_v2
# End time: 04:11:55 on Jun 22,2026, Elapsed time: 0:00:18
# Errors: 0, Warnings: 0

