Reading pref.tcl

# 2021.1

# vsim -c work_regression.lsu_slice_tb_v2 -sv_seed 19 "+SEED=19" "+NUM_OPS=500" -do "run -all; quit -f" 
# Start time: 04:17:42 on Jun 22,2026
# ** Note: (vsim-8009) Loading existing optimized design _opt
# //  Questa Sim-64
# //  Version 2021.1 win64 Jan 19 2021
# //
# //  Copyright 1991-2021 Mentor Graphics Corporation
# //  All Rights Reserved.
# //
# //  QuestaSim and its associated documentation contain trade
# //  secrets and commercial or financial information that are the property of
# //  Mentor Graphics Corporation and are privileged, confidential,
# //  and exempt from disclosure under the Freedom of Information Act,
# //  5 U.S.C. Section 552. Furthermore, this information
# //  is prohibited from disclosure under the Trade Secrets Act,
# //  18 U.S.C. Section 1905.
# //
# Loading sv_std.std
# Loading work.VX_gpu_pkg(fast)
# Loading work.lsu_sequence_item_pkg(fast)
# Loading work.lsu_scoreboard_pkg(fast)
# Loading work.lsu_monitor_pkg(fast)
# Loading work.vx_lsu_slice_tb_v2_sv_unit(fast)
# Loading work.lsu_slice_tb_v2(fast)
# Loading work.VX_lsu_slice(fast)
# Loading work.VX_elastic_buffer(fast__3)
# Loading work.VX_elastic_buffer(fast__4)
# Loading work.VX_stream_arb(fast)
# Loading work.lsu_mem_model_rand_sv_unit(fast)
# Loading work.lsu_mem_model_rand(fast)
# run -all
# [75] [PASS] STORE lane=0 addr=0x100 data=0xdeadbeef op=0xa R:1 W:0
# [225] [PASS] LOAD lane=0 addr=0x100 data=0xdeadbeef exp=0xdeadbeef op=0x2 R:2 W:0
# [235] [PASS] STORE lane=1 addr=0x108 data=0x8001 op=0x9 R:3 W:0
# [315] [PASS] LOAD lane=1 addr=0x108 data=0xffff8001 exp=0xffff8001 op=0x1 R:4 W:0
# [375] [PASS] LOAD lane=1 addr=0x108 data=0x8001 exp=0x8001 op=0x5 R:5 W:0
# [385] [PASS] STORE lane=2 addr=0x10c data=0x80 op=0x8 R:6 W:0
# [495] [PASS] LOAD lane=2 addr=0x10c data=0xffffff80 exp=0xffffff80 op=0x0 R:7 W:0
# [575] [PASS] LOAD lane=2 addr=0x10c data=0x80 exp=0x80 op=0x4 R:8 W:0
# [585] [PASS] STORE lane=3 addr=0x3f8 data=0xa5a5a5a5 op=0xa R:9 W:0
# [725] [PASS] LOAD lane=3 addr=0x3f8 data=0xa5a5a5a5 exp=0xa5a5a5a5 op=0x2 R:10 W:0
# [735] [PASS] STORE lane=0 addr=0x3fc data=0xf00f op=0x9 R:11 W:0
# [815] [PASS] LOAD lane=0 addr=0x3fc data=0xfffff00f exp=0xfffff00f op=0x1 R:12 W:0
# [825] [PASS] STORE lane=1 addr=0x3ff data=0xff op=0x8 R:13 W:0
# [985] [PASS] LOAD lane=1 addr=0x3ff data=0xff exp=0xff op=0x4 R:14 W:0
# [995] [PASS] STORE lane=0 addr=0x500 data=0x11110000 op=0xa R:15 W:0
# [1105] [PASS] LOAD lane=0 addr=0x500 data=0x11110000 exp=0x11110000 op=0x2 R:16 W:0
# [1115] [PASS] STORE lane=0 addr=0x502 data=0x8080 op=0x9 R:17 W:0
# [1225] [PASS] LOAD lane=0 addr=0x502 data=0xffff8080 exp=0xffff8080 op=0x1 R:18 W:0
# [1355] [PASS] LOAD lane=0 addr=0x502 data=0x8080 exp=0x8080 op=0x5 R:19 W:0
# [1365] [PASS] STORE lane=0 addr=0x501 data=0x80 op=0x8 R:20 W:0
# [1425] [PASS] LOAD lane=0 addr=0x501 data=0xffffff80 exp=0xffffff80 op=0x0 R:21 W:0
# [1495] [PASS] LOAD lane=0 addr=0x501 data=0x80 exp=0x80 op=0x4 R:22 W:0
# [1505] [PASS] STORE lane=1 addr=0x510 data=0x10100101 op=0xa R:23 W:0
# [1565] [PASS] LOAD lane=1 addr=0x510 data=0x10100101 exp=0x10100101 op=0x2 R:24 W:0
# [1575] [PASS] STORE lane=1 addr=0x512 data=0x8081 op=0x9 R:25 W:0
# [1645] [PASS] LOAD lane=1 addr=0x512 data=0xffff8081 exp=0xffff8081 op=0x1 R:26 W:0
# [1725] [PASS] LOAD lane=1 addr=0x512 data=0x8081 exp=0x8081 op=0x5 R:27 W:0
# [1735] [PASS] STORE lane=1 addr=0x511 data=0x81 op=0x8 R:28 W:0
# [1845] [PASS] LOAD lane=1 addr=0x511 data=0xffffff81 exp=0xffffff81 op=0x0 R:29 W:0
# [1915] [PASS] LOAD lane=1 addr=0x511 data=0x81 exp=0x81 op=0x4 R:30 W:0
# [1925] [PASS] STORE lane=2 addr=0x520 data=0x13130202 op=0xa R:31 W:0
# [2015] [PASS] LOAD lane=2 addr=0x520 data=0x13130202 exp=0x13130202 op=0x2 R:32 W:0
# [2025] [PASS] STORE lane=2 addr=0x522 data=0x8082 op=0x9 R:33 W:0
# [2145] [PASS] LOAD lane=2 addr=0x522 data=0xffff8082 exp=0xffff8082 op=0x1 R:34 W:0
# [2215] [PASS] LOAD lane=2 addr=0x522 data=0x8082 exp=0x8082 op=0x5 R:35 W:0
# [2225] [PASS] STORE lane=2 addr=0x521 data=0x82 op=0x8 R:36 W:0
# [2345] [PASS] LOAD lane=2 addr=0x521 data=0xffffff82 exp=0xffffff82 op=0x0 R:37 W:0
# [2445] [PASS] LOAD lane=2 addr=0x521 data=0x82 exp=0x82 op=0x4 R:38 W:0
# [2455] [PASS] STORE lane=3 addr=0x530 data=0x12120303 op=0xa R:39 W:0
# [2565] [PASS] LOAD lane=3 addr=0x530 data=0x12120303 exp=0x12120303 op=0x2 R:40 W:0
# [2575] [PASS] STORE lane=3 addr=0x532 data=0x8083 op=0x9 R:41 W:0
# [2635] [PASS] LOAD lane=3 addr=0x532 data=0xffff8083 exp=0xffff8083 op=0x1 R:42 W:0
# [2755] [PASS] LOAD lane=3 addr=0x532 data=0x8083 exp=0x8083 op=0x5 R:43 W:0
# [2765] [PASS] STORE lane=3 addr=0x531 data=0x83 op=0x8 R:44 W:0
# [2885] [PASS] LOAD lane=3 addr=0x531 data=0xffffff83 exp=0xffffff83 op=0x0 R:45 W:0
# [2985] [PASS] LOAD lane=3 addr=0x531 data=0x83 exp=0x83 op=0x4 R:46 W:0
# [2995] [PASS] STORE lane=0 addr=0x700 data=0xa5000000 op=0xa R:47 W:0
# [3155] [PASS] LOAD lane=0 addr=0x700 data=0xa5000000 exp=0xa5000000 op=0x2 R:48 W:0
# [3165] [PASS] STORE lane=0 addr=0x700 data=0x5a000000 op=0xa R:49 W:0
# [3295] [PASS] LOAD lane=0 addr=0x700 data=0x5a000000 exp=0x5a000000 op=0x2 R:50 W:0
# [3305] [PASS] STORE lane=1 addr=0x708 data=0xa5000001 op=0xa R:51 W:0
# [3485] [PASS] LOAD lane=1 addr=0x708 data=0xa5000001 exp=0xa5000001 op=0x2 R:52 W:0
# [3495] [PASS] STORE lane=1 addr=0x708 data=0x5a000001 op=0xa R:53 W:0
# [3745] [PASS] LOAD lane=1 addr=0x708 data=0x5a000001 exp=0x5a000001 op=0x2 R:54 W:0
# [3755] [PASS] STORE lane=2 addr=0x710 data=0xa5000002 op=0xa R:55 W:0
# [3945] [PASS] LOAD lane=2 addr=0x710 data=0xa5000002 exp=0xa5000002 op=0x2 R:56 W:0
# [3955] [PASS] STORE lane=2 addr=0x710 data=0x5a000002 op=0xa R:57 W:0
# [4145] [PASS] LOAD lane=2 addr=0x710 data=0x5a000002 exp=0x5a000002 op=0x2 R:58 W:0
# [4155] [PASS] STORE lane=3 addr=0x718 data=0xa5000003 op=0xa R:59 W:0
# [4385] [PASS] LOAD lane=3 addr=0x718 data=0xa5000003 exp=0xa5000003 op=0x2 R:60 W:0
# [4395] [PASS] STORE lane=3 addr=0x718 data=0x5a000003 op=0xa R:61 W:0
# [4595] [PASS] LOAD lane=3 addr=0x718 data=0x5a000003 exp=0x5a000003 op=0x2 R:62 W:0
# [4685] [PASS] LOAD lane=1 addr=0x47 data=0x0 exp=0x0 op=0x0 R:63 W:0
# [4695] [PASS] STORE lane=2 addr=0x5f4 data=0x73ad0266 op=0x9 R:64 W:0
# [4775] [PASS] LOAD lane=0 addr=0x6fa data=0x0 exp=0x0 op=0x5 R:65 W:0
# [4785] [PASS] STORE lane=1 addr=0x6d8 data=0x592e7233 op=0x9 R:66 W:0
# [4795] [PASS] STORE lane=2 addr=0xc5 data=0x21e2ae7e op=0x8 R:67 W:0
# [4875] [PASS] LOAD lane=1 addr=0x19c data=0x0 exp=0x0 op=0x2 R:68 W:0
# [5005] [PASS] LOAD lane=2 addr=0x37c data=0x0 exp=0x0 op=0x0 R:69 W:0
# [5115] [PASS] LOAD lane=1 addr=0x25c data=0x0 exp=0x0 op=0x5 R:70 W:0
# [5125] [PASS] STORE lane=2 addr=0x804 data=0xe245311e op=0xa R:71 W:0
# [5135] [PASS] STORE lane=2 addr=0xca data=0x17004e50 op=0x9 R:72 W:0
# [5145] [PASS] STORE lane=3 addr=0xb2c data=0x37c2a802 op=0xa R:73 W:0
# [5245] [PASS] LOAD lane=0 addr=0x274 data=0x0 exp=0x0 op=0x4 R:74 W:0
# [5395] [PASS] LOAD lane=1 addr=0xf8 data=0x0 exp=0x0 op=0x5 R:75 W:0
# [5495] [PASS] LOAD lane=3 addr=0x79e data=0x0 exp=0x0 op=0x5 R:76 W:0
# [5505] [PASS] STORE lane=2 addr=0x3d0 data=0xef8184a3 op=0x9 R:77 W:0
# [5635] [PASS] LOAD lane=2 addr=0x734 data=0x0 exp=0x0 op=0x5 R:78 W:0
# [5645] [PASS] STORE lane=3 addr=0x262 data=0xb54d2b41 op=0x9 R:79 W:0
# [5765] [PASS] LOAD lane=1 addr=0x1f0 data=0x0 exp=0x0 op=0x0 R:80 W:0
# [5775] [PASS] STORE lane=3 addr=0xbe0 data=0x5ce24671 op=0xa R:81 W:0
# [5785] [PASS] STORE lane=1 addr=0x38e data=0x575a1ef9 op=0x8 R:82 W:0
# [5935] [PASS] LOAD lane=3 addr=0x45a data=0x0 exp=0x0 op=0x5 R:83 W:0
# [5945] [PASS] STORE lane=1 addr=0x794 data=0x532478a op=0xa R:84 W:0
# [6085] [PASS] LOAD lane=2 addr=0x68e data=0x0 exp=0x0 op=0x5 R:85 W:0
# [6095] [PASS] STORE lane=0 addr=0x240 data=0x613ffd6f op=0xa R:86 W:0
# [6245] [PASS] LOAD lane=1 addr=0x22b data=0x0 exp=0x0 op=0x4 R:87 W:0
# [6255] [PASS] STORE lane=1 addr=0xe2 data=0xc542fe6b op=0x8 R:88 W:0
# [6405] [PASS] LOAD lane=2 addr=0x9a data=0x0 exp=0x0 op=0x0 R:89 W:0
# [6415] [PASS] STORE lane=1 addr=0x706 data=0x637fcb15 op=0x9 R:90 W:0
# [6425] [PASS] STORE lane=1 addr=0x15c data=0x363f8ac0 op=0xa R:91 W:0
# [6435] [PASS] STORE lane=3 addr=0x59c data=0x336ec759 op=0x9 R:92 W:0
# [6445] [PASS] STORE lane=2 addr=0xd94 data=0xd2169878 op=0xa R:93 W:0
# [6585] [PASS] LOAD lane=0 addr=0x61c data=0x0 exp=0x0 op=0x2 R:94 W:0
# [6645] [PASS] LOAD lane=1 addr=0x4e6 data=0x0 exp=0x0 op=0x5 R:95 W:0
# [6725] [PASS] LOAD lane=3 addr=0xae data=0x0 exp=0x0 op=0x4 R:96 W:0
# [6815] [PASS] LOAD lane=2 addr=0x120 data=0x0 exp=0x0 op=0x5 R:97 W:0
# [6825] [PASS] STORE lane=2 addr=0x34c data=0xa0078a55 op=0x9 R:98 W:0
# [6835] [PASS] STORE lane=3 addr=0x117 data=0x10b2c50d op=0x8 R:99 W:0
# [6935] [PASS] LOAD lane=1 addr=0x2e2 data=0x0 exp=0x0 op=0x0 R:100 W:0
# [6945] [PASS] STORE lane=1 addr=0x322 data=0x96183afb op=0x9 R:101 W:0
# [7065] [PASS] STORE lane=0 addr=0x420 data=0xf0da01f8 op=0x9 R:102 W:0
# [7215] [PASS] LOAD lane=0 addr=0x606 data=0x0 exp=0x0 op=0x1 R:103 W:0
# [7225] [PASS] STORE lane=0 addr=0x1c6 data=0x2e20a81c op=0x9 R:104 W:0
# [7235] [PASS] STORE lane=1 addr=0x224 data=0xc7d28856 op=0x8 R:105 W:0
# [7415] [PASS] LOAD lane=2 addr=0x183 data=0x0 exp=0x0 op=0x0 R:106 W:0
# [7555] [PASS] LOAD lane=3 addr=0x2ee data=0x0 exp=0x0 op=0x5 R:107 W:0
# [7565] [PASS] STORE lane=1 addr=0x4b0 data=0x26717256 op=0xa R:108 W:0
# [7695] [PASS] LOAD lane=2 addr=0xe4 data=0x0 exp=0x0 op=0x5 R:109 W:0
# [7705] [PASS] STORE lane=1 addr=0x3dc data=0x52531f6d op=0x9 R:110 W:0
# [7715] [PASS] STORE lane=0 addr=0x246 data=0x8ac5aaa op=0x8 R:111 W:0
# [7725] [PASS] STORE lane=2 addr=0xfe4 data=0xd541026c op=0xa R:112 W:0
# [7735] [PASS] STORE lane=2 addr=0x212 data=0x65899a09 op=0x9 R:113 W:0
# [7875] [PASS] LOAD lane=0 addr=0x62e data=0x0 exp=0x0 op=0x5 R:114 W:0
# [7945] [PASS] LOAD lane=2 addr=0x279 data=0x0 exp=0x0 op=0x0 R:115 W:0
# [7955] [PASS] STORE lane=2 addr=0xe20 data=0x1101f560 op=0xa R:116 W:0
# [8075] [PASS] LOAD lane=1 addr=0x243 data=0x61 exp=0x61 op=0x4 R:117 W:0
# [8085] [PASS] STORE lane=3 addr=0xb0 data=0x6e0f2521 op=0xa R:118 W:0
# [8215] [PASS] LOAD lane=0 addr=0x894 data=0x0 exp=0x0 op=0x2 R:119 W:0
# [8325] [PASS] LOAD lane=1 addr=0x240 data=0x613ffd6f exp=0x613ffd6f op=0x2 R:120 W:0
# [8335] [PASS] STORE lane=0 addr=0xf0 data=0xd786bc1c op=0x9 R:121 W:0
# [8485] [PASS] LOAD lane=0 addr=0x195 data=0x0 exp=0x0 op=0x4 R:122 W:0
# [8495] [PASS] STORE lane=0 addr=0xef8 data=0xee4d814c op=0xa R:123 W:0
# [8585] [PASS] LOAD lane=2 addr=0x604 data=0x0 exp=0x0 op=0x1 R:124 W:0
# [8745] [PASS] LOAD lane=3 addr=0x2bd data=0x0 exp=0x0 op=0x4 R:125 W:0
# [8755] [PASS] STORE lane=0 addr=0x376 data=0x6b104163 op=0x9 R:126 W:0
# [8765] [PASS] STORE lane=1 addr=0x718 data=0xfef42a8d op=0x9 R:127 W:0
# [8785] [PASS] STORE lane=2 addr=0x135 data=0xa5be7b36 op=0x8 R:128 W:0
# [8925] [PASS] LOAD lane=0 addr=0x39e data=0x0 exp=0x0 op=0x1 R:129 W:0
# [9075] [PASS] LOAD lane=0 addr=0x4f data=0x0 exp=0x0 op=0x0 R:130 W:0
# [9215] [PASS] LOAD lane=3 addr=0x3eb data=0x0 exp=0x0 op=0x0 R:131 W:0
# [9225] [PASS] STORE lane=3 addr=0x270 data=0xe9b6e029 op=0x9 R:132 W:0
# [9315] [PASS] LOAD lane=0 addr=0xa0c data=0x0 exp=0x0 op=0x2 R:133 W:0
# [9445] [PASS] STORE lane=1 addr=0xa50 data=0xc6c82739 op=0xa R:134 W:0
# [9555] [PASS] LOAD lane=1 addr=0x371 data=0x0 exp=0x0 op=0x4 R:135 W:0
# [9565] [PASS] STORE lane=0 addr=0xba data=0x163dc8cc op=0x8 R:136 W:0
# [9575] [PASS] STORE lane=1 addr=0x512 data=0x9c756fa0 op=0x9 R:137 W:0
# [9645] [PASS] LOAD lane=3 addr=0x65e data=0x0 exp=0x0 op=0x5 R:138 W:0
# [9745] [PASS] LOAD lane=3 addr=0x29d data=0x0 exp=0x0 op=0x0 R:139 W:0
# [9875] [PASS] LOAD lane=2 addr=0x750 data=0x0 exp=0x0 op=0x1 R:140 W:0
# [10095] [PASS] LOAD lane=0 addr=0x1fa data=0x0 exp=0x0 op=0x0 R:141 W:0
# [10185] [PASS] LOAD lane=2 addr=0x35 data=0x0 exp=0x0 op=0x4 R:142 W:0
# [10195] [PASS] STORE lane=1 addr=0x558 data=0xaf7c6525 op=0x9 R:143 W:0
# [10205] [PASS] STORE lane=3 addr=0x18 data=0xa23789a4 op=0x9 R:144 W:0
# [10215] [PASS] STORE lane=3 addr=0x15a data=0x8bc79480 op=0x9 R:145 W:0
# [10315] [PASS] LOAD lane=3 addr=0xd78 data=0x0 exp=0x0 op=0x2 R:146 W:0
# [10395] [PASS] LOAD lane=0 addr=0x27c data=0x0 exp=0x0 op=0x4 R:147 W:0
# [10405] [PASS] STORE lane=0 addr=0x6dc data=0x83450c18 op=0xa R:148 W:0
# [10505] [PASS] LOAD lane=3 addr=0x39 data=0x0 exp=0x0 op=0x4 R:149 W:0
# [10515] [PASS] STORE lane=1 addr=0x890 data=0x9fb34424 op=0xa R:150 W:0
# [10525] [PASS] STORE lane=1 addr=0x30a data=0xe7d85431 op=0x8 R:151 W:0
# [10535] [PASS] STORE lane=2 addr=0xd2 data=0x8103c952 op=0x8 R:152 W:0
# [10545] [PASS] STORE lane=2 addr=0x351 data=0xf0219ec5 op=0x8 R:153 W:0
# [10655] [PASS] LOAD lane=3 addr=0x1a0 data=0x0 exp=0x0 op=0x4 R:154 W:0
# [10795] [PASS] LOAD lane=3 addr=0x61 data=0x0 exp=0x0 op=0x0 R:155 W:0
# [10805] [PASS] STORE lane=2 addr=0x17 data=0x8afe29da op=0x8 R:156 W:0
# [10815] [PASS] STORE lane=1 addr=0x3bc data=0xb8480c20 op=0x8 R:157 W:0
# [10985] [PASS] LOAD lane=1 addr=0x59 data=0x0 exp=0x0 op=0x4 R:158 W:0
# [11045] [PASS] LOAD lane=0 addr=0x64c data=0x0 exp=0x0 op=0x5 R:159 W:0
# [11125] [PASS] LOAD lane=2 addr=0x4bc data=0x0 exp=0x0 op=0x1 R:160 W:0
# [11135] [PASS] STORE lane=1 addr=0x4a2 data=0xca5fda10 op=0x9 R:161 W:0
# [11215] [PASS] LOAD lane=0 addr=0x4d2 data=0x0 exp=0x0 op=0x5 R:162 W:0
# [11305] [PASS] STORE lane=2 addr=0x60 data=0x7619e5c2 op=0x9 R:163 W:0
# [11315] [PASS] STORE lane=2 addr=0x520 data=0xc4308b1c op=0xa R:164 W:0
# [11325] [PASS] STORE lane=3 addr=0x800 data=0x1c730aeb op=0xa R:165 W:0
# [11425] [PASS] LOAD lane=2 addr=0x6ca data=0x0 exp=0x0 op=0x5 R:166 W:0
# [11485] [PASS] LOAD lane=3 addr=0x454 data=0x0 exp=0x0 op=0x5 R:167 W:0
# [11495] [PASS] STORE lane=0 addr=0xbb4 data=0xc0170a32 op=0xa R:168 W:0
# [11655] [PASS] LOAD lane=3 addr=0x7da data=0x0 exp=0x0 op=0x5 R:169 W:0
# [11665] [PASS] STORE lane=1 addr=0xe2 data=0xba2d05d9 op=0x8 R:170 W:0
# [11745] [PASS] LOAD lane=1 addr=0x3bd data=0x0 exp=0x0 op=0x4 R:171 W:0
# [11835] [PASS] LOAD lane=1 addr=0x4d0 data=0x0 exp=0x0 op=0x1 R:172 W:0
# [11985] [PASS] LOAD lane=3 addr=0x3aa data=0x0 exp=0x0 op=0x4 R:173 W:0
# [11995] [PASS] STORE lane=2 addr=0xdd data=0xd598be56 op=0x8 R:174 W:0
# [12105] [PASS] STORE lane=1 addr=0x9c0 data=0x646941a9 op=0xa R:175 W:0
# [12115] [PASS] STORE lane=2 addr=0x241 data=0xf52a92ea op=0x8 R:176 W:0
# [12125] [PASS] STORE lane=0 addr=0x364 data=0x87381785 op=0xa R:177 W:0
# [12135] [PASS] STORE lane=1 addr=0x193 data=0x62d88a88 op=0x8 R:178 W:0
# [12145] [PASS] STORE lane=3 addr=0x546 data=0x3c95e3de op=0x9 R:179 W:0
# [12295] [PASS] LOAD lane=1 addr=0x662 data=0x0 exp=0x0 op=0x5 R:180 W:0
# [12365] [PASS] LOAD lane=0 addr=0x1b3 data=0x0 exp=0x0 op=0x0 R:181 W:0
# [12375] [PASS] STORE lane=2 addr=0x8e data=0x4f1f374e op=0x8 R:182 W:0
# [12505] [PASS] LOAD lane=2 addr=0x480 data=0x0 exp=0x0 op=0x2 R:183 W:0
# [12575] [PASS] LOAD lane=2 addr=0x34c data=0xffff8a55 exp=0xffff8a55 op=0x1 R:184 W:0
# [12585] [PASS] STORE lane=0 addr=0xd3c data=0x2510baca op=0xa R:185 W:0
# [12685] [PASS] LOAD lane=1 addr=0x266 data=0x0 exp=0x0 op=0x5 R:186 W:0
# [12825] [PASS] LOAD lane=3 addr=0x77a data=0x0 exp=0x0 op=0x5 R:187 W:0
# [12835] [PASS] STORE lane=0 addr=0x10e data=0xae959ae0 op=0x8 R:188 W:0
# [12905] [PASS] LOAD lane=1 addr=0x266 data=0x0 exp=0x0 op=0x1 R:189 W:0
# [13055] [PASS] LOAD lane=0 addr=0x3e0 data=0x0 exp=0x0 op=0x1 R:190 W:0
# [13175] [PASS] STORE lane=2 addr=0x1bf data=0xb677cfa4 op=0x8 R:191 W:0
# [13185] [PASS] STORE lane=2 addr=0xef8 data=0xd241a11f op=0xa R:192 W:0
# [13195] [PASS] STORE lane=3 addr=0x7ea data=0x491ee07 op=0x9 R:193 W:0
# [13205] [PASS] STORE lane=2 addr=0x2c8 data=0x64da1de op=0x8 R:194 W:0
# [13275] [PASS] LOAD lane=3 addr=0x288 data=0x0 exp=0x0 op=0x5 R:195 W:0
# [13405] [PASS] LOAD lane=0 addr=0xf94 data=0x0 exp=0x0 op=0x2 R:196 W:0
# [13555] [PASS] LOAD lane=0 addr=0x21 data=0x0 exp=0x0 op=0x4 R:197 W:0
# [13625] [PASS] LOAD lane=0 addr=0x29b data=0x0 exp=0x0 op=0x0 R:198 W:0
# [13765] [PASS] LOAD lane=1 addr=0x1f0 data=0x0 exp=0x0 op=0x0 R:199 W:0
# [13835] [PASS] LOAD lane=0 addr=0x622 data=0x0 exp=0x0 op=0x5 R:200 W:0
# [13945] [PASS] LOAD lane=3 addr=0x138 data=0x0 exp=0x0 op=0x0 R:201 W:0
# [14015] [PASS] LOAD lane=2 addr=0x52e data=0x0 exp=0x0 op=0x1 R:202 W:0
# [14195] [PASS] LOAD lane=0 addr=0x386 data=0x0 exp=0x0 op=0x0 R:203 W:0
# [14305] [PASS] LOAD lane=3 addr=0x323 data=0x3a exp=0x3a op=0x0 R:204 W:0
# [14455] [PASS] LOAD lane=0 addr=0x15a data=0x80 exp=0x80 op=0x4 R:205 W:0
# [14465] [PASS] STORE lane=0 addr=0x2b0 data=0xae7dbd03 op=0x9 R:206 W:0
# [14475] [PASS] STORE lane=2 addr=0x3b3 data=0x48d8cb91 op=0x8 R:207 W:0
# [14645] [PASS] LOAD lane=3 addr=0xd4 data=0x0 exp=0x0 op=0x1 R:208 W:0
# [14705] [PASS] LOAD lane=3 addr=0x494 data=0x0 exp=0x0 op=0x2 R:209 W:0
# [14805] [PASS] LOAD lane=0 addr=0xab data=0x0 exp=0x0 op=0x4 R:210 W:0
# [14905] [PASS] LOAD lane=2 addr=0x6e data=0x0 exp=0x0 op=0x0 R:211 W:0
# [14915] [PASS] STORE lane=2 addr=0xcc data=0xeca6df83 op=0x9 R:212 W:0
# [14985] [PASS] LOAD lane=0 addr=0x39 data=0x0 exp=0x0 op=0x4 R:213 W:0
# [15125] [PASS] LOAD lane=2 addr=0x2fb data=0x0 exp=0x0 op=0x0 R:214 W:0
# [15135] [PASS] STORE lane=1 addr=0x2e2 data=0x85d63299 op=0x8 R:215 W:0
# [15145] [PASS] STORE lane=3 addr=0x14b data=0x3b685767 op=0x8 R:216 W:0
# [15155] [PASS] STORE lane=2 addr=0x31e data=0x13bc2485 op=0x8 R:217 W:0
# [15285] [PASS] LOAD lane=1 addr=0x31a data=0x0 exp=0x0 op=0x4 R:218 W:0
# [15375] [PASS] LOAD lane=2 addr=0x104 data=0x0 exp=0x0 op=0x2 R:219 W:0
# [15385] [PASS] STORE lane=2 addr=0x175 data=0x160d3fbb op=0x8 R:220 W:0
# [15475] [PASS] LOAD lane=3 addr=0x1d7 data=0x0 exp=0x0 op=0x4 R:221 W:0
# [15575] [PASS] LOAD lane=3 addr=0x345 data=0x0 exp=0x0 op=0x4 R:222 W:0
# [15655] [PASS] LOAD lane=2 addr=0x548 data=0x0 exp=0x0 op=0x5 R:223 W:0
# [15665] [PASS] STORE lane=1 addr=0x2ca data=0xc204a5e2 op=0x8 R:224 W:0
# [15675] [PASS] STORE lane=1 addr=0xccc data=0xe656bd3a op=0xa R:225 W:0
# [15815] [PASS] LOAD lane=1 addr=0xc data=0x0 exp=0x0 op=0x4 R:226 W:0
# [15925] [PASS] LOAD lane=2 addr=0x222 data=0x0 exp=0x0 op=0x1 R:227 W:0
# [15935] [PASS] STORE lane=0 addr=0x204 data=0x7008d364 op=0x8 R:228 W:0
# [16015] [PASS] LOAD lane=3 addr=0x178 data=0x0 exp=0x0 op=0x2 R:229 W:0
# [16135] [PASS] LOAD lane=3 addr=0x36a data=0x0 exp=0x0 op=0x5 R:230 W:0
# [16145] [PASS] STORE lane=0 addr=0x6b8 data=0x4cb6c7aa op=0xa R:231 W:0
# [16155] [PASS] STORE lane=0 addr=0x9b8 data=0xb34d972e op=0xa R:232 W:0
# [16235] [PASS] LOAD lane=2 addr=0x172 data=0x0 exp=0x0 op=0x5 R:233 W:0
# [16325] [PASS] LOAD lane=0 addr=0x384 data=0x0 exp=0x0 op=0x5 R:234 W:0
# [16445] [PASS] LOAD lane=3 addr=0x13f data=0x0 exp=0x0 op=0x0 R:235 W:0
# [16565] [PASS] LOAD lane=1 addr=0x10c data=0x80 exp=0x80 op=0x5 R:236 W:0
# [16715] [PASS] LOAD lane=2 addr=0x158 data=0x0 exp=0x0 op=0x0 R:237 W:0
# [16835] [PASS] LOAD lane=3 addr=0x3e2 data=0x0 exp=0x0 op=0x4 R:238 W:0
# [17105] [PASS] STORE lane=3 addr=0x13a data=0xab9a9995 op=0x8 R:239 W:0
# [17115] [PASS] STORE lane=3 addr=0x5e4 data=0x468429eb op=0x9 R:240 W:0
# [17195] [PASS] LOAD lane=1 addr=0x1c4 data=0xa81c0000 exp=0xa81c0000 op=0x2 R:241 W:0
# [17205] [PASS] STORE lane=3 addr=0x94 data=0x837eab81 op=0x8 R:242 W:0
# [17265] [PASS] LOAD lane=1 addr=0x397 data=0x0 exp=0x0 op=0x4 R:243 W:0
# [17275] [PASS] STORE lane=1 addr=0x185 data=0xd7c77a95 op=0x8 R:244 W:0
# [17285] [PASS] STORE lane=0 addr=0x2e5 data=0x2455971b op=0x8 R:245 W:0
# [17365] [PASS] LOAD lane=0 addr=0x206 data=0x0 exp=0x0 op=0x4 R:246 W:0
# [17515] [PASS] LOAD lane=0 addr=0x9e4 data=0x0 exp=0x0 op=0x2 R:247 W:0
# [17665] [PASS] LOAD lane=1 addr=0x7da data=0x0 exp=0x0 op=0x1 R:248 W:0
# [17795] [PASS] LOAD lane=0 addr=0x10c data=0xffffff80 exp=0xffffff80 op=0x0 R:249 W:0
# [17805] [PASS] STORE lane=1 addr=0x788 data=0xd81135e0 op=0x9 R:250 W:0
# [17965] [PASS] LOAD lane=1 addr=0x388 data=0x0 exp=0x0 op=0x0 R:251 W:0
# [17975] [PASS] STORE lane=2 addr=0xe6 data=0xa0391f3 op=0x8 R:252 W:0
# [18075] [PASS] LOAD lane=0 addr=0x5d0 data=0x0 exp=0x0 op=0x1 R:253 W:0
# [18085] [PASS] STORE lane=0 addr=0x12d data=0x3852f35e op=0x8 R:254 W:0
# [18255] [PASS] LOAD lane=0 addr=0x998 data=0x0 exp=0x0 op=0x2 R:255 W:0
# [18265] [PASS] STORE lane=2 addr=0xa64 data=0x7b1ce0ef op=0xa R:256 W:0
# [18385] [PASS] LOAD lane=2 addr=0x4c0 data=0x0 exp=0x0 op=0x5 R:257 W:0
# [18625] [PASS] LOAD lane=3 addr=0x156 data=0x0 exp=0x0 op=0x5 R:258 W:0
# [18635] [PASS] STORE lane=0 addr=0xca data=0x4bb49ee1 op=0x8 R:259 W:0
# [18645] [PASS] STORE lane=0 addr=0xd6c data=0x738b6112 op=0xa R:260 W:0
# [18745] [PASS] LOAD lane=2 addr=0x7c data=0x0 exp=0x0 op=0x5 R:261 W:0
# [18835] [PASS] LOAD lane=3 addr=0x25b data=0x0 exp=0x0 op=0x0 R:262 W:0
# [18845] [PASS] STORE lane=1 addr=0xda0 data=0x6609ef63 op=0xa R:263 W:0
# [18975] [PASS] LOAD lane=1 addr=0x366 data=0x38 exp=0x38 op=0x0 R:264 W:0
# [18985] [PASS] STORE lane=0 addr=0x424 data=0x86b28444 op=0xa R:265 W:0
# [19075] [PASS] LOAD lane=3 addr=0x34a data=0x0 exp=0x0 op=0x5 R:266 W:0
# [19085] [PASS] STORE lane=3 addr=0x5f0 data=0x394d604 op=0x9 R:267 W:0
# [19095] [PASS] STORE lane=1 addr=0x178 data=0xe1ad8d55 op=0xa R:268 W:0
# [19165] [PASS] LOAD lane=0 addr=0x8fc data=0x0 exp=0x0 op=0x2 R:269 W:0
# [19175] [PASS] STORE lane=3 addr=0x3a2 data=0x1294a18e op=0x8 R:270 W:0
# [19185] [PASS] STORE lane=3 addr=0x128 data=0x52dc33f3 op=0xa R:271 W:0
# [19325] [PASS] LOAD lane=0 addr=0xb5 data=0x0 exp=0x0 op=0x0 R:272 W:0
# [19465] [PASS] LOAD lane=2 addr=0xf data=0x0 exp=0x0 op=0x0 R:273 W:0
# [19545] [PASS] LOAD lane=3 addr=0x30d data=0x0 exp=0x0 op=0x4 R:274 W:0
# [19625] [PASS] LOAD lane=0 addr=0x3d8 data=0x0 exp=0x0 op=0x2 R:275 W:0
# [19765] [PASS] LOAD lane=0 addr=0x754 data=0x0 exp=0x0 op=0x2 R:276 W:0
# [19835] [PASS] LOAD lane=1 addr=0x934 data=0x0 exp=0x0 op=0x2 R:277 W:0
# [19975] [PASS] LOAD lane=3 addr=0x117 data=0xd exp=0xd op=0x0 R:278 W:0
# [19985] [PASS] STORE lane=3 addr=0x2e0 data=0xefb955f5 op=0x8 R:279 W:0
# [20115] [PASS] LOAD lane=3 addr=0x214 data=0x0 exp=0x0 op=0x1 R:280 W:0
# [20275] [PASS] LOAD lane=3 addr=0x3e4 data=0x0 exp=0x0 op=0x5 R:281 W:0
# [20405] [PASS] LOAD lane=0 addr=0x238 data=0x0 exp=0x0 op=0x0 R:282 W:0
# [20415] [PASS] STORE lane=0 addr=0xc7 data=0x6ce7fb7b op=0x8 R:283 W:0
# [20425] [PASS] STORE lane=3 addr=0x7e data=0xb0e54be8 op=0x9 R:284 W:0
# [20545] [PASS] LOAD lane=2 addr=0x5c data=0x0 exp=0x0 op=0x4 R:285 W:0
# [20685] [PASS] LOAD lane=0 addr=0x4cc data=0x0 exp=0x0 op=0x2 R:286 W:0
# [20695] [PASS] STORE lane=0 addr=0x238 data=0x568bbf9a op=0x9 R:287 W:0
# [20705] [PASS] STORE lane=3 addr=0x1dc data=0xe397da9e op=0x9 R:288 W:0
# [20715] [PASS] STORE lane=1 addr=0x5ae data=0x3873d185 op=0x9 R:289 W:0
# [20735] [PASS] STORE lane=0 addr=0xe24 data=0x364b952c op=0xa R:290 W:0
# [20745] [PASS] STORE lane=0 addr=0x12d data=0x798f1750 op=0x8 R:291 W:0
# [20995] [PASS] LOAD lane=2 addr=0xb2 data=0x6e0f exp=0x6e0f op=0x5 R:292 W:0
# [21005] [PASS] STORE lane=3 addr=0x47c data=0x2dc58a99 op=0x9 R:293 W:0
# [21165] [PASS] LOAD lane=0 addr=0x18 data=0xffff89a4 exp=0xffff89a4 op=0x1 R:294 W:0
# [21305] [PASS] LOAD lane=0 addr=0x140 data=0x0 exp=0x0 op=0x4 R:295 W:0
# [21405] [PASS] LOAD lane=2 addr=0x2d9 data=0x0 exp=0x0 op=0x4 R:296 W:0
# [21555] [PASS] LOAD lane=0 addr=0xac data=0x0 exp=0x0 op=0x0 R:297 W:0
# [21615] [PASS] LOAD lane=3 addr=0xfc data=0x0 exp=0x0 op=0x4 R:298 W:0
# [21625] [PASS] STORE lane=2 addr=0x310 data=0xfab02330 op=0x9 R:299 W:0
# [21705] [PASS] LOAD lane=3 addr=0x68 data=0x0 exp=0x0 op=0x2 R:300 W:0
# [21715] [PASS] STORE lane=0 addr=0x8e data=0xbd53f6a2 op=0x9 R:301 W:0
# [21725] [PASS] STORE lane=3 addr=0x274 data=0xcb44fb78 op=0x9 R:302 W:0
# [21855] [PASS] LOAD lane=2 addr=0x592 data=0x0 exp=0x0 op=0x5 R:303 W:0
# [21865] [PASS] STORE lane=2 addr=0x54 data=0x350b96d6 op=0x8 R:304 W:0
# [21875] [PASS] STORE lane=3 addr=0x128 data=0xcafbf1f6 op=0x8 R:305 W:0
# [21985] [PASS] LOAD lane=2 addr=0x2bf data=0x0 exp=0x0 op=0x4 R:306 W:0
# [21995] [PASS] STORE lane=1 addr=0x9e data=0xf4ac66fb op=0x8 R:307 W:0
# [22005] [PASS] STORE lane=1 addr=0x1d1 data=0x4e2e01b9 op=0x8 R:308 W:0
# [22195] [PASS] LOAD lane=1 addr=0xaa data=0x0 exp=0x0 op=0x5 R:309 W:0
# [22355] [PASS] LOAD lane=2 addr=0x434 data=0x0 exp=0x0 op=0x5 R:310 W:0
# [22415] [PASS] LOAD lane=2 addr=0x6a6 data=0x0 exp=0x0 op=0x1 R:311 W:0
# [22515] [PASS] LOAD lane=2 addr=0x36f data=0x0 exp=0x0 op=0x0 R:312 W:0
# [22655] [PASS] LOAD lane=3 addr=0x34 data=0x0 exp=0x0 op=0x0 R:313 W:0
# [22735] [PASS] STORE lane=2 addr=0xc80 data=0x9bf6893 op=0xa R:314 W:0
# [22815] [PASS] LOAD lane=2 addr=0xa0 data=0x0 exp=0x0 op=0x1 R:315 W:0
# [22825] [PASS] STORE lane=3 addr=0x16a data=0x84bf556a op=0x8 R:316 W:0
# [22985] [PASS] LOAD lane=2 addr=0xb84 data=0x0 exp=0x0 op=0x2 R:317 W:0
# [22995] [PASS] STORE lane=3 addr=0xe38 data=0x1e0ee230 op=0xa R:318 W:0
# [23005] [PASS] STORE lane=2 addr=0x6 data=0xc90c1327 op=0x8 R:319 W:0
# [23105] [PASS] LOAD lane=2 addr=0x522 data=0xc430 exp=0xc430 op=0x5 R:320 W:0
# [23235] [PASS] LOAD lane=1 addr=0x5fa data=0x0 exp=0x0 op=0x5 R:321 W:0
# [23365] [PASS] LOAD lane=2 addr=0x716 data=0x0 exp=0x0 op=0x5 R:322 W:0
# [23505] [PASS] LOAD lane=0 addr=0x388 data=0x0 exp=0x0 op=0x1 R:323 W:0
# [23515] [PASS] STORE lane=0 addr=0x17e data=0xb960125b op=0x9 R:324 W:0
# [23595] [PASS] LOAD lane=3 addr=0x95c data=0x0 exp=0x0 op=0x2 R:325 W:0
# [23715] [PASS] LOAD lane=0 addr=0x520 data=0x8b1c exp=0x8b1c op=0x5 R:326 W:0
# [23795] [PASS] LOAD lane=2 addr=0x6e8 data=0x0 exp=0x0 op=0x2 R:327 W:0
# [23805] [PASS] STORE lane=2 addr=0x464 data=0x37909745 op=0xa R:328 W:0
# [23935] [PASS] LOAD lane=1 addr=0x126 data=0x0 exp=0x0 op=0x4 R:329 W:0
# [23945] [PASS] STORE lane=1 addr=0x54 data=0x58325bc6 op=0x8 R:330 W:0
# [24075] [PASS] LOAD lane=0 addr=0x22 data=0x0 exp=0x0 op=0x4 R:331 W:0
# [24155] [PASS] LOAD lane=1 addr=0x4e2 data=0x0 exp=0x0 op=0x5 R:332 W:0
# [24255] [PASS] LOAD lane=0 addr=0x224 data=0x56 exp=0x56 op=0x5 R:333 W:0
# [24265] [PASS] STORE lane=3 addr=0x7e0 data=0x6abb9c6e op=0xa R:334 W:0
# [24395] [PASS] LOAD lane=1 addr=0x1b6 data=0x0 exp=0x0 op=0x4 R:335 W:0
# [24635] [PASS] LOAD lane=2 addr=0x908 data=0x0 exp=0x0 op=0x2 R:336 W:0
# [24695] [PASS] LOAD lane=2 addr=0xf74 data=0x0 exp=0x0 op=0x2 R:337 W:0
# [24795] [PASS] LOAD lane=2 addr=0x2f4 data=0x0 exp=0x0 op=0x2 R:338 W:0
# [24945] [PASS] LOAD lane=1 addr=0x11e data=0x0 exp=0x0 op=0x5 R:339 W:0
# [24955] [PASS] STORE lane=1 addr=0x246 data=0x26a4d32a op=0x8 R:340 W:0
# [25035] [PASS] LOAD lane=0 addr=0x383 data=0x0 exp=0x0 op=0x0 R:341 W:0
# [25105] [PASS] LOAD lane=2 addr=0x2d4 data=0x0 exp=0x0 op=0x2 R:342 W:0
# [25115] [PASS] STORE lane=2 addr=0x658 data=0x85912406 op=0x9 R:343 W:0
# [25195] [PASS] LOAD lane=2 addr=0x208 data=0x0 exp=0x0 op=0x5 R:344 W:0
# [25205] [PASS] STORE lane=2 addr=0x58c data=0xef42443b op=0xa R:345 W:0
# [25315] [PASS] LOAD lane=3 addr=0x22 data=0x0 exp=0x0 op=0x1 R:346 W:0
# [25405] [PASS] LOAD lane=2 addr=0x144 data=0x0 exp=0x0 op=0x2 R:347 W:0
# [25545] [PASS] LOAD lane=2 addr=0x15 data=0x0 exp=0x0 op=0x0 R:348 W:0
# [25665] [PASS] LOAD lane=3 addr=0x78 data=0x0 exp=0x0 op=0x4 R:349 W:0
# [25805] [PASS] LOAD lane=2 addr=0x347 data=0x0 exp=0x0 op=0x4 R:350 W:0
# [25925] [PASS] LOAD lane=2 addr=0xb9 data=0x0 exp=0x0 op=0x0 R:351 W:0
# [26055] [PASS] LOAD lane=0 addr=0x1d6 data=0x0 exp=0x0 op=0x4 R:352 W:0
# [26115] [PASS] LOAD lane=2 addr=0x1fc data=0x0 exp=0x0 op=0x4 R:353 W:0
# [26255] [PASS] LOAD lane=2 addr=0x118 data=0x0 exp=0x0 op=0x1 R:354 W:0
# [26335] [PASS] LOAD lane=0 addr=0x6a8 data=0x0 exp=0x0 op=0x5 R:355 W:0
# [26405] [PASS] LOAD lane=0 addr=0x7d2 data=0x0 exp=0x0 op=0x1 R:356 W:0
# [26415] [PASS] STORE lane=0 addr=0x7f8 data=0x303fe5f2 op=0xa R:357 W:0
# [26425] [PASS] STORE lane=3 addr=0xe10 data=0x855f4bc5 op=0xa R:358 W:0
# [26515] [PASS] LOAD lane=2 addr=0x222 data=0x0 exp=0x0 op=0x4 R:359 W:0
# [26615] [PASS] LOAD lane=0 addr=0x74a data=0x0 exp=0x0 op=0x1 R:360 W:0
# [26625] [PASS] STORE lane=1 addr=0x278 data=0x6482e6c op=0x9 R:361 W:0
# [26705] [PASS] LOAD lane=2 addr=0xf24 data=0x0 exp=0x0 op=0x2 R:362 W:0
# [26715] [PASS] STORE lane=2 addr=0x7e0 data=0x8bebe21d op=0xa R:363 W:0
# [26725] [PASS] STORE lane=3 addr=0x161 data=0x886cf8cc op=0x8 R:364 W:0
# [26845] [PASS] LOAD lane=3 addr=0x1c9 data=0x0 exp=0x0 op=0x4 R:365 W:0
# [26905] [PASS] LOAD lane=1 addr=0x2ef data=0x0 exp=0x0 op=0x0 R:366 W:0
# [27035] [PASS] LOAD lane=2 addr=0xe0 data=0x0 exp=0x0 op=0x0 R:367 W:0
# [27155] [PASS] LOAD lane=1 addr=0x776 data=0x0 exp=0x0 op=0x5 R:368 W:0
# [27235] [PASS] LOAD lane=3 addr=0x276 data=0x0 exp=0x0 op=0x5 R:369 W:0
# [27245] [PASS] STORE lane=3 addr=0x5bc data=0xbfb7fe6d op=0x9 R:370 W:0
# [27305] [PASS] LOAD lane=3 addr=0x30 data=0x0 exp=0x0 op=0x1 R:371 W:0
# [27455] [PASS] LOAD lane=1 addr=0x5b8 data=0x0 exp=0x0 op=0x2 R:372 W:0
# [27465] [PASS] STORE lane=1 addr=0x351 data=0x113fabd3 op=0x8 R:373 W:0
# [27615] [PASS] LOAD lane=3 addr=0x2e8 data=0x0 exp=0x0 op=0x1 R:374 W:0
# [27765] [PASS] LOAD lane=1 addr=0x131 data=0x0 exp=0x0 op=0x0 R:375 W:0
# [27895] [PASS] LOAD lane=3 addr=0x4 data=0x0 exp=0x0 op=0x4 R:376 W:0
# [27905] [PASS] STORE lane=1 addr=0x67 data=0x47f6040f op=0x8 R:377 W:0
# [28005] [PASS] LOAD lane=1 addr=0xd10 data=0x0 exp=0x0 op=0x2 R:378 W:0
# [28095] [PASS] LOAD lane=2 addr=0x7f0 data=0x0 exp=0x0 op=0x2 R:379 W:0
# [28175] [PASS] LOAD lane=1 addr=0xe2 data=0xd9 exp=0xd9 op=0x5 R:380 W:0
# [28185] [PASS] STORE lane=3 addr=0x1c2 data=0x41b262db op=0x8 R:381 W:0
# [28255] [PASS] LOAD lane=3 addr=0x2c9 data=0x0 exp=0x0 op=0x4 R:382 W:0
# [28365] [PASS] LOAD lane=0 addr=0x2b6 data=0x0 exp=0x0 op=0x5 R:383 W:0
# [28425] [PASS] LOAD lane=2 addr=0xc4c data=0x0 exp=0x0 op=0x2 R:384 W:0
# [28505] [PASS] LOAD lane=1 addr=0x327 data=0x0 exp=0x0 op=0x4 R:385 W:0
# [28625] [PASS] LOAD lane=0 addr=0x12a data=0xdc exp=0xdc op=0x4 R:386 W:0
# [28725] [PASS] LOAD lane=0 addr=0x7a data=0x0 exp=0x0 op=0x1 R:387 W:0
# [28735] [PASS] STORE lane=1 addr=0x50 data=0xf6580c8f op=0x9 R:388 W:0
# [28875] [PASS] LOAD lane=2 addr=0x3e6 data=0x0 exp=0x0 op=0x0 R:389 W:0
# [28885] [PASS] STORE lane=1 addr=0x33f data=0x9c662f7a op=0x8 R:390 W:0
# [28895] [PASS] STORE lane=2 addr=0x92 data=0xa1a12d45 op=0x8 R:391 W:0
# [29035] [PASS] LOAD lane=0 addr=0x23a data=0x0 exp=0x0 op=0x1 R:392 W:0
# [29195] [PASS] LOAD lane=3 addr=0x3c4 data=0x0 exp=0x0 op=0x5 R:393 W:0
# [29325] [PASS] LOAD lane=2 addr=0xca8 data=0x0 exp=0x0 op=0x2 R:394 W:0
# [29435] [PASS] LOAD lane=2 addr=0x29a data=0x0 exp=0x0 op=0x5 R:395 W:0
# [29445] [PASS] STORE lane=3 addr=0x7ac data=0x8f325f1d op=0xa R:396 W:0
# [29605] [PASS] LOAD lane=3 addr=0x323 data=0x3a exp=0x3a op=0x0 R:397 W:0
# [29685] [PASS] LOAD lane=3 addr=0x25c data=0x0 exp=0x0 op=0x5 R:398 W:0
# [29745] [PASS] LOAD lane=1 addr=0x3c5 data=0x0 exp=0x0 op=0x0 R:399 W:0
# [29755] [PASS] STORE lane=2 addr=0x72a data=0x7bc48d37 op=0x9 R:400 W:0
# [29765] [PASS] STORE lane=1 addr=0x29 data=0xf56e94b9 op=0x8 R:401 W:0
# [29785] [PASS] STORE lane=2 addr=0xfe data=0x3cdc074e op=0x9 R:402 W:0
# [29805] [PASS] STORE lane=2 addr=0x1bf data=0x76aa1faf op=0x8 R:403 W:0
# [29825] [PASS] STORE lane=1 addr=0x48c data=0xde53609e op=0xa R:404 W:0
# [29965] [PASS] LOAD lane=2 addr=0x28e data=0x0 exp=0x0 op=0x1 R:405 W:0
# [29975] [PASS] STORE lane=3 addr=0x3dc data=0xff236d82 op=0xa R:406 W:0
# [30095] [PASS] LOAD lane=3 addr=0x268 data=0x0 exp=0x0 op=0x5 R:407 W:0
# [30245] [PASS] LOAD lane=2 addr=0x552 data=0x0 exp=0x0 op=0x5 R:408 W:0
# [30255] [PASS] STORE lane=2 addr=0x7e0 data=0x91267456 op=0x9 R:409 W:0
# [30405] [PASS] LOAD lane=1 addr=0x726 data=0x0 exp=0x0 op=0x1 R:410 W:0
# [30415] [PASS] STORE lane=0 addr=0x3b2 data=0xa7aea541 op=0x8 R:411 W:0
# [30565] [PASS] LOAD lane=3 addr=0x69a data=0x0 exp=0x0 op=0x1 R:412 W:0
# [30705] [PASS] LOAD lane=1 addr=0x222 data=0x0 exp=0x0 op=0x0 R:413 W:0
# [30825] [PASS] LOAD lane=0 addr=0xb58 data=0x0 exp=0x0 op=0x2 R:414 W:0
# [30885] [PASS] LOAD lane=1 addr=0x23c data=0x0 exp=0x0 op=0x2 R:415 W:0
# [30965] [PASS] LOAD lane=3 addr=0x155 data=0x0 exp=0x0 op=0x4 R:416 W:0
# [30975] [PASS] STORE lane=3 addr=0x189 data=0xa730095a op=0x8 R:417 W:0
# [31125] [PASS] LOAD lane=0 addr=0x29e data=0x0 exp=0x0 op=0x1 R:418 W:0
# [31135] [PASS] STORE lane=3 addr=0x3ad data=0x54d9b04b op=0x8 R:419 W:0
# [31295] [PASS] LOAD lane=2 addr=0x492 data=0x0 exp=0x0 op=0x5 R:420 W:0
# [31445] [PASS] LOAD lane=1 addr=0x19c data=0x0 exp=0x0 op=0x0 R:421 W:0
# [31455] [PASS] STORE lane=1 addr=0xfe4 data=0xb33e3181 op=0xa R:422 W:0
# [31465] [PASS] STORE lane=0 addr=0x182 data=0xdeece508 op=0x8 R:423 W:0
# [31615] [PASS] LOAD lane=1 addr=0x17 data=0xffffffda exp=0xffffffda op=0x0 R:424 W:0
# [31685] [PASS] LOAD lane=3 addr=0xf40 data=0x0 exp=0x0 op=0x2 R:425 W:0
# [31745] [PASS] LOAD lane=3 addr=0x329 data=0x0 exp=0x0 op=0x0 R:426 W:0
# [31795] [PASS] STORE lane=2 addr=0x10d data=0xfe3f67cd op=0x8 R:427 W:0
# [31805] [PASS] STORE lane=0 addr=0x3d0 data=0x2c172f19 op=0xa R:428 W:0
# [31965] [PASS] LOAD lane=0 addr=0x46 data=0x0 exp=0x0 op=0x1 R:429 W:0
# [32045] [PASS] LOAD lane=3 addr=0x2f4 data=0x0 exp=0x0 op=0x5 R:430 W:0
# [32055] [PASS] STORE lane=2 addr=0x7a data=0x938a4ef3 op=0x8 R:431 W:0
# [32165] [PASS] LOAD lane=1 addr=0x345 data=0x0 exp=0x0 op=0x4 R:432 W:0
# [32175] [PASS] STORE lane=0 addr=0xfd4 data=0x7a2e2c33 op=0xa R:433 W:0
# [32275] [PASS] LOAD lane=0 addr=0xac data=0x0 exp=0x0 op=0x4 R:434 W:0
# [32415] [PASS] LOAD lane=1 addr=0x372 data=0x0 exp=0x0 op=0x0 R:435 W:0
# [32565] [PASS] LOAD lane=1 addr=0x50c data=0x0 exp=0x0 op=0x5 R:436 W:0
# [32645] [PASS] LOAD lane=1 addr=0x260 data=0x2b410000 exp=0x2b410000 op=0x2 R:437 W:0
# [32735] [PASS] LOAD lane=3 addr=0xaf8 data=0x0 exp=0x0 op=0x2 R:438 W:0
# [32825] [PASS] LOAD lane=0 addr=0x275 data=0xfffffffb exp=0xfffffffb op=0x0 R:439 W:0
# [32835] [PASS] STORE lane=1 addr=0x304 data=0xc92000a1 op=0x9 R:440 W:0
# [32955] [PASS] LOAD lane=0 addr=0x115 data=0x0 exp=0x0 op=0x4 R:441 W:0
# [33085] [PASS] LOAD lane=3 addr=0x380 data=0x0 exp=0x0 op=0x4 R:442 W:0
# [33185] [PASS] LOAD lane=0 addr=0x1fe data=0x0 exp=0x0 op=0x4 R:443 W:0
# [33265] [PASS] LOAD lane=3 addr=0x1d1 data=0xb9 exp=0xb9 op=0x4 R:444 W:0
# [33275] [PASS] STORE lane=1 addr=0xb7c data=0x7910b6c5 op=0xa R:445 W:0
# [33285] [PASS] STORE lane=3 addr=0x2a4 data=0xb30e9562 op=0x8 R:446 W:0
# [33295] [PASS] STORE lane=1 addr=0x1d6 data=0xcaed4f1 op=0x9 R:447 W:0
# [33335] [PASS] STORE lane=1 addr=0x20c data=0x868c8152 op=0xa R:448 W:0
# [33345] [PASS] STORE lane=3 addr=0x4d6 data=0x6bef6ddc op=0x9 R:449 W:0
# [33475] [PASS] LOAD lane=0 addr=0xed0 data=0x0 exp=0x0 op=0x2 R:450 W:0
# [33595] [PASS] LOAD lane=1 addr=0x156 data=0x0 exp=0x0 op=0x4 R:451 W:0
# [33665] [PASS] LOAD lane=3 addr=0x13f data=0x0 exp=0x0 op=0x4 R:452 W:0
# [33675] [PASS] STORE lane=1 addr=0xe0c data=0x82808249 op=0xa R:453 W:0
# [33825] [PASS] LOAD lane=1 addr=0x482 data=0x0 exp=0x0 op=0x1 R:454 W:0
# [33975] [PASS] LOAD lane=0 addr=0x119 data=0x0 exp=0x0 op=0x4 R:455 W:0
# [34045] [PASS] LOAD lane=3 addr=0x37a data=0x0 exp=0x0 op=0x5 R:456 W:0
# [34235] [PASS] LOAD lane=1 addr=0x5a8 data=0x0 exp=0x0 op=0x2 R:457 W:0
# [34245] [PASS] STORE lane=3 addr=0x6e8 data=0xbde2abd4 op=0xa R:458 W:0
# [34325] [PASS] LOAD lane=1 addr=0x147 data=0x0 exp=0x0 op=0x0 R:459 W:0
# [34335] [PASS] STORE lane=2 addr=0x584 data=0xe0ba96c3 op=0xa R:460 W:0
# [34465] [PASS] LOAD lane=1 addr=0x3d4 data=0x0 exp=0x0 op=0x0 R:461 W:0
# [34475] [PASS] STORE lane=1 addr=0x3fa data=0x40a5a8c6 op=0x8 R:462 W:0
# [34485] [PASS] STORE lane=0 addr=0x4e2 data=0x7c674827 op=0x9 R:463 W:0
# [34495] [PASS] STORE lane=1 addr=0x324 data=0x1c0222c6 op=0x8 R:464 W:0
# [34635] [PASS] LOAD lane=0 addr=0x44c data=0x0 exp=0x0 op=0x5 R:465 W:0
# [34645] [PASS] STORE lane=1 addr=0xc10 data=0x9e4d6862 op=0xa R:466 W:0
# [34715] [PASS] LOAD lane=0 addr=0xe2 data=0xd9 exp=0xd9 op=0x1 R:467 W:0
# [34825] [PASS] LOAD lane=0 addr=0x6f2 data=0x0 exp=0x0 op=0x1 R:468 W:0
# [34835] [PASS] STORE lane=3 addr=0x474 data=0x9385b00c op=0x9 R:469 W:0
# [34925] [PASS] LOAD lane=2 addr=0x136 data=0x0 exp=0x0 op=0x4 R:470 W:0
# [35055] [PASS] LOAD lane=0 addr=0x56c data=0x0 exp=0x0 op=0x5 R:471 W:0
# [35165] [PASS] LOAD lane=0 addr=0x3b8 data=0x0 exp=0x0 op=0x4 R:472 W:0
# [35245] [PASS] LOAD lane=1 addr=0x918 data=0x0 exp=0x0 op=0x2 R:473 W:0
# [35255] [PASS] STORE lane=0 addr=0xb68 data=0x40f730e4 op=0xa R:474 W:0
# [35395] [PASS] LOAD lane=3 addr=0x54 data=0xc6 exp=0xc6 op=0x5 R:475 W:0
# [35545] [PASS] LOAD lane=1 addr=0x8 data=0x0 exp=0x0 op=0x5 R:476 W:0
# [35555] [PASS] STORE lane=1 addr=0x3a0 data=0x7d500378 op=0x8 R:477 W:0
# [35565] [PASS] STORE lane=1 addr=0x28 data=0x82404a5d op=0xa R:478 W:0
# [35675] [PASS] LOAD lane=2 addr=0x272 data=0x0 exp=0x0 op=0x4 R:479 W:0
# [35685] [PASS] STORE lane=2 addr=0x4f4 data=0x8dc07099 op=0xa R:480 W:0
# [35765] [PASS] LOAD lane=3 addr=0x2c0 data=0x0 exp=0x0 op=0x0 R:481 W:0
# [35775] [PASS] STORE lane=3 addr=0x2de data=0xf37f8eed op=0x9 R:482 W:0
# [35905] [PASS] LOAD lane=1 addr=0x1c0 data=0x0 exp=0x0 op=0x4 R:483 W:0
# [35995] [PASS] LOAD lane=2 addr=0x6c8 data=0x0 exp=0x0 op=0x2 R:484 W:0
# [36055] [PASS] LOAD lane=0 addr=0x482 data=0x0 exp=0x0 op=0x5 R:485 W:0
# [36065] [PASS] STORE lane=2 addr=0x2f9 data=0x89aea174 op=0x8 R:486 W:0
# [36075] [PASS] STORE lane=3 addr=0x380 data=0x1101741 op=0x9 R:487 W:0
# [36165] [PASS] LOAD lane=3 addr=0x3a data=0x0 exp=0x0 op=0x0 R:488 W:0
# [36225] [PASS] LOAD lane=2 addr=0xd9 data=0x0 exp=0x0 op=0x0 R:489 W:0
# [36335] [PASS] LOAD lane=3 addr=0x42 data=0x0 exp=0x0 op=0x1 R:490 W:0
# [36455] [PASS] LOAD lane=1 addr=0x26a data=0x0 exp=0x0 op=0x5 R:491 W:0
# [36465] [PASS] STORE lane=0 addr=0x5a4 data=0x44f7b57c op=0xa R:492 W:0
# [36475] [PASS] STORE lane=0 addr=0x58e data=0x57ee086c op=0x9 R:493 W:0
# [36495] [PASS] STORE lane=1 addr=0x4a0 data=0xc90588d1 op=0x9 R:494 W:0
# [36595] [PASS] LOAD lane=1 addr=0xe50 data=0x0 exp=0x0 op=0x2 R:495 W:0
# [36665] [PASS] LOAD lane=2 addr=0x15a data=0xffff9480 exp=0xffff9480 op=0x1 R:496 W:0
# [36675] [PASS] STORE lane=3 addr=0x13d data=0x7f7cdef6 op=0x8 R:497 W:0
# [36795] [PASS] LOAD lane=3 addr=0x20c data=0x52 exp=0x52 op=0x0 R:498 W:0
# [36915] [PASS] LOAD lane=3 addr=0xc88 data=0x0 exp=0x0 op=0x2 R:499 W:0
# [37005] [PASS] LOAD lane=1 addr=0x410 data=0x0 exp=0x0 op=0x5 R:500 W:0
# [37075] [PASS] LOAD lane=0 addr=0x18 data=0xffffffa4 exp=0xffffffa4 op=0x0 R:501 W:0
# [37155] [PASS] LOAD lane=2 addr=0x95 data=0x0 exp=0x0 op=0x4 R:502 W:0
# [37165] [PASS] STORE lane=0 addr=0xc30 data=0x86c84d2e op=0xa R:503 W:0
# [37175] [PASS] STORE lane=0 addr=0x472 data=0xfedbdd38 op=0x9 R:504 W:0
# [37275] [PASS] LOAD lane=2 addr=0xd1c data=0x0 exp=0x0 op=0x2 R:505 W:0
# [37385] [PASS] LOAD lane=1 addr=0xfe data=0x74e exp=0x74e op=0x5 R:506 W:0
# [37395] [PASS] STORE lane=1 addr=0x222 data=0x4d652d3f op=0x9 R:507 W:0
# [37485] [PASS] LOAD lane=2 addr=0x65a data=0x0 exp=0x0 op=0x1 R:508 W:0
# [37575] [PASS] LOAD lane=0 addr=0x189 data=0x5a exp=0x5a op=0x4 R:509 W:0
# [37585] [PASS] STORE lane=2 addr=0x538 data=0xc01e1a49 op=0x9 R:510 W:0
# [37745] [PASS] LOAD lane=2 addr=0x750 data=0x0 exp=0x0 op=0x2 R:511 W:0
# [37865] [PASS] LOAD lane=2 addr=0x15f data=0x36 exp=0x36 op=0x4 R:512 W:0
# [37975] [PASS] LOAD lane=1 addr=0x248 data=0x0 exp=0x0 op=0x0 R:513 W:0
# [37985] [PASS] STORE lane=3 addr=0x3d8 data=0x3280a853 op=0x8 R:514 W:0
# [38065] [PASS] LOAD lane=3 addr=0x650 data=0x0 exp=0x0 op=0x1 R:515 W:0
# [38145] [PASS] LOAD lane=0 addr=0xac data=0x0 exp=0x0 op=0x2 R:516 W:0
# [38255] [PASS] LOAD lane=0 addr=0xff0 data=0x0 exp=0x0 op=0x2 R:517 W:0
# [38265] [PASS] STORE lane=0 addr=0x20c data=0xd30e820c op=0x8 R:518 W:0
# [38415] [PASS] LOAD lane=2 addr=0x86c data=0x0 exp=0x0 op=0x2 R:519 W:0
# [38425] [PASS] STORE lane=0 addr=0xd8 data=0x9d802ad5 op=0xa R:520 W:0
# [38435] [PASS] STORE lane=2 addr=0x370 data=0xe2de71ce op=0x9 R:521 W:0
# [38445] [PASS] STORE lane=2 addr=0x9f8 data=0x9940c8a1 op=0xa R:522 W:0
# [38455] [PASS] STORE lane=1 addr=0x36a data=0x3ca45506 op=0x8 R:523 W:0
# [38525] [PASS] LOAD lane=0 addr=0x349 data=0x0 exp=0x0 op=0x4 R:524 W:0
# [38645] [PASS] LOAD lane=0 addr=0x2ec data=0x0 exp=0x0 op=0x4 R:525 W:0
# [38655] [PASS] STORE lane=1 addr=0x39e data=0xd2491b1c op=0x9 R:526 W:0
# [38665] [PASS] STORE lane=1 addr=0x8 data=0xb1cf6366 op=0x9 R:527 W:0
# [38825] [PASS] LOAD lane=2 addr=0x1ea data=0x0 exp=0x0 op=0x0 R:528 W:0
# [38835] [PASS] STORE lane=2 addr=0x169 data=0x36490f78 op=0x8 R:529 W:0
# [38965] [PASS] LOAD lane=1 addr=0x1a2 data=0x0 exp=0x0 op=0x0 R:530 W:0
# [39115] [PASS] LOAD lane=2 addr=0x714 data=0x0 exp=0x0 op=0x1 R:531 W:0
# [39125] [PASS] STORE lane=3 addr=0x2c6 data=0xb28f7f8d op=0x8 R:532 W:0
# [39195] [PASS] LOAD lane=2 addr=0xdc4 data=0x0 exp=0x0 op=0x2 R:533 W:0
# [39275] [PASS] LOAD lane=0 addr=0x1d3 data=0x0 exp=0x0 op=0x4 R:534 W:0
# [39345] [PASS] LOAD lane=0 addr=0x30e data=0x0 exp=0x0 op=0x1 R:535 W:0
# [39355] [PASS] STORE lane=3 addr=0xaf0 data=0x42825225 op=0xa R:536 W:0
# [39365] [PASS] STORE lane=0 addr=0x848 data=0xb0d06314 op=0xa R:537 W:0
# [39485] [PASS] LOAD lane=2 addr=0x28a data=0x0 exp=0x0 op=0x4 R:538 W:0
# [39615] [PASS] LOAD lane=0 addr=0x3ee data=0x0 exp=0x0 op=0x1 R:539 W:0
# [39685] [PASS] LOAD lane=0 addr=0x50 data=0xc8f exp=0xc8f op=0x1 R:540 W:0
# [39695] [PASS] STORE lane=2 addr=0xfdc data=0x21e21bb op=0xa R:541 W:0
# SCOREBOARD total=541 pass=541 fail=0
# COVERAGE issue_cov=91.67%
# LSU_V2 PASSED
# ** Note: $finish    : tb/tests/vx_lsu_slice_tb_v2.sv(475)
#    Time: 40195 ns  Iteration: 1  Instance: /lsu_slice_tb_v2
# End time: 04:18:00 on Jun 22,2026, Elapsed time: 0:00:18
# Errors: 0, Warnings: 0

