Reading pref.tcl

# 2021.1

# vsim -c work_regression.lsu_slice_tb_v2 -sv_seed 9 "+SEED=9" "+NUM_OPS=500" -do "run -all; quit -f" 
# Start time: 04:12:39 on Jun 22,2026
# ** Note: (vsim-8009) Loading existing optimized design _opt
# //  Questa Sim-64
# //  Version 2021.1 win64 Jan 19 2021
# //
# //  Copyright 1991-2021 Mentor Graphics Corporation
# //  All Rights Reserved.
# //
# //  QuestaSim and its associated documentation contain trade
# //  secrets and commercial or financial information that are the property of
# //  Mentor Graphics Corporation and are privileged, confidential,
# //  and exempt from disclosure under the Freedom of Information Act,
# //  5 U.S.C. Section 552. Furthermore, this information
# //  is prohibited from disclosure under the Trade Secrets Act,
# //  18 U.S.C. Section 1905.
# //
# Loading sv_std.std
# Loading work.VX_gpu_pkg(fast)
# Loading work.lsu_sequence_item_pkg(fast)
# Loading work.lsu_scoreboard_pkg(fast)
# Loading work.lsu_monitor_pkg(fast)
# Loading work.vx_lsu_slice_tb_v2_sv_unit(fast)
# Loading work.lsu_slice_tb_v2(fast)
# Loading work.VX_lsu_slice(fast)
# Loading work.VX_elastic_buffer(fast__3)
# Loading work.VX_elastic_buffer(fast__4)
# Loading work.VX_stream_arb(fast)
# Loading work.lsu_mem_model_rand_sv_unit(fast)
# Loading work.lsu_mem_model_rand(fast)
# run -all
# [75] [PASS] STORE lane=0 addr=0x100 data=0xdeadbeef op=0xa R:1 W:0
# [225] [PASS] LOAD lane=0 addr=0x100 data=0xdeadbeef exp=0xdeadbeef op=0x2 R:2 W:0
# [235] [PASS] STORE lane=1 addr=0x108 data=0x8001 op=0x9 R:3 W:0
# [315] [PASS] LOAD lane=1 addr=0x108 data=0xffff8001 exp=0xffff8001 op=0x1 R:4 W:0
# [435] [PASS] LOAD lane=1 addr=0x108 data=0x8001 exp=0x8001 op=0x5 R:5 W:0
# [445] [PASS] STORE lane=2 addr=0x10c data=0x80 op=0x8 R:6 W:0
# [535] [PASS] LOAD lane=2 addr=0x10c data=0xffffff80 exp=0xffffff80 op=0x0 R:7 W:0
# [595] [PASS] LOAD lane=2 addr=0x10c data=0x80 exp=0x80 op=0x4 R:8 W:0
# [605] [PASS] STORE lane=3 addr=0x3f8 data=0xa5a5a5a5 op=0xa R:9 W:0
# [765] [PASS] LOAD lane=3 addr=0x3f8 data=0xa5a5a5a5 exp=0xa5a5a5a5 op=0x2 R:10 W:0
# [775] [PASS] STORE lane=0 addr=0x3fc data=0xf00f op=0x9 R:11 W:0
# [835] [PASS] LOAD lane=0 addr=0x3fc data=0xfffff00f exp=0xfffff00f op=0x1 R:12 W:0
# [845] [PASS] STORE lane=1 addr=0x3ff data=0xff op=0x8 R:13 W:0
# [945] [PASS] LOAD lane=1 addr=0x3ff data=0xff exp=0xff op=0x4 R:14 W:0
# [955] [PASS] STORE lane=0 addr=0x500 data=0x11110000 op=0xa R:15 W:0
# [1105] [PASS] LOAD lane=0 addr=0x500 data=0x11110000 exp=0x11110000 op=0x2 R:16 W:0
# [1115] [PASS] STORE lane=0 addr=0x502 data=0x8080 op=0x9 R:17 W:0
# [1255] [PASS] LOAD lane=0 addr=0x502 data=0xffff8080 exp=0xffff8080 op=0x1 R:18 W:0
# [1355] [PASS] LOAD lane=0 addr=0x502 data=0x8080 exp=0x8080 op=0x5 R:19 W:0
# [1365] [PASS] STORE lane=0 addr=0x501 data=0x80 op=0x8 R:20 W:0
# [1505] [PASS] LOAD lane=0 addr=0x501 data=0xffffff80 exp=0xffffff80 op=0x0 R:21 W:0
# [1645] [PASS] LOAD lane=0 addr=0x501 data=0x80 exp=0x80 op=0x4 R:22 W:0
# [1655] [PASS] STORE lane=1 addr=0x510 data=0x10100101 op=0xa R:23 W:0
# [1775] [PASS] LOAD lane=1 addr=0x510 data=0x10100101 exp=0x10100101 op=0x2 R:24 W:0
# [1785] [PASS] STORE lane=1 addr=0x512 data=0x8081 op=0x9 R:25 W:0
# [1915] [PASS] LOAD lane=1 addr=0x512 data=0xffff8081 exp=0xffff8081 op=0x1 R:26 W:0
# [2035] [PASS] LOAD lane=1 addr=0x512 data=0x8081 exp=0x8081 op=0x5 R:27 W:0
# [2045] [PASS] STORE lane=1 addr=0x511 data=0x81 op=0x8 R:28 W:0
# [2205] [PASS] LOAD lane=1 addr=0x511 data=0xffffff81 exp=0xffffff81 op=0x0 R:29 W:0
# [2355] [PASS] LOAD lane=1 addr=0x511 data=0x81 exp=0x81 op=0x4 R:30 W:0
# [2365] [PASS] STORE lane=2 addr=0x520 data=0x13130202 op=0xa R:31 W:0
# [2485] [PASS] LOAD lane=2 addr=0x520 data=0x13130202 exp=0x13130202 op=0x2 R:32 W:0
# [2495] [PASS] STORE lane=2 addr=0x522 data=0x8082 op=0x9 R:33 W:0
# [2555] [PASS] LOAD lane=2 addr=0x522 data=0xffff8082 exp=0xffff8082 op=0x1 R:34 W:0
# [2715] [PASS] LOAD lane=2 addr=0x522 data=0x8082 exp=0x8082 op=0x5 R:35 W:0
# [2725] [PASS] STORE lane=2 addr=0x521 data=0x82 op=0x8 R:36 W:0
# [2865] [PASS] LOAD lane=2 addr=0x521 data=0xffffff82 exp=0xffffff82 op=0x0 R:37 W:0
# [2925] [PASS] LOAD lane=2 addr=0x521 data=0x82 exp=0x82 op=0x4 R:38 W:0
# [2935] [PASS] STORE lane=3 addr=0x530 data=0x12120303 op=0xa R:39 W:0
# [3055] [PASS] LOAD lane=3 addr=0x530 data=0x12120303 exp=0x12120303 op=0x2 R:40 W:0
# [3065] [PASS] STORE lane=3 addr=0x532 data=0x8083 op=0x9 R:41 W:0
# [3205] [PASS] LOAD lane=3 addr=0x532 data=0xffff8083 exp=0xffff8083 op=0x1 R:42 W:0
# [3305] [PASS] LOAD lane=3 addr=0x532 data=0x8083 exp=0x8083 op=0x5 R:43 W:0
# [3315] [PASS] STORE lane=3 addr=0x531 data=0x83 op=0x8 R:44 W:0
# [3435] [PASS] LOAD lane=3 addr=0x531 data=0xffffff83 exp=0xffffff83 op=0x0 R:45 W:0
# [3555] [PASS] LOAD lane=3 addr=0x531 data=0x83 exp=0x83 op=0x4 R:46 W:0
# [3565] [PASS] STORE lane=0 addr=0x700 data=0xa5000000 op=0xa R:47 W:0
# [3785] [PASS] LOAD lane=0 addr=0x700 data=0xa5000000 exp=0xa5000000 op=0x2 R:48 W:0
# [3795] [PASS] STORE lane=0 addr=0x700 data=0x5a000000 op=0xa R:49 W:0
# [3955] [PASS] LOAD lane=0 addr=0x700 data=0x5a000000 exp=0x5a000000 op=0x2 R:50 W:0
# [3965] [PASS] STORE lane=1 addr=0x708 data=0xa5000001 op=0xa R:51 W:0
# [4165] [PASS] LOAD lane=1 addr=0x708 data=0xa5000001 exp=0xa5000001 op=0x2 R:52 W:0
# [4175] [PASS] STORE lane=1 addr=0x708 data=0x5a000001 op=0xa R:53 W:0
# [4325] [PASS] LOAD lane=1 addr=0x708 data=0x5a000001 exp=0x5a000001 op=0x2 R:54 W:0
# [4335] [PASS] STORE lane=2 addr=0x710 data=0xa5000002 op=0xa R:55 W:0
# [4475] [PASS] LOAD lane=2 addr=0x710 data=0xa5000002 exp=0xa5000002 op=0x2 R:56 W:0
# [4485] [PASS] STORE lane=2 addr=0x710 data=0x5a000002 op=0xa R:57 W:0
# [4655] [PASS] LOAD lane=2 addr=0x710 data=0x5a000002 exp=0x5a000002 op=0x2 R:58 W:0
# [4665] [PASS] STORE lane=3 addr=0x718 data=0xa5000003 op=0xa R:59 W:0
# [4855] [PASS] LOAD lane=3 addr=0x718 data=0xa5000003 exp=0xa5000003 op=0x2 R:60 W:0
# [4865] [PASS] STORE lane=3 addr=0x718 data=0x5a000003 op=0xa R:61 W:0
# [5005] [PASS] LOAD lane=3 addr=0x718 data=0x5a000003 exp=0x5a000003 op=0x2 R:62 W:0
# [5015] [PASS] STORE lane=0 addr=0x2fc data=0xa5bcd3ce op=0x9 R:63 W:0
# [5025] [PASS] STORE lane=1 addr=0x7a0 data=0xef8d0bea op=0x9 R:64 W:0
# [5135] [PASS] LOAD lane=3 addr=0xb0 data=0x0 exp=0x0 op=0x0 R:65 W:0
# [5145] [PASS] STORE lane=2 addr=0x130 data=0xd5d320d7 op=0x8 R:66 W:0
# [5155] [PASS] STORE lane=3 addr=0x256 data=0xf73daf13 op=0x8 R:67 W:0
# [5295] [PASS] LOAD lane=1 addr=0x3e3 data=0x0 exp=0x0 op=0x4 R:68 W:0
# [5305] [PASS] STORE lane=0 addr=0x2f4 data=0xa95e090d op=0x8 R:69 W:0
# [5315] [PASS] STORE lane=1 addr=0x32c data=0xd5518b8 op=0x8 R:70 W:0
# [5445] [PASS] LOAD lane=2 addr=0x15a data=0x0 exp=0x0 op=0x1 R:71 W:0
# [5455] [PASS] STORE lane=0 addr=0x12e data=0xefd46e0a op=0x9 R:72 W:0
# [5525] [PASS] LOAD lane=1 addr=0x72c data=0x0 exp=0x0 op=0x5 R:73 W:0
# [5535] [PASS] STORE lane=1 addr=0xa80 data=0xd8118df9 op=0xa R:74 W:0
# [5615] [PASS] LOAD lane=0 addr=0x2f0 data=0x0 exp=0x0 op=0x2 R:75 W:0
# [5725] [PASS] LOAD lane=1 addr=0x3d5 data=0x0 exp=0x0 op=0x4 R:76 W:0
# [5735] [PASS] STORE lane=3 addr=0x7e0 data=0xc5fc8475 op=0x9 R:77 W:0
# [5745] [PASS] STORE lane=1 addr=0x6d4 data=0x876612da op=0x9 R:78 W:0
# [5755] [PASS] STORE lane=1 addr=0x7e4 data=0x587f8f op=0xa R:79 W:0
# [5765] [PASS] STORE lane=0 addr=0x398 data=0x4fb133ae op=0x9 R:80 W:0
# [5775] [PASS] STORE lane=2 addr=0x2a data=0x833ebc27 op=0x9 R:81 W:0
# [5945] [PASS] LOAD lane=0 addr=0x135 data=0x0 exp=0x0 op=0x4 R:82 W:0
# [6065] [PASS] LOAD lane=1 addr=0x20 data=0x0 exp=0x0 op=0x0 R:83 W:0
# [6215] [PASS] LOAD lane=1 addr=0x1d5 data=0x0 exp=0x0 op=0x4 R:84 W:0
# [6225] [PASS] STORE lane=1 addr=0x145 data=0xa7388ff3 op=0x8 R:85 W:0
# [6375] [PASS] LOAD lane=1 addr=0x6a data=0x0 exp=0x0 op=0x1 R:86 W:0
# [6505] [PASS] LOAD lane=1 addr=0xad0 data=0x0 exp=0x0 op=0x2 R:87 W:0
# [6515] [PASS] STORE lane=2 addr=0x708 data=0xde1aefae op=0x9 R:88 W:0
# [6675] [PASS] LOAD lane=2 addr=0x1b8 data=0x0 exp=0x0 op=0x1 R:89 W:0
# [6685] [PASS] STORE lane=3 addr=0x5cc data=0x2b1389ba op=0xa R:90 W:0
# [6835] [PASS] LOAD lane=3 addr=0xb2 data=0x0 exp=0x0 op=0x1 R:91 W:0
# [6845] [PASS] STORE lane=3 addr=0x10f data=0x69a22274 op=0x8 R:92 W:0
# [6855] [PASS] STORE lane=3 addr=0x3b4 data=0xd21f951b op=0x9 R:93 W:0
# [6865] [PASS] STORE lane=1 addr=0x4c4 data=0x70e62d5e op=0x9 R:94 W:0
# [6985] [PASS] LOAD lane=1 addr=0xc0 data=0x0 exp=0x0 op=0x1 R:95 W:0
# [7085] [PASS] LOAD lane=1 addr=0x1d6 data=0x0 exp=0x0 op=0x0 R:96 W:0
# [7205] [PASS] LOAD lane=2 addr=0x116 data=0x0 exp=0x0 op=0x4 R:97 W:0
# [7215] [PASS] STORE lane=2 addr=0xb48 data=0x789201a1 op=0xa R:98 W:0
# [7375] [PASS] LOAD lane=1 addr=0x2b5 data=0x0 exp=0x0 op=0x0 R:99 W:0
# [7475] [PASS] LOAD lane=1 addr=0x6ec data=0x0 exp=0x0 op=0x2 R:100 W:0
# [7595] [PASS] LOAD lane=1 addr=0x363 data=0x0 exp=0x0 op=0x0 R:101 W:0
# [7695] [PASS] LOAD lane=1 addr=0x4a0 data=0x0 exp=0x0 op=0x1 R:102 W:0
# [7845] [PASS] LOAD lane=1 addr=0x40 data=0x0 exp=0x0 op=0x2 R:103 W:0
# [7955] [PASS] LOAD lane=1 addr=0x646 data=0x0 exp=0x0 op=0x1 R:104 W:0
# [7965] [PASS] STORE lane=1 addr=0x1ef data=0x47b6d0f5 op=0x8 R:105 W:0
# [8075] [PASS] LOAD lane=2 addr=0x2d8 data=0x0 exp=0x0 op=0x0 R:106 W:0
# [8195] [PASS] LOAD lane=0 addr=0x239 data=0x0 exp=0x0 op=0x4 R:107 W:0
# [8315] [PASS] LOAD lane=2 addr=0x58 data=0x0 exp=0x0 op=0x4 R:108 W:0
# [8425] [PASS] LOAD lane=3 addr=0x3c0 data=0x0 exp=0x0 op=0x2 R:109 W:0
# [8435] [PASS] STORE lane=2 addr=0x2f5 data=0x9e81e41c op=0x8 R:110 W:0
# [8685] [PASS] LOAD lane=1 addr=0x3ac data=0x0 exp=0x0 op=0x1 R:111 W:0
# [8975] [PASS] LOAD lane=3 addr=0xa8 data=0x0 exp=0x0 op=0x2 R:112 W:0
# [8985] [PASS] STORE lane=2 addr=0x18c data=0x4d3a3b2 op=0x8 R:113 W:0
# [9065] [PASS] LOAD lane=3 addr=0xe94 data=0x0 exp=0x0 op=0x2 R:114 W:0
# [9215] [PASS] LOAD lane=3 addr=0x5f4 data=0x0 exp=0x0 op=0x5 R:115 W:0
# [9225] [PASS] STORE lane=3 addr=0x700 data=0x108eea0a op=0xa R:116 W:0
# [9285] [PASS] LOAD lane=1 addr=0x150 data=0x0 exp=0x0 op=0x2 R:117 W:0
# [9375] [PASS] LOAD lane=3 addr=0x158 data=0x0 exp=0x0 op=0x0 R:118 W:0
# [9385] [PASS] STORE lane=2 addr=0x578 data=0x8dcada74 op=0x9 R:119 W:0
# [9495] [PASS] LOAD lane=3 addr=0x418 data=0x0 exp=0x0 op=0x2 R:120 W:0
# [9625] [PASS] LOAD lane=0 addr=0x49c data=0x0 exp=0x0 op=0x2 R:121 W:0
# [9685] [PASS] LOAD lane=1 addr=0x2d2 data=0x0 exp=0x0 op=0x4 R:122 W:0
# [9695] [PASS] STORE lane=2 addr=0xfc0 data=0xac3b9d1d op=0xa R:123 W:0
# [9765] [PASS] LOAD lane=1 addr=0x2e1 data=0x0 exp=0x0 op=0x4 R:124 W:0
# [9895] [PASS] LOAD lane=2 addr=0x2d8 data=0x0 exp=0x0 op=0x4 R:125 W:0
# [9995] [PASS] LOAD lane=2 addr=0x367 data=0x0 exp=0x0 op=0x4 R:126 W:0
# [10075] [PASS] LOAD lane=2 addr=0x6e4 data=0x0 exp=0x0 op=0x1 R:127 W:0
# [10175] [PASS] LOAD lane=2 addr=0xd0 data=0x0 exp=0x0 op=0x1 R:128 W:0
# [10185] [PASS] STORE lane=3 addr=0xd64 data=0x578939ec op=0xa R:129 W:0
# [10245] [PASS] LOAD lane=1 addr=0x2d4 data=0x0 exp=0x0 op=0x0 R:130 W:0
# [10355] [PASS] LOAD lane=0 addr=0x542 data=0x0 exp=0x0 op=0x1 R:131 W:0
# [10485] [PASS] STORE lane=3 addr=0x134 data=0xf830d97d op=0x9 R:132 W:0
# [10555] [PASS] LOAD lane=3 addr=0x22b data=0x0 exp=0x0 op=0x4 R:133 W:0
# [10565] [PASS] STORE lane=1 addr=0xd2 data=0xa96fccbe op=0x8 R:134 W:0
# [10575] [PASS] STORE lane=3 addr=0x324 data=0x1b7d7b61 op=0xa R:135 W:0
# [10685] [PASS] LOAD lane=2 addr=0x5c0 data=0x0 exp=0x0 op=0x5 R:136 W:0
# [10695] [PASS] STORE lane=3 addr=0x64 data=0xc2c461b3 op=0x8 R:137 W:0
# [10705] [PASS] STORE lane=3 addr=0x3f8 data=0x3c2f4ab7 op=0xa R:138 W:0
# [10975] [PASS] LOAD lane=2 addr=0x1a8 data=0x0 exp=0x0 op=0x0 R:139 W:0
# [10985] [PASS] STORE lane=2 addr=0x8d0 data=0x8ea0c3cd op=0xa R:140 W:0
# [11155] [PASS] LOAD lane=1 addr=0x436 data=0x0 exp=0x0 op=0x1 R:141 W:0
# [11165] [PASS] STORE lane=0 addr=0x154 data=0x141cadeb op=0xa R:142 W:0
# [11285] [PASS] LOAD lane=2 addr=0x22a data=0x0 exp=0x0 op=0x5 R:143 W:0
# [11385] [PASS] LOAD lane=2 addr=0x62c data=0x0 exp=0x0 op=0x2 R:144 W:0
# [11395] [PASS] STORE lane=3 addr=0x176 data=0x62a367e2 op=0x8 R:145 W:0
# [11545] [PASS] LOAD lane=1 addr=0x268 data=0x0 exp=0x0 op=0x4 R:146 W:0
# [11555] [PASS] STORE lane=2 addr=0x370 data=0xe5931300 op=0x8 R:147 W:0
# [11565] [PASS] STORE lane=1 addr=0xd44 data=0xc20ce915 op=0xa R:148 W:0
# [11655] [PASS] LOAD lane=1 addr=0x2bd data=0x0 exp=0x0 op=0x0 R:149 W:0
# [11765] [PASS] LOAD lane=3 addr=0x630 data=0x0 exp=0x0 op=0x5 R:150 W:0
# [11775] [PASS] STORE lane=0 addr=0x4d4 data=0xac04497f op=0xa R:151 W:0
# [11915] [PASS] LOAD lane=3 addr=0x67c data=0x0 exp=0x0 op=0x1 R:152 W:0
# [12015] [PASS] LOAD lane=3 addr=0x7ca data=0x0 exp=0x0 op=0x5 R:153 W:0
# [12025] [PASS] STORE lane=0 addr=0x1ff data=0xc53b10a op=0x8 R:154 W:0
# [12035] [PASS] STORE lane=3 addr=0xbf0 data=0xfa3103e5 op=0xa R:155 W:0
# [12215] [PASS] LOAD lane=2 addr=0x2c1 data=0x0 exp=0x0 op=0x0 R:156 W:0
# [12355] [PASS] LOAD lane=0 addr=0x1ff data=0xa exp=0xa op=0x4 R:157 W:0
# [12475] [PASS] LOAD lane=2 addr=0x77a data=0x0 exp=0x0 op=0x1 R:158 W:0
# [12555] [PASS] LOAD lane=1 addr=0x22d data=0x0 exp=0x0 op=0x0 R:159 W:0
# [12705] [PASS] LOAD lane=0 addr=0x9cc data=0x0 exp=0x0 op=0x2 R:160 W:0
# [12715] [PASS] STORE lane=0 addr=0xa44 data=0x839b3d01 op=0xa R:161 W:0
# [12855] [PASS] LOAD lane=0 addr=0x460 data=0x0 exp=0x0 op=0x2 R:162 W:0
# [12955] [PASS] LOAD lane=1 addr=0x2c3 data=0x0 exp=0x0 op=0x4 R:163 W:0
# [12965] [PASS] STORE lane=2 addr=0x108 data=0xd220fab0 op=0xa R:164 W:0
# [12975] [PASS] STORE lane=2 addr=0x98c data=0xea473648 op=0xa R:165 W:0
# [13075] [PASS] LOAD lane=2 addr=0x1e2 data=0x0 exp=0x0 op=0x4 R:166 W:0
# [13175] [PASS] LOAD lane=0 addr=0x6ac data=0x0 exp=0x0 op=0x5 R:167 W:0
# [13185] [PASS] STORE lane=0 addr=0x1c5 data=0x3a9e4deb op=0x8 R:168 W:0
# [13195] [PASS] STORE lane=3 addr=0x758 data=0x36302848 op=0xa R:169 W:0
# [13435] [PASS] LOAD lane=1 addr=0x55 data=0x0 exp=0x0 op=0x4 R:170 W:0
# [13525] [PASS] LOAD lane=0 addr=0x44 data=0x0 exp=0x0 op=0x0 R:171 W:0
# [13535] [PASS] STORE lane=0 addr=0x7ec data=0xb25c4488 op=0x9 R:172 W:0
# [13545] [PASS] STORE lane=1 addr=0x22d data=0xcc7d5506 op=0x8 R:173 W:0
# [13675] [PASS] STORE lane=3 addr=0xe8c data=0xba7bebee op=0xa R:174 W:0
# [13805] [PASS] LOAD lane=0 addr=0x246 data=0x0 exp=0x0 op=0x1 R:175 W:0
# [13815] [PASS] STORE lane=1 addr=0x313 data=0x35193bd1 op=0x8 R:176 W:0
# [13965] [PASS] LOAD lane=3 addr=0x7ca data=0x0 exp=0x0 op=0x1 R:177 W:0
# [14035] [PASS] LOAD lane=2 addr=0x40c data=0x0 exp=0x0 op=0x5 R:178 W:0
# [14045] [PASS] STORE lane=2 addr=0xe30 data=0x8ca50ca4 op=0xa R:179 W:0
# [14165] [PASS] LOAD lane=0 addr=0x4c2 data=0x0 exp=0x0 op=0x5 R:180 W:0
# [14255] [PASS] LOAD lane=3 addr=0x140 data=0x0 exp=0x0 op=0x1 R:181 W:0
# [14315] [PASS] LOAD lane=2 addr=0x44c data=0x0 exp=0x0 op=0x1 R:182 W:0
# [14375] [PASS] LOAD lane=0 addr=0xdfc data=0x0 exp=0x0 op=0x2 R:183 W:0
# [14525] [PASS] LOAD lane=0 addr=0x808 data=0x0 exp=0x0 op=0x2 R:184 W:0
# [14535] [PASS] STORE lane=2 addr=0x94 data=0xf853cda6 op=0xa R:185 W:0
# [14705] [PASS] LOAD lane=1 addr=0x2ed data=0x0 exp=0x0 op=0x4 R:186 W:0
# [14845] [PASS] LOAD lane=1 addr=0x2fa data=0x0 exp=0x0 op=0x0 R:187 W:0
# [14855] [PASS] STORE lane=1 addr=0xe6c data=0x3a7d40cc op=0xa R:188 W:0
# [14935] [PASS] STORE lane=0 addr=0x3e4 data=0xe66483cd op=0x8 R:189 W:0
# [15095] [PASS] LOAD lane=2 addr=0x750 data=0x0 exp=0x0 op=0x2 R:190 W:0
# [15185] [PASS] LOAD lane=3 addr=0x33a data=0x0 exp=0x0 op=0x0 R:191 W:0
# [15195] [PASS] STORE lane=2 addr=0x8e8 data=0x81603316 op=0xa R:192 W:0
# [15205] [PASS] STORE lane=3 addr=0x678 data=0x60cf8161 op=0xa R:193 W:0
# [15385] [PASS] LOAD lane=3 addr=0x65c data=0x0 exp=0x0 op=0x5 R:194 W:0
# [15395] [PASS] STORE lane=1 addr=0x592 data=0x2ef04497 op=0x9 R:195 W:0
# [15405] [PASS] STORE lane=2 addr=0x75c data=0xbfe3600b op=0xa R:196 W:0
# [15415] [PASS] STORE lane=3 addr=0x17 data=0xf58957ab op=0x8 R:197 W:0
# [15495] [PASS] STORE lane=1 addr=0x20a data=0xd7c898c7 op=0x8 R:198 W:0
# [15505] [PASS] STORE lane=0 addr=0x15a data=0xb6644c62 op=0x9 R:199 W:0
# [15515] [PASS] STORE lane=2 addr=0x358 data=0xdcbd8754 op=0x9 R:200 W:0
# [15535] [PASS] STORE lane=3 addr=0x39a data=0x54c6edb6 op=0x8 R:201 W:0
# [15645] [PASS] LOAD lane=2 addr=0x32e data=0x0 exp=0x0 op=0x4 R:202 W:0
# [15655] [PASS] STORE lane=2 addr=0x257 data=0x306b27 op=0x8 R:203 W:0
# [15665] [PASS] STORE lane=3 addr=0xf60 data=0xbdd3c38b op=0xa R:204 W:0
# [15805] [PASS] LOAD lane=1 addr=0xbfc data=0x0 exp=0x0 op=0x2 R:205 W:0
# [15925] [PASS] LOAD lane=3 addr=0xd8 data=0x0 exp=0x0 op=0x1 R:206 W:0
# [16035] [PASS] LOAD lane=3 addr=0x6b2 data=0x0 exp=0x0 op=0x5 R:207 W:0
# [16155] [PASS] LOAD lane=3 addr=0x222 data=0x0 exp=0x0 op=0x1 R:208 W:0
# [16225] [PASS] LOAD lane=3 addr=0x274 data=0x0 exp=0x0 op=0x4 R:209 W:0
# [16235] [PASS] STORE lane=0 addr=0x5c0 data=0x2d0785fb op=0x9 R:210 W:0
# [16355] [PASS] LOAD lane=2 addr=0x5d data=0x0 exp=0x0 op=0x4 R:211 W:0
# [16365] [PASS] STORE lane=0 addr=0xfe8 data=0xc79f4e66 op=0xa R:212 W:0
# [16425] [PASS] LOAD lane=2 addr=0x226 data=0x0 exp=0x0 op=0x0 R:213 W:0
# [16525] [PASS] LOAD lane=3 addr=0x310 data=0x0 exp=0x0 op=0x5 R:214 W:0
# [16535] [PASS] STORE lane=3 addr=0x14c data=0xcdc16946 op=0xa R:215 W:0
# [16655] [PASS] LOAD lane=1 addr=0x37b data=0x0 exp=0x0 op=0x0 R:216 W:0
# [16735] [PASS] LOAD lane=2 addr=0x1be data=0x0 exp=0x0 op=0x4 R:217 W:0
# [16845] [PASS] LOAD lane=1 addr=0x1c4 data=0x0 exp=0x0 op=0x0 R:218 W:0
# [16995] [PASS] LOAD lane=1 addr=0xd8 data=0x0 exp=0x0 op=0x1 R:219 W:0
# [17005] [PASS] STORE lane=2 addr=0x1f8 data=0x7d53b312 op=0x8 R:220 W:0
# [17015] [PASS] STORE lane=2 addr=0x252 data=0xd14fe6ad op=0x9 R:221 W:0
# [17125] [PASS] LOAD lane=0 addr=0x718 data=0x5a000003 exp=0x5a000003 op=0x2 R:222 W:0
# [17205] [PASS] LOAD lane=2 addr=0x194 data=0x0 exp=0x0 op=0x2 R:223 W:0
# [17215] [PASS] STORE lane=2 addr=0x2f8 data=0x1101ee52 op=0xa R:224 W:0
# [17345] [PASS] LOAD lane=2 addr=0xf58 data=0x0 exp=0x0 op=0x2 R:225 W:0
# [17475] [PASS] LOAD lane=0 addr=0x175 data=0x0 exp=0x0 op=0x0 R:226 W:0
# [17565] [PASS] LOAD lane=1 addr=0x1ba data=0x0 exp=0x0 op=0x4 R:227 W:0
# [17575] [PASS] STORE lane=1 addr=0x22c data=0xbbbb15f0 op=0xa R:228 W:0
# [17585] [PASS] STORE lane=3 addr=0x85c data=0x61755e8d op=0xa R:229 W:0
# [17605] [PASS] STORE lane=0 addr=0x652 data=0xc235aaf op=0x9 R:230 W:0
# [17685] [PASS] LOAD lane=1 addr=0x1e4 data=0x0 exp=0x0 op=0x1 R:231 W:0
# [17695] [PASS] STORE lane=1 addr=0x4d4 data=0x694c4488 op=0xa R:232 W:0
# [17835] [PASS] LOAD lane=1 addr=0x221 data=0x0 exp=0x0 op=0x4 R:233 W:0
# [17885] [PASS] STORE lane=2 addr=0x1b7 data=0xe5f4dc00 op=0x8 R:234 W:0
# [17895] [PASS] STORE lane=1 addr=0xd0 data=0x6f0be44a op=0x8 R:235 W:0
# [17905] [PASS] STORE lane=1 addr=0x9c data=0x615ec82c op=0x8 R:236 W:0
# [18045] [PASS] LOAD lane=0 addr=0xc0 data=0x0 exp=0x0 op=0x1 R:237 W:0
# [18165] [PASS] LOAD lane=1 addr=0x1fe data=0x0 exp=0x0 op=0x4 R:238 W:0
# [18175] [PASS] STORE lane=3 addr=0x974 data=0x74d453dd op=0xa R:239 W:0
# [18185] [PASS] STORE lane=3 addr=0x10b data=0xa3a6e134 op=0x8 R:240 W:0
# [18195] [PASS] STORE lane=1 addr=0x664 data=0x76f359b0 op=0x9 R:241 W:0
# [18205] [PASS] STORE lane=3 addr=0x3de data=0xb8b51c1d op=0x9 R:242 W:0
# [18325] [PASS] LOAD lane=2 addr=0x240 data=0x0 exp=0x0 op=0x4 R:243 W:0
# [18335] [PASS] STORE lane=3 addr=0x72c data=0xd60a5e92 op=0xa R:244 W:0
# [18455] [PASS] STORE lane=1 addr=0x212 data=0xcfaa11ce op=0x8 R:245 W:0
# [18465] [PASS] STORE lane=0 addr=0x5b0 data=0x43369ab op=0x9 R:246 W:0
# [18535] [PASS] LOAD lane=2 addr=0xffc data=0x0 exp=0x0 op=0x2 R:247 W:0
# [18685] [PASS] LOAD lane=0 addr=0x17c data=0x0 exp=0x0 op=0x4 R:248 W:0
# [18815] [PASS] LOAD lane=2 addr=0x2a6 data=0x0 exp=0x0 op=0x4 R:249 W:0
# [18825] [PASS] STORE lane=2 addr=0xbb0 data=0x1bbeb480 op=0xa R:250 W:0
# [18955] [PASS] LOAD lane=0 addr=0xb6 data=0x0 exp=0x0 op=0x4 R:251 W:0
# [19105] [PASS] LOAD lane=0 addr=0x540 data=0x0 exp=0x0 op=0x2 R:252 W:0
# [19115] [PASS] STORE lane=0 addr=0x730 data=0x68e97400 op=0x9 R:253 W:0
# [19195] [PASS] LOAD lane=0 addr=0x6dc data=0x0 exp=0x0 op=0x2 R:254 W:0
# [19325] [PASS] STORE lane=0 addr=0xe08 data=0xd033a29 op=0xa R:255 W:0
# [19335] [PASS] STORE lane=3 addr=0xdf8 data=0x28283aef op=0xa R:256 W:0
# [19395] [PASS] LOAD lane=2 addr=0x7d0 data=0x0 exp=0x0 op=0x5 R:257 W:0
# [19505] [PASS] LOAD lane=3 addr=0x1f7 data=0x0 exp=0x0 op=0x0 R:258 W:0
# [19605] [PASS] STORE lane=2 addr=0x2bd data=0x12260b1 op=0x8 R:259 W:0
# [19705] [PASS] LOAD lane=3 addr=0xfb data=0x0 exp=0x0 op=0x0 R:260 W:0
# [19795] [PASS] LOAD lane=2 addr=0x604 data=0x0 exp=0x0 op=0x5 R:261 W:0
# [19805] [PASS] STORE lane=3 addr=0x242 data=0xa9105b3b op=0x9 R:262 W:0
# [19815] [PASS] STORE lane=2 addr=0x0 data=0x8369c201 op=0x9 R:263 W:0
# [19945] [PASS] LOAD lane=3 addr=0x2a2 data=0x0 exp=0x0 op=0x0 R:264 W:0
# [19955] [PASS] STORE lane=0 addr=0x6a0 data=0xa07f271a op=0x9 R:265 W:0
# [19965] [PASS] STORE lane=3 addr=0xed data=0x5c644580 op=0x8 R:266 W:0
# [19975] [PASS] STORE lane=1 addr=0x702 data=0xcb58780 op=0x9 R:267 W:0
# [20085] [PASS] LOAD lane=3 addr=0x7dc data=0x0 exp=0x0 op=0x1 R:268 W:0
# [20195] [PASS] LOAD lane=1 addr=0x5ee data=0x0 exp=0x0 op=0x1 R:269 W:0
# [20375] [PASS] LOAD lane=1 addr=0x3a9 data=0x0 exp=0x0 op=0x4 R:270 W:0
# [20385] [PASS] STORE lane=3 addr=0xa2 data=0x20992d73 op=0x8 R:271 W:0
# [20635] [PASS] LOAD lane=3 addr=0x202 data=0x0 exp=0x0 op=0x0 R:272 W:0
# [20785] [PASS] LOAD lane=3 addr=0x1c6 data=0x0 exp=0x0 op=0x0 R:273 W:0
# [20795] [PASS] STORE lane=1 addr=0x480 data=0x1125a355 op=0xa R:274 W:0
# [20805] [PASS] STORE lane=1 addr=0x36e data=0x75532519 op=0x8 R:275 W:0
# [20815] [PASS] STORE lane=0 addr=0x3a6 data=0xef756c4 op=0x9 R:276 W:0
# [20985] [PASS] LOAD lane=3 addr=0x2a8 data=0x0 exp=0x0 op=0x1 R:277 W:0
# [21065] [PASS] LOAD lane=3 addr=0x1e7 data=0x0 exp=0x0 op=0x0 R:278 W:0
# [21075] [PASS] STORE lane=0 addr=0xaa data=0xd62a8806 op=0x8 R:279 W:0
# [21205] [PASS] LOAD lane=1 addr=0x341 data=0x0 exp=0x0 op=0x4 R:280 W:0
# [21275] [PASS] LOAD lane=1 addr=0x2c0 data=0x0 exp=0x0 op=0x1 R:281 W:0
# [21285] [PASS] STORE lane=1 addr=0x37 data=0xc09213eb op=0x8 R:282 W:0
# [21415] [PASS] LOAD lane=0 addr=0x22e data=0xffffffbb exp=0xffffffbb op=0x0 R:283 W:0
# [21485] [PASS] LOAD lane=2 addr=0x3ee data=0x0 exp=0x0 op=0x4 R:284 W:0
# [21495] [PASS] STORE lane=0 addr=0x280 data=0xe0b0eac2 op=0xa R:285 W:0
# [21505] [PASS] STORE lane=0 addr=0xee data=0x227ed12 op=0x9 R:286 W:0
# [21675] [PASS] LOAD lane=0 addr=0x6a0 data=0x271a exp=0x271a op=0x5 R:287 W:0
# [21805] [PASS] LOAD lane=1 addr=0x23 data=0x0 exp=0x0 op=0x0 R:288 W:0
# [21915] [PASS] LOAD lane=3 addr=0x359 data=0x87 exp=0x87 op=0x4 R:289 W:0
# [21925] [PASS] STORE lane=3 addr=0x9f data=0xdca80c9f op=0x8 R:290 W:0
# [21935] [PASS] STORE lane=0 addr=0x720 data=0xb598fd62 op=0x9 R:291 W:0
# [21945] [PASS] STORE lane=1 addr=0x3d8 data=0x90bffa18 op=0x8 R:292 W:0
# [21975] [PASS] STORE lane=2 addr=0x3b0 data=0xa320d8b9 op=0xa R:293 W:0
# [22105] [PASS] LOAD lane=0 addr=0x4f0 data=0x0 exp=0x0 op=0x1 R:294 W:0
# [22115] [PASS] STORE lane=2 addr=0x6 data=0xea136e87 op=0x9 R:295 W:0
# [22125] [PASS] STORE lane=3 addr=0x370 data=0x9e74ba99 op=0xa R:296 W:0
# [22265] [PASS] LOAD lane=1 addr=0x31c data=0x0 exp=0x0 op=0x1 R:297 W:0
# [22385] [PASS] LOAD lane=2 addr=0x20f data=0x0 exp=0x0 op=0x4 R:298 W:0
# [22395] [PASS] STORE lane=2 addr=0x460 data=0xce238c1f op=0x9 R:299 W:0
# [22535] [PASS] LOAD lane=1 addr=0x556 data=0x0 exp=0x0 op=0x1 R:300 W:0
# [22545] [PASS] STORE lane=3 addr=0xa44 data=0xed3e743b op=0xa R:301 W:0
# [22555] [PASS] STORE lane=2 addr=0x74c data=0x930031e2 op=0x9 R:302 W:0
# [22565] [PASS] STORE lane=1 addr=0xe2 data=0x30d1779 op=0x9 R:303 W:0
# [22675] [PASS] LOAD lane=2 addr=0x274 data=0x0 exp=0x0 op=0x1 R:304 W:0
# [22755] [PASS] LOAD lane=0 addr=0x2f2 data=0x0 exp=0x0 op=0x4 R:305 W:0
# [22865] [PASS] LOAD lane=2 addr=0x18 data=0x0 exp=0x0 op=0x5 R:306 W:0
# [22955] [PASS] LOAD lane=3 addr=0x4dc data=0x0 exp=0x0 op=0x2 R:307 W:0
# [22965] [PASS] STORE lane=0 addr=0xad0 data=0xad6fbfe0 op=0xa R:308 W:0
# [23085] [PASS] LOAD lane=1 addr=0x234 data=0x0 exp=0x0 op=0x0 R:309 W:0
# [23225] [PASS] LOAD lane=2 addr=0x2e6 data=0x0 exp=0x0 op=0x1 R:310 W:0
# [23295] [PASS] LOAD lane=2 addr=0x54e data=0x0 exp=0x0 op=0x1 R:311 W:0
# [23435] [PASS] STORE lane=1 addr=0xe4 data=0xa47ab87d op=0x8 R:312 W:0
# [23505] [PASS] LOAD lane=0 addr=0x15 data=0x0 exp=0x0 op=0x4 R:313 W:0
# [23565] [PASS] LOAD lane=0 addr=0x12e data=0x6e0a exp=0x6e0a op=0x1 R:314 W:0
# [23625] [PASS] LOAD lane=1 addr=0x64 data=0xffffffb3 exp=0xffffffb3 op=0x0 R:315 W:0
# [23765] [PASS] LOAD lane=0 addr=0x3b4 data=0x951b exp=0x951b op=0x2 R:316 W:0
# [24025] [PASS] LOAD lane=1 addr=0x9a data=0x0 exp=0x0 op=0x0 R:317 W:0
# [24085] [PASS] LOAD lane=3 addr=0x740 data=0x0 exp=0x0 op=0x1 R:318 W:0
# [24095] [PASS] STORE lane=0 addr=0xd28 data=0xa31eea9d op=0xa R:319 W:0
# [24105] [PASS] STORE lane=2 addr=0x70a data=0x3d1e2ca2 op=0x9 R:320 W:0
# [24115] [PASS] STORE lane=0 addr=0x2a data=0xe8da4a76 op=0x9 R:321 W:0
# [24135] [PASS] STORE lane=0 addr=0x160 data=0x63a09006 op=0xa R:322 W:0
# [24265] [PASS] LOAD lane=0 addr=0xf6 data=0x0 exp=0x0 op=0x0 R:323 W:0
# [24395] [PASS] LOAD lane=1 addr=0x3a8 data=0x0 exp=0x0 op=0x5 R:324 W:0
# [24405] [PASS] STORE lane=0 addr=0xd4 data=0x3afdab29 op=0x8 R:325 W:0
# [24465] [PASS] LOAD lane=0 addr=0x161 data=0x90 exp=0x90 op=0x4 R:326 W:0
# [24555] [PASS] LOAD lane=2 addr=0x3e5 data=0x0 exp=0x0 op=0x0 R:327 W:0
# [24675] [PASS] LOAD lane=3 addr=0x1c9 data=0x0 exp=0x0 op=0x0 R:328 W:0
# [24685] [PASS] STORE lane=2 addr=0x580 data=0x4587b2b6 op=0x9 R:329 W:0
# [24775] [PASS] LOAD lane=3 addr=0x4ee data=0x0 exp=0x0 op=0x1 R:330 W:0
# [24885] [PASS] LOAD lane=3 addr=0x7ee data=0x0 exp=0x0 op=0x1 R:331 W:0
# [24895] [PASS] STORE lane=1 addr=0x63c data=0x92ca6f08 op=0x9 R:332 W:0
# [24905] [PASS] STORE lane=3 addr=0x4cc data=0xbac218e2 op=0xa R:333 W:0
# [24915] [PASS] STORE lane=2 addr=0x25c data=0xa79ad323 op=0xa R:334 W:0
# [25035] [PASS] STORE lane=0 addr=0x43c data=0x1f63ac85 op=0x9 R:335 W:0
# [25115] [PASS] LOAD lane=0 addr=0x1e0 data=0x0 exp=0x0 op=0x4 R:336 W:0
# [25215] [PASS] LOAD lane=0 addr=0x17f data=0x0 exp=0x0 op=0x0 R:337 W:0
# [25225] [PASS] STORE lane=3 addr=0x3a data=0xc0528801 op=0x9 R:338 W:0
# [25355] [PASS] LOAD lane=1 addr=0x26f data=0x0 exp=0x0 op=0x0 R:339 W:0
# [25505] [PASS] LOAD lane=3 addr=0xd5 data=0x0 exp=0x0 op=0x4 R:340 W:0
# [25515] [PASS] STORE lane=3 addr=0x42a data=0xb03f24fa op=0x9 R:341 W:0
# [25695] [PASS] LOAD lane=0 addr=0x4c0 data=0x0 exp=0x0 op=0x2 R:342 W:0
# [25815] [PASS] LOAD lane=1 addr=0x3ed data=0x0 exp=0x0 op=0x0 R:343 W:0
# [25825] [PASS] STORE lane=3 addr=0x454 data=0xf1b65f3 op=0xa R:344 W:0
# [25835] [PASS] STORE lane=1 addr=0x60e data=0x7a5f13c9 op=0x9 R:345 W:0
# [25985] [PASS] LOAD lane=0 addr=0x353 data=0x0 exp=0x0 op=0x4 R:346 W:0
# [26115] [PASS] LOAD lane=0 addr=0x59a data=0x0 exp=0x0 op=0x5 R:347 W:0
# [26125] [PASS] STORE lane=2 addr=0x270 data=0x98ff81d2 op=0x8 R:348 W:0
# [26135] [PASS] STORE lane=2 addr=0x614 data=0xb09e7e op=0x9 R:349 W:0
# [26265] [PASS] LOAD lane=3 addr=0x140 data=0x0 exp=0x0 op=0x0 R:350 W:0
# [26275] [PASS] STORE lane=0 addr=0x5e data=0x6e07264 op=0x8 R:351 W:0
# [26425] [PASS] LOAD lane=1 addr=0xe8 data=0x0 exp=0x0 op=0x0 R:352 W:0
# [26505] [PASS] LOAD lane=0 addr=0x6f8 data=0x0 exp=0x0 op=0x1 R:353 W:0
# [26605] [PASS] LOAD lane=1 addr=0x43e data=0x0 exp=0x0 op=0x5 R:354 W:0
# [26615] [PASS] STORE lane=1 addr=0x17f data=0xa2f834f0 op=0x8 R:355 W:0
# [26805] [PASS] LOAD lane=3 addr=0x1a data=0x0 exp=0x0 op=0x1 R:356 W:0
# [26925] [PASS] LOAD lane=0 addr=0x66e data=0x0 exp=0x0 op=0x1 R:357 W:0
# [26935] [PASS] STORE lane=2 addr=0x7fa data=0x1f53ee33 op=0x9 R:358 W:0
# [26995] [PASS] LOAD lane=2 addr=0x2c0 data=0x0 exp=0x0 op=0x4 R:359 W:0
# [27065] [PASS] LOAD lane=3 addr=0x730 data=0x7400 exp=0x7400 op=0x5 R:360 W:0
# [27195] [PASS] LOAD lane=3 addr=0x214 data=0x0 exp=0x0 op=0x4 R:361 W:0
# [27315] [PASS] LOAD lane=1 addr=0x4d4 data=0x694c4488 exp=0x694c4488 op=0x2 R:362 W:0
# [27325] [PASS] STORE lane=0 addr=0x7e data=0x1c88e8a5 op=0x9 R:363 W:0
# [27335] [PASS] STORE lane=1 addr=0x898 data=0xe8b0f73f op=0xa R:364 W:0
# [27425] [PASS] LOAD lane=1 addr=0x311 data=0x0 exp=0x0 op=0x4 R:365 W:0
# [27485] [PASS] LOAD lane=2 addr=0x6e0 data=0x0 exp=0x0 op=0x1 R:366 W:0
# [27495] [PASS] STORE lane=0 addr=0x273 data=0x6adcc13f op=0x8 R:367 W:0
# [27615] [PASS] LOAD lane=3 addr=0x51a data=0x0 exp=0x0 op=0x1 R:368 W:0
# [27625] [PASS] STORE lane=0 addr=0x13c data=0xe977b5d1 op=0xa R:369 W:0
# [27715] [PASS] LOAD lane=1 addr=0x410 data=0x0 exp=0x0 op=0x1 R:370 W:0
# [27815] [PASS] LOAD lane=0 addr=0xb78 data=0x0 exp=0x0 op=0x2 R:371 W:0
# [27925] [PASS] LOAD lane=0 addr=0x24c data=0x0 exp=0x0 op=0x1 R:372 W:0
# [27935] [PASS] STORE lane=1 addr=0x20f data=0x7e5e5147 op=0x8 R:373 W:0
# [27945] [PASS] STORE lane=1 addr=0x470 data=0x51872f5a op=0x9 R:374 W:0
# [27955] [PASS] STORE lane=3 addr=0x17 data=0x9e1a5074 op=0x8 R:375 W:0
# [27965] [PASS] STORE lane=3 addr=0x3b0 data=0xd3aefe1 op=0x9 R:376 W:0
# [27985] [PASS] STORE lane=3 addr=0x6b8 data=0x34eb2157 op=0xa R:377 W:0
# [27995] [PASS] STORE lane=3 addr=0x7a6 data=0xe8216b22 op=0x9 R:378 W:0
# [28005] [PASS] STORE lane=1 addr=0x227 data=0xaa13b46 op=0x8 R:379 W:0
# [28025] [PASS] STORE lane=2 addr=0x238 data=0xdf89d0f3 op=0x8 R:380 W:0
# [28175] [PASS] LOAD lane=1 addr=0x4c2 data=0x0 exp=0x0 op=0x1 R:381 W:0
# [28275] [PASS] LOAD lane=2 addr=0x68a data=0x0 exp=0x0 op=0x1 R:382 W:0
# [28335] [PASS] LOAD lane=1 addr=0x4 data=0x0 exp=0x0 op=0x4 R:383 W:0
# [28345] [PASS] STORE lane=3 addr=0x33f data=0xe5c548e4 op=0x8 R:384 W:0
# [28355] [PASS] STORE lane=1 addr=0xbc0 data=0x7fd0039 op=0xa R:385 W:0
# [28365] [PASS] STORE lane=1 addr=0xc44 data=0xf8bf1f5d op=0xa R:386 W:0
# [28475] [PASS] LOAD lane=0 addr=0xc8 data=0x0 exp=0x0 op=0x2 R:387 W:0
# [28485] [PASS] STORE lane=1 addr=0x3c7 data=0xe6c2edd0 op=0x8 R:388 W:0
# [28555] [PASS] LOAD lane=2 addr=0x29d data=0x0 exp=0x0 op=0x0 R:389 W:0
# [28635] [PASS] LOAD lane=1 addr=0x40a data=0x0 exp=0x0 op=0x5 R:390 W:0
# [28645] [PASS] STORE lane=2 addr=0x974 data=0x9a8a60af op=0xa R:391 W:0
# [28705] [PASS] LOAD lane=1 addr=0x22b data=0x0 exp=0x0 op=0x0 R:392 W:0
# [28795] [PASS] LOAD lane=2 addr=0x2e6 data=0x0 exp=0x0 op=0x1 R:393 W:0
# [28805] [PASS] STORE lane=0 addr=0x94c data=0x4540224b op=0xa R:394 W:0
# [28815] [PASS] STORE lane=2 addr=0x2d0 data=0x69522c57 op=0x9 R:395 W:0
# [28825] [PASS] STORE lane=3 addr=0x1e0 data=0x91b1799c op=0xa R:396 W:0
# [28975] [PASS] LOAD lane=0 addr=0xa60 data=0x0 exp=0x0 op=0x2 R:397 W:0
# [28985] [PASS] STORE lane=1 addr=0x1e data=0x1ee7257e op=0x8 R:398 W:0
# [29075] [PASS] LOAD lane=1 addr=0x40e data=0x0 exp=0x0 op=0x1 R:399 W:0
# [29175] [PASS] LOAD lane=0 addr=0xa4 data=0x0 exp=0x0 op=0x0 R:400 W:0
# [29185] [PASS] STORE lane=1 addr=0x29e data=0xf9fe0d45 op=0x9 R:401 W:0
# [29275] [PASS] LOAD lane=3 addr=0x574 data=0x0 exp=0x0 op=0x5 R:402 W:0
# [29285] [PASS] STORE lane=2 addr=0x148 data=0x19d6532c op=0x9 R:403 W:0
# [29295] [PASS] STORE lane=3 addr=0xf1c data=0x425ceb13 op=0xa R:404 W:0
# [29305] [PASS] STORE lane=1 addr=0x72c data=0x64df206f op=0x9 R:405 W:0
# [29445] [PASS] LOAD lane=1 addr=0x112 data=0x0 exp=0x0 op=0x1 R:406 W:0
# [29555] [PASS] LOAD lane=2 addr=0x2c2 data=0x0 exp=0x0 op=0x1 R:407 W:0
# [29655] [PASS] LOAD lane=0 addr=0x28 data=0x0 exp=0x0 op=0x0 R:408 W:0
# [29785] [PASS] LOAD lane=2 addr=0x1f6 data=0x0 exp=0x0 op=0x0 R:409 W:0
# [29795] [PASS] STORE lane=1 addr=0x2b7 data=0xa2dc17e7 op=0x8 R:410 W:0
# [29855] [PASS] LOAD lane=2 addr=0x2bf data=0x0 exp=0x0 op=0x4 R:411 W:0
# [29925] [PASS] LOAD lane=3 addr=0x6e4 data=0x0 exp=0x0 op=0x2 R:412 W:0
# [29935] [PASS] STORE lane=1 addr=0x334 data=0xe3a0d50f op=0xa R:413 W:0
# [30075] [PASS] LOAD lane=0 addr=0x62 data=0x0 exp=0x0 op=0x1 R:414 W:0
# [30175] [PASS] LOAD lane=3 addr=0x7f4 data=0x0 exp=0x0 op=0x2 R:415 W:0
# [30185] [PASS] STORE lane=3 addr=0x378 data=0xdbfaa90e op=0x8 R:416 W:0
# [30305] [PASS] LOAD lane=0 addr=0x215 data=0x0 exp=0x0 op=0x0 R:417 W:0
# [30445] [PASS] LOAD lane=3 addr=0x2a4 data=0x0 exp=0x0 op=0x4 R:418 W:0
# [30595] [PASS] LOAD lane=3 addr=0x225 data=0x0 exp=0x0 op=0x0 R:419 W:0
# [30605] [PASS] STORE lane=3 addr=0xa44 data=0x1614e6f op=0xa R:420 W:0
# [30735] [PASS] LOAD lane=0 addr=0x5d4 data=0x0 exp=0x0 op=0x5 R:421 W:0
# [30815] [PASS] LOAD lane=3 addr=0x396 data=0x0 exp=0x0 op=0x1 R:422 W:0
# [30825] [PASS] STORE lane=1 addr=0x262 data=0xe604ee92 op=0x8 R:423 W:0
# [30925] [PASS] LOAD lane=2 addr=0x299 data=0x0 exp=0x0 op=0x0 R:424 W:0
# [30935] [PASS] STORE lane=0 addr=0xdf data=0x814566cf op=0x8 R:425 W:0
# [30945] [PASS] STORE lane=1 addr=0x528 data=0x70aa41c2 op=0xa R:426 W:0
# [30955] [PASS] STORE lane=2 addr=0xb84 data=0x98e60b2e op=0xa R:427 W:0
# [30975] [PASS] STORE lane=0 addr=0xd90 data=0x4efa33b8 op=0xa R:428 W:0
# [31135] [PASS] LOAD lane=2 addr=0x351 data=0x0 exp=0x0 op=0x0 R:429 W:0
# [31145] [PASS] STORE lane=3 addr=0x6ec data=0xb9738346 op=0x9 R:430 W:0
# [31245] [PASS] LOAD lane=0 addr=0x2f5 data=0x1c exp=0x1c op=0x4 R:431 W:0
# [31255] [PASS] STORE lane=0 addr=0xfc0 data=0xc0bf2144 op=0xa R:432 W:0
# [31375] [PASS] LOAD lane=0 addr=0x6ea data=0x0 exp=0x0 op=0x1 R:433 W:0
# [31455] [PASS] LOAD lane=3 addr=0xbcc data=0x0 exp=0x0 op=0x2 R:434 W:0
# [31465] [PASS] STORE lane=0 addr=0x3f8 data=0x680b4a78 op=0x8 R:435 W:0
# [31605] [PASS] LOAD lane=1 addr=0x292 data=0x0 exp=0x0 op=0x4 R:436 W:0
# [31675] [PASS] LOAD lane=1 addr=0x3b7 data=0x0 exp=0x0 op=0x0 R:437 W:0
# [31815] [PASS] LOAD lane=1 addr=0x70c data=0x0 exp=0x0 op=0x5 R:438 W:0
# [31885] [PASS] LOAD lane=1 addr=0x4cc data=0x18e2 exp=0x18e2 op=0x1 R:439 W:0
# [31895] [PASS] STORE lane=3 addr=0x370 data=0x1772585b op=0x9 R:440 W:0
# [32005] [PASS] LOAD lane=3 addr=0x854 data=0x0 exp=0x0 op=0x2 R:441 W:0
# [32135] [PASS] LOAD lane=0 addr=0x3ca data=0x0 exp=0x0 op=0x4 R:442 W:0
# [32145] [PASS] STORE lane=1 addr=0x30e data=0x490f8e7 op=0x8 R:443 W:0
# [32295] [PASS] LOAD lane=2 addr=0x5c6 data=0x0 exp=0x0 op=0x1 R:444 W:0
# [32365] [PASS] LOAD lane=1 addr=0x692 data=0x0 exp=0x0 op=0x1 R:445 W:0
# [32475] [PASS] LOAD lane=3 addr=0x217 data=0x0 exp=0x0 op=0x4 R:446 W:0
# [32545] [PASS] LOAD lane=2 addr=0x120 data=0x0 exp=0x0 op=0x5 R:447 W:0
# [32555] [PASS] STORE lane=0 addr=0x28 data=0x38d950c1 op=0xa R:448 W:0
# [32565] [PASS] STORE lane=0 addr=0x742 data=0x41edec88 op=0x9 R:449 W:0
# [32575] [PASS] STORE lane=3 addr=0x8e4 data=0xe516517 op=0xa R:450 W:0
# [32585] [PASS] STORE lane=1 addr=0x544 data=0x647b1ea5 op=0xa R:451 W:0
# [32605] [PASS] STORE lane=0 addr=0x4f8 data=0xd054cb96 op=0xa R:452 W:0
# [32765] [PASS] LOAD lane=1 addr=0x690 data=0x0 exp=0x0 op=0x5 R:453 W:0
# [32775] [PASS] STORE lane=1 addr=0x177 data=0x506e712f op=0x8 R:454 W:0
# [32785] [PASS] STORE lane=3 addr=0x2b4 data=0x8f2e9413 op=0x8 R:455 W:0
# [32955] [PASS] LOAD lane=0 addr=0x628 data=0x0 exp=0x0 op=0x5 R:456 W:0
# [33105] [PASS] LOAD lane=3 addr=0x3b data=0xffffff88 exp=0xffffff88 op=0x0 R:457 W:0
# [33255] [PASS] LOAD lane=3 addr=0x894 data=0x0 exp=0x0 op=0x2 R:458 W:0
# [33265] [PASS] STORE lane=3 addr=0xba0 data=0x374416ac op=0xa R:459 W:0
# [33275] [PASS] STORE lane=3 addr=0x18a data=0xf1e0e54a op=0x9 R:460 W:0
# [33285] [PASS] STORE lane=2 addr=0xe8 data=0x4ae789f7 op=0x9 R:461 W:0
# [33295] [PASS] STORE lane=3 addr=0xb3 data=0xca09e0a3 op=0x8 R:462 W:0
# [33305] [PASS] STORE lane=1 addr=0x272 data=0x54fccb4d op=0x9 R:463 W:0
# [33465] [PASS] LOAD lane=0 addr=0xb8 data=0x0 exp=0x0 op=0x5 R:464 W:0
# [33595] [PASS] LOAD lane=0 addr=0x31a data=0x0 exp=0x0 op=0x4 R:465 W:0
# [33605] [PASS] STORE lane=1 addr=0xd4c data=0xf179aad2 op=0xa R:466 W:0
# [33735] [PASS] LOAD lane=1 addr=0xb34 data=0x0 exp=0x0 op=0x2 R:467 W:0
# [33795] [PASS] LOAD lane=2 addr=0x750 data=0x0 exp=0x0 op=0x1 R:468 W:0
# [33855] [PASS] LOAD lane=2 addr=0xe30 data=0x8ca50ca4 exp=0x8ca50ca4 op=0x2 R:469 W:0
# [33865] [PASS] STORE lane=1 addr=0x2c data=0x625f4284 op=0x8 R:470 W:0
# [33955] [PASS] LOAD lane=3 addr=0xf9c data=0x0 exp=0x0 op=0x2 R:471 W:0
# [33965] [PASS] STORE lane=2 addr=0x52 data=0x1b795948 op=0x9 R:472 W:0
# [33975] [PASS] STORE lane=3 addr=0x7d data=0x2655c142 op=0x8 R:473 W:0
# [34095] [PASS] LOAD lane=1 addr=0x2b5 data=0x0 exp=0x0 op=0x4 R:474 W:0
# [34105] [PASS] STORE lane=3 addr=0x704 data=0x9e59add9 op=0x9 R:475 W:0
# [34215] [PASS] LOAD lane=2 addr=0x144 data=0xf300 exp=0xf300 op=0x2 R:476 W:0
# [34335] [PASS] LOAD lane=0 addr=0x2ca data=0x0 exp=0x0 op=0x1 R:477 W:0
# [34475] [PASS] LOAD lane=2 addr=0x3a8 data=0x0 exp=0x0 op=0x4 R:478 W:0
# [34565] [PASS] LOAD lane=2 addr=0x25c data=0xa79ad323 exp=0xa79ad323 op=0x2 R:479 W:0
# [34575] [PASS] STORE lane=0 addr=0x2c7 data=0xf8f9f2f1 op=0x8 R:480 W:0
# [34585] [PASS] STORE lane=0 addr=0x39e data=0x74fbba03 op=0x9 R:481 W:0
# [34595] [PASS] STORE lane=2 addr=0xb68 data=0x53b2458d op=0xa R:482 W:0
# [34675] [PASS] LOAD lane=1 addr=0x44c data=0x0 exp=0x0 op=0x5 R:483 W:0
# [34685] [PASS] STORE lane=3 addr=0x810 data=0xd6844ae2 op=0xa R:484 W:0
# [34785] [PASS] LOAD lane=1 addr=0x240 data=0x0 exp=0x0 op=0x1 R:485 W:0
# [34795] [PASS] STORE lane=2 addr=0x78 data=0x92ff4fe9 op=0x9 R:486 W:0
# [34805] [PASS] STORE lane=3 addr=0x3a0 data=0x8e90ea87 op=0xa R:487 W:0
# [34955] [PASS] LOAD lane=2 addr=0x3da data=0x0 exp=0x0 op=0x5 R:488 W:0
# [34965] [PASS] STORE lane=0 addr=0x25c data=0xd8fbfcb0 op=0x8 R:489 W:0
# [34975] [PASS] STORE lane=3 addr=0x2e0 data=0xbe33e0c5 op=0x8 R:490 W:0
# [34985] [PASS] STORE lane=0 addr=0x738 data=0x4602a90 op=0xa R:491 W:0
# [34995] [PASS] STORE lane=3 addr=0x778 data=0x52ab9ac7 op=0xa R:492 W:0
# [35155] [PASS] LOAD lane=2 addr=0x2ec data=0x0 exp=0x0 op=0x2 R:493 W:0
# [35165] [PASS] STORE lane=1 addr=0xf68 data=0xa04390a0 op=0xa R:494 W:0
# [35245] [PASS] LOAD lane=0 addr=0xcc data=0x0 exp=0x0 op=0x4 R:495 W:0
# [35255] [PASS] STORE lane=3 addr=0x2d4 data=0xc8704c7 op=0x8 R:496 W:0
# [35365] [PASS] LOAD lane=0 addr=0x9b0 data=0x0 exp=0x0 op=0x2 R:497 W:0
# [35375] [PASS] STORE lane=1 addr=0x68e data=0x5b6416b9 op=0x9 R:498 W:0
# [35435] [PASS] LOAD lane=1 addr=0x106 data=0x0 exp=0x0 op=0x0 R:499 W:0
# [35445] [PASS] STORE lane=3 addr=0x4e4 data=0xca99c25c op=0xa R:500 W:0
# [35455] [PASS] STORE lane=1 addr=0xdc data=0x13d01b26 op=0xa R:501 W:0
# [35565] [PASS] LOAD lane=0 addr=0x320 data=0x0 exp=0x0 op=0x4 R:502 W:0
# [35665] [PASS] STORE lane=2 addr=0x7d8 data=0x39f7e0b8 op=0x9 R:503 W:0
# [35735] [PASS] LOAD lane=2 addr=0x372 data=0xffff9e74 exp=0xffff9e74 op=0x1 R:504 W:0
# [35745] [PASS] STORE lane=3 addr=0x3f6 data=0xd83c6cf1 op=0x9 R:505 W:0
# [35825] [PASS] LOAD lane=1 addr=0x16c data=0x0 exp=0x0 op=0x5 R:506 W:0
# [35895] [PASS] LOAD lane=2 addr=0x688 data=0x0 exp=0x0 op=0x2 R:507 W:0
# [36025] [PASS] LOAD lane=1 addr=0xcac data=0x0 exp=0x0 op=0x2 R:508 W:0
# [36035] [PASS] STORE lane=2 addr=0x18a data=0x342be3f3 op=0x8 R:509 W:0
# [36045] [PASS] STORE lane=2 addr=0x4c6 data=0xf7c0d040 op=0x9 R:510 W:0
# [36055] [PASS] STORE lane=0 addr=0x62 data=0xf272b80a op=0x8 R:511 W:0
# [36185] [PASS] STORE lane=1 addr=0x34c data=0x1e0ddd77 op=0x8 R:512 W:0
# [36195] [PASS] STORE lane=2 addr=0x2f3 data=0x3889f56f op=0x8 R:513 W:0
# [36265] [PASS] LOAD lane=2 addr=0x7b data=0x0 exp=0x0 op=0x4 R:514 W:0
# [36365] [PASS] LOAD lane=3 addr=0x4aa data=0x0 exp=0x0 op=0x1 R:515 W:0
# [36375] [PASS] STORE lane=1 addr=0x104 data=0xac1652b7 op=0x9 R:516 W:0
# [36485] [PASS] LOAD lane=2 addr=0x8c0 data=0x0 exp=0x0 op=0x2 R:517 W:0
# [36495] [PASS] STORE lane=2 addr=0x2e6 data=0xfacf004 op=0x8 R:518 W:0
# [36505] [PASS] STORE lane=2 addr=0x3ca data=0x178047ad op=0x8 R:519 W:0
# [36515] [PASS] STORE lane=3 addr=0x4fc data=0x39845da6 op=0xa R:520 W:0
# [36595] [PASS] STORE lane=0 addr=0x86 data=0x197cd570 op=0x8 R:521 W:0
# [36715] [PASS] LOAD lane=1 addr=0x210 data=0x0 exp=0x0 op=0x4 R:522 W:0
# [36725] [PASS] STORE lane=1 addr=0x0 data=0x3b356bc2 op=0x8 R:523 W:0
# [36735] [PASS] STORE lane=2 addr=0x51 data=0xdd43e848 op=0x8 R:524 W:0
# [36815] [PASS] LOAD lane=2 addr=0x1a6 data=0x0 exp=0x0 op=0x1 R:525 W:0
# [36905] [PASS] LOAD lane=1 addr=0x216 data=0x0 exp=0x0 op=0x4 R:526 W:0
# [37005] [PASS] LOAD lane=3 addr=0x5a data=0x0 exp=0x0 op=0x5 R:527 W:0
# [37065] [PASS] LOAD lane=0 addr=0xb9 data=0x0 exp=0x0 op=0x0 R:528 W:0
# [37075] [PASS] STORE lane=1 addr=0x42 data=0xbb596b99 op=0x9 R:529 W:0
# [37185] [PASS] LOAD lane=0 addr=0xb40 data=0x0 exp=0x0 op=0x2 R:530 W:0
# [37265] [PASS] LOAD lane=0 addr=0xf0c data=0x0 exp=0x0 op=0x2 R:531 W:0
# [37275] [PASS] STORE lane=1 addr=0x86 data=0xeb4224be op=0x8 R:532 W:0
# [37435] [PASS] LOAD lane=2 addr=0x248 data=0x0 exp=0x0 op=0x5 R:533 W:0
# [37515] [PASS] LOAD lane=0 addr=0xba data=0x0 exp=0x0 op=0x4 R:534 W:0
# SCOREBOARD total=534 pass=534 fail=0
# COVERAGE issue_cov=91.67%
# LSU_V2 PASSED
# ** Note: $finish    : tb/tests/vx_lsu_slice_tb_v2.sv(475)
#    Time: 38015 ns  Iteration: 1  Instance: /lsu_slice_tb_v2
# End time: 04:13:00 on Jun 22,2026, Elapsed time: 0:00:21
# Errors: 0, Warnings: 0

